[0.008s] Invoking command in '/home/uav/ura-drone-2025/ros2_ws/src/build/crazyflie_examples': AMENT_PREFIX_PATH=/home/uav/ura-drone-2025/ros2_ws/src/install/crazyflie_py:/home/uav/ura-drone-2025/ros2_ws/src/install/crazyflie_interfaces:${AMENT_PREFIX_PATH} CMAKE_PREFIX_PATH=/home/uav/ura-drone-2025/ros2_ws/src/install/crazyflie_interfaces:/home/uav/ura-drone-2025/ros2_ws/install/crazyflie_test:/opt/ros/humble LD_LIBRARY_PATH=/home/uav/ura-drone-2025/ros2_ws/src/install/crazyflie_interfaces/lib:${LD_LIBRARY_PATH} PYTHONPATH=/home/uav/ura-drone-2025/ros2_ws/src/install/crazyflie_py/lib/python3.10/site-packages:/home/uav/ura-drone-2025/ros2_ws/src/install/crazyflie_interfaces/local/lib/python3.10/dist-packages:${PYTHONPATH} /usr/bin/cmake --build /home/uav/ura-drone-2025/ros2_ws/src/build/crazyflie_examples -- -j12 -l12
[0.053s] Built target ament_cmake_python_copy_crazyflie_examples_setup
[0.056s] Built target ament_cmake_python_copy_crazyflie_examples
[0.225s] running egg_info
[0.225s] writing crazyflie_examples.egg-info/PKG-INFO
[0.226s] writing dependency_links to crazyflie_examples.egg-info/dependency_links.txt
[0.226s] writing entry points to crazyflie_examples.egg-info/entry_points.txt
[0.226s] writing top-level names to crazyflie_examples.egg-info/top_level.txt
[0.227s] reading manifest file 'crazyflie_examples.egg-info/SOURCES.txt'
[0.228s] writing manifest file 'crazyflie_examples.egg-info/SOURCES.txt'
[0.248s] Built target ament_cmake_python_build_crazyflie_examples_egg
[0.305s] running install_scripts
[0.306s] /usr/lib/python3/dist-packages/setuptools/command/install.py:34: SetuptoolsDeprecationWarning: setup.py install is deprecated. Use build and pip and other standards-based tools.
[0.307s]   warnings.warn(
[0.320s] running egg_info
[0.321s] writing crazyflie_examples.egg-info/PKG-INFO
[0.321s] writing dependency_links to crazyflie_examples.egg-info/dependency_links.txt
[0.321s] writing entry points to crazyflie_examples.egg-info/entry_points.txt
[0.321s] writing top-level names to crazyflie_examples.egg-info/top_level.txt
[0.322s] reading manifest file 'crazyflie_examples.egg-info/SOURCES.txt'
[0.323s] writing manifest file 'crazyflie_examples.egg-info/SOURCES.txt'
[0.324s] Installing arming script to scripts
[0.324s] Installing cmd_full_state script to scripts
[0.324s] Installing figure8 script to scripts
[0.324s] Installing group_mask script to scripts
[0.324s] Installing hello_world script to scripts
[0.324s] Installing infinite_flight script to scripts
[0.324s] Installing multi_trajectory script to scripts
[0.324s] Installing nice_hover script to scripts
[0.325s] Installing set_param script to scripts
[0.325s] Installing swap script to scripts
[0.348s] Built target ament_cmake_python_build_crazyflie_examples_scripts
[0.359s] Invoked command in '/home/uav/ura-drone-2025/ros2_ws/src/build/crazyflie_examples' returned '0': AMENT_PREFIX_PATH=/home/uav/ura-drone-2025/ros2_ws/src/install/crazyflie_py:/home/uav/ura-drone-2025/ros2_ws/src/install/crazyflie_interfaces:${AMENT_PREFIX_PATH} CMAKE_PREFIX_PATH=/home/uav/ura-drone-2025/ros2_ws/src/install/crazyflie_interfaces:/home/uav/ura-drone-2025/ros2_ws/install/crazyflie_test:/opt/ros/humble LD_LIBRARY_PATH=/home/uav/ura-drone-2025/ros2_ws/src/install/crazyflie_interfaces/lib:${LD_LIBRARY_PATH} PYTHONPATH=/home/uav/ura-drone-2025/ros2_ws/src/install/crazyflie_py/lib/python3.10/site-packages:/home/uav/ura-drone-2025/ros2_ws/src/install/crazyflie_interfaces/local/lib/python3.10/dist-packages:${PYTHONPATH} /usr/bin/cmake --build /home/uav/ura-drone-2025/ros2_ws/src/build/crazyflie_examples -- -j12 -l12
[0.360s] Invoking command in '/home/uav/ura-drone-2025/ros2_ws/src/build/crazyflie_examples': AMENT_PREFIX_PATH=/home/uav/ura-drone-2025/ros2_ws/src/install/crazyflie_py:/home/uav/ura-drone-2025/ros2_ws/src/install/crazyflie_interfaces:${AMENT_PREFIX_PATH} CMAKE_PREFIX_PATH=/home/uav/ura-drone-2025/ros2_ws/src/install/crazyflie_interfaces:/home/uav/ura-drone-2025/ros2_ws/install/crazyflie_test:/opt/ros/humble LD_LIBRARY_PATH=/home/uav/ura-drone-2025/ros2_ws/src/install/crazyflie_interfaces/lib:${LD_LIBRARY_PATH} PYTHONPATH=/home/uav/ura-drone-2025/ros2_ws/src/install/crazyflie_py/lib/python3.10/site-packages:/home/uav/ura-drone-2025/ros2_ws/src/install/crazyflie_interfaces/local/lib/python3.10/dist-packages:${PYTHONPATH} /usr/bin/cmake --install /home/uav/ura-drone-2025/ros2_ws/src/build/crazyflie_examples
[0.366s] -- Install configuration: ""
[0.366s] -- Up-to-date: /home/uav/ura-drone-2025/ros2_ws/src/install/crazyflie_examples/share/crazyflie_examples/environment/pythonpath.sh
[0.366s] -- Up-to-date: /home/uav/ura-drone-2025/ros2_ws/src/install/crazyflie_examples/share/crazyflie_examples/environment/pythonpath.dsv
[0.366s] -- Up-to-date: /home/uav/ura-drone-2025/ros2_ws/src/install/crazyflie_examples/local/lib/python3.10/dist-packages/crazyflie_examples-1.0.3-py3.10.egg-info
[0.366s] -- Installing: /home/uav/ura-drone-2025/ros2_ws/src/install/crazyflie_examples/local/lib/python3.10/dist-packages/crazyflie_examples-1.0.3-py3.10.egg-info/PKG-INFO
[0.366s] -- Installing: /home/uav/ura-drone-2025/ros2_ws/src/install/crazyflie_examples/local/lib/python3.10/dist-packages/crazyflie_examples-1.0.3-py3.10.egg-info/top_level.txt
[0.366s] -- Installing: /home/uav/ura-drone-2025/ros2_ws/src/install/crazyflie_examples/local/lib/python3.10/dist-packages/crazyflie_examples-1.0.3-py3.10.egg-info/SOURCES.txt
[0.366s] -- Installing: /home/uav/ura-drone-2025/ros2_ws/src/install/crazyflie_examples/local/lib/python3.10/dist-packages/crazyflie_examples-1.0.3-py3.10.egg-info/entry_points.txt
[0.366s] -- Installing: /home/uav/ura-drone-2025/ros2_ws/src/install/crazyflie_examples/local/lib/python3.10/dist-packages/crazyflie_examples-1.0.3-py3.10.egg-info/dependency_links.txt
[0.366s] -- Up-to-date: /home/uav/ura-drone-2025/ros2_ws/src/install/crazyflie_examples/lib/crazyflie_examples/
[0.366s] -- Installing: /home/uav/ura-drone-2025/ros2_ws/src/install/crazyflie_examples/lib/crazyflie_examples//multi_trajectory
[0.367s] -- Installing: /home/uav/ura-drone-2025/ros2_ws/src/install/crazyflie_examples/lib/crazyflie_examples//set_param
[0.367s] -- Installing: /home/uav/ura-drone-2025/ros2_ws/src/install/crazyflie_examples/lib/crazyflie_examples//figure8
[0.367s] -- Installing: /home/uav/ura-drone-2025/ros2_ws/src/install/crazyflie_examples/lib/crazyflie_examples//group_mask
[0.367s] -- Installing: /home/uav/ura-drone-2025/ros2_ws/src/install/crazyflie_examples/lib/crazyflie_examples//hello_world
[0.367s] -- Installing: /home/uav/ura-drone-2025/ros2_ws/src/install/crazyflie_examples/lib/crazyflie_examples//swap
[0.367s] -- Installing: /home/uav/ura-drone-2025/ros2_ws/src/install/crazyflie_examples/lib/crazyflie_examples//arming
[0.367s] -- Installing: /home/uav/ura-drone-2025/ros2_ws/src/install/crazyflie_examples/lib/crazyflie_examples//nice_hover
[0.367s] -- Installing: /home/uav/ura-drone-2025/ros2_ws/src/install/crazyflie_examples/lib/crazyflie_examples//infinite_flight
[0.367s] -- Installing: /home/uav/ura-drone-2025/ros2_ws/src/install/crazyflie_examples/lib/crazyflie_examples//cmd_full_state
[0.367s] -- Up-to-date: /home/uav/ura-drone-2025/ros2_ws/src/install/crazyflie_examples/local/lib/python3.10/dist-packages/crazyflie_examples
[0.367s] -- Up-to-date: /home/uav/ura-drone-2025/ros2_ws/src/install/crazyflie_examples/local/lib/python3.10/dist-packages/crazyflie_examples/figure8.py
[0.367s] -- Up-to-date: /home/uav/ura-drone-2025/ros2_ws/src/install/crazyflie_examples/local/lib/python3.10/dist-packages/crazyflie_examples/arming.py
[0.367s] -- Up-to-date: /home/uav/ura-drone-2025/ros2_ws/src/install/crazyflie_examples/local/lib/python3.10/dist-packages/crazyflie_examples/multi_trajectory.py
[0.367s] -- Up-to-date: /home/uav/ura-drone-2025/ros2_ws/src/install/crazyflie_examples/local/lib/python3.10/dist-packages/crazyflie_examples/group_mask.py
[0.367s] -- Up-to-date: /home/uav/ura-drone-2025/ros2_ws/src/install/crazyflie_examples/local/lib/python3.10/dist-packages/crazyflie_examples/cmd_full_state.py
[0.367s] -- Up-to-date: /home/uav/ura-drone-2025/ros2_ws/src/install/crazyflie_examples/local/lib/python3.10/dist-packages/crazyflie_examples/data
[0.368s] -- Up-to-date: /home/uav/ura-drone-2025/ros2_ws/src/install/crazyflie_examples/local/lib/python3.10/dist-packages/crazyflie_examples/data/multi_trajectory
[0.368s] -- Up-to-date: /home/uav/ura-drone-2025/ros2_ws/src/install/crazyflie_examples/local/lib/python3.10/dist-packages/crazyflie_examples/data/multi_trajectory/traj0.csv
[0.368s] -- Up-to-date: /home/uav/ura-drone-2025/ros2_ws/src/install/crazyflie_examples/local/lib/python3.10/dist-packages/crazyflie_examples/data/multi_trajectory/traj1.csv
[0.368s] -- Up-to-date: /home/uav/ura-drone-2025/ros2_ws/src/install/crazyflie_examples/local/lib/python3.10/dist-packages/crazyflie_examples/data/figure8.csv
[0.368s] -- Up-to-date: /home/uav/ura-drone-2025/ros2_ws/src/install/crazyflie_examples/local/lib/python3.10/dist-packages/crazyflie_examples/infinite_flight.py
[0.368s] -- Up-to-date: /home/uav/ura-drone-2025/ros2_ws/src/install/crazyflie_examples/local/lib/python3.10/dist-packages/crazyflie_examples/nice_hover.py
[0.368s] -- Up-to-date: /home/uav/ura-drone-2025/ros2_ws/src/install/crazyflie_examples/local/lib/python3.10/dist-packages/crazyflie_examples/hello_world.py
[0.368s] -- Up-to-date: /home/uav/ura-drone-2025/ros2_ws/src/install/crazyflie_examples/local/lib/python3.10/dist-packages/crazyflie_examples/swap.py
[0.368s] -- Up-to-date: /home/uav/ura-drone-2025/ros2_ws/src/install/crazyflie_examples/local/lib/python3.10/dist-packages/crazyflie_examples/set_param.py
[0.368s] -- Up-to-date: /home/uav/ura-drone-2025/ros2_ws/src/install/crazyflie_examples/local/lib/python3.10/dist-packages/crazyflie_examples/__init__.py
[0.389s] Listing '/home/uav/ura-drone-2025/ros2_ws/src/install/crazyflie_examples/local/lib/python3.10/dist-packages/crazyflie_examples'...
[0.389s] Listing '/home/uav/ura-drone-2025/ros2_ws/src/install/crazyflie_examples/local/lib/python3.10/dist-packages/crazyflie_examples/data'...
[0.390s] Listing '/home/uav/ura-drone-2025/ros2_ws/src/install/crazyflie_examples/local/lib/python3.10/dist-packages/crazyflie_examples/data/multi_trajectory'...
[0.393s] -- Up-to-date: /home/uav/ura-drone-2025/ros2_ws/src/install/crazyflie_examples/share/crazyflie_examples//config
[0.393s] -- Up-to-date: /home/uav/ura-drone-2025/ros2_ws/src/install/crazyflie_examples/share/crazyflie_examples//config/nav2_params.yaml
[0.393s] -- Up-to-date: /home/uav/ura-drone-2025/ros2_ws/src/install/crazyflie_examples/share/crazyflie_examples//config/slam_params.yaml
[0.393s] -- Up-to-date: /home/uav/ura-drone-2025/ros2_ws/src/install/crazyflie_examples/share/crazyflie_examples//config/nav2_view.rviz
[0.393s] -- Up-to-date: /home/uav/ura-drone-2025/ros2_ws/src/install/crazyflie_examples/share/crazyflie_examples//data
[0.393s] -- Up-to-date: /home/uav/ura-drone-2025/ros2_ws/src/install/crazyflie_examples/share/crazyflie_examples//data/map.yaml
[0.393s] -- Up-to-date: /home/uav/ura-drone-2025/ros2_ws/src/install/crazyflie_examples/share/crazyflie_examples//data/map.posegraph
[0.393s] -- Up-to-date: /home/uav/ura-drone-2025/ros2_ws/src/install/crazyflie_examples/share/crazyflie_examples//data/map.pgm
[0.393s] -- Up-to-date: /home/uav/ura-drone-2025/ros2_ws/src/install/crazyflie_examples/share/crazyflie_examples//data/map.data
[0.393s] -- Up-to-date: /home/uav/ura-drone-2025/ros2_ws/src/install/crazyflie_examples/share/crazyflie_examples//launch
[0.393s] -- Up-to-date: /home/uav/ura-drone-2025/ros2_ws/src/install/crazyflie_examples/share/crazyflie_examples//launch/multiranger_mapping_launch.py
[0.393s] -- Up-to-date: /home/uav/ura-drone-2025/ros2_ws/src/install/crazyflie_examples/share/crazyflie_examples//launch/multiranger_nav2_launch.py
[0.393s] -- Up-to-date: /home/uav/ura-drone-2025/ros2_ws/src/install/crazyflie_examples/share/crazyflie_examples//launch/keyboard_velmux_launch.py
[0.394s] -- Up-to-date: /home/uav/ura-drone-2025/ros2_ws/src/install/crazyflie_examples/share/crazyflie_examples//launch/launch.py
[0.394s] -- Up-to-date: /home/uav/ura-drone-2025/ros2_ws/src/install/crazyflie_examples/share/crazyflie_examples//launch/multiranger_simple_mapper_launch.py
[0.394s] -- Up-to-date: /home/uav/ura-drone-2025/ros2_ws/src/install/crazyflie_examples/share/ament_index/resource_index/package_run_dependencies/crazyflie_examples
[0.394s] -- Up-to-date: /home/uav/ura-drone-2025/ros2_ws/src/install/crazyflie_examples/share/ament_index/resource_index/parent_prefix_path/crazyflie_examples
[0.394s] -- Up-to-date: /home/uav/ura-drone-2025/ros2_ws/src/install/crazyflie_examples/share/crazyflie_examples/environment/ament_prefix_path.sh
[0.394s] -- Up-to-date: /home/uav/ura-drone-2025/ros2_ws/src/install/crazyflie_examples/share/crazyflie_examples/environment/ament_prefix_path.dsv
[0.394s] -- Up-to-date: /home/uav/ura-drone-2025/ros2_ws/src/install/crazyflie_examples/share/crazyflie_examples/environment/path.sh
[0.394s] -- Up-to-date: /home/uav/ura-drone-2025/ros2_ws/src/install/crazyflie_examples/share/crazyflie_examples/environment/path.dsv
[0.394s] -- Up-to-date: /home/uav/ura-drone-2025/ros2_ws/src/install/crazyflie_examples/share/crazyflie_examples/local_setup.bash
[0.394s] -- Up-to-date: /home/uav/ura-drone-2025/ros2_ws/src/install/crazyflie_examples/share/crazyflie_examples/local_setup.sh
[0.394s] -- Up-to-date: /home/uav/ura-drone-2025/ros2_ws/src/install/crazyflie_examples/share/crazyflie_examples/local_setup.zsh
[0.394s] -- Up-to-date: /home/uav/ura-drone-2025/ros2_ws/src/install/crazyflie_examples/share/crazyflie_examples/local_setup.dsv
[0.394s] -- Up-to-date: /home/uav/ura-drone-2025/ros2_ws/src/install/crazyflie_examples/share/crazyflie_examples/package.dsv
[0.394s] -- Up-to-date: /home/uav/ura-drone-2025/ros2_ws/src/install/crazyflie_examples/share/ament_index/resource_index/packages/crazyflie_examples
[0.394s] -- Up-to-date: /home/uav/ura-drone-2025/ros2_ws/src/install/crazyflie_examples/share/crazyflie_examples/cmake/crazyflie_examplesConfig.cmake
[0.394s] -- Up-to-date: /home/uav/ura-drone-2025/ros2_ws/src/install/crazyflie_examples/share/crazyflie_examples/cmake/crazyflie_examplesConfig-version.cmake
[0.394s] -- Up-to-date: /home/uav/ura-drone-2025/ros2_ws/src/install/crazyflie_examples/share/crazyflie_examples/package.xml
[0.395s] Invoked command in '/home/uav/ura-drone-2025/ros2_ws/src/build/crazyflie_examples' returned '0': AMENT_PREFIX_PATH=/home/uav/ura-drone-2025/ros2_ws/src/install/crazyflie_py:/home/uav/ura-drone-2025/ros2_ws/src/install/crazyflie_interfaces:${AMENT_PREFIX_PATH} CMAKE_PREFIX_PATH=/home/uav/ura-drone-2025/ros2_ws/src/install/crazyflie_interfaces:/home/uav/ura-drone-2025/ros2_ws/install/crazyflie_test:/opt/ros/humble LD_LIBRARY_PATH=/home/uav/ura-drone-2025/ros2_ws/src/install/crazyflie_interfaces/lib:${LD_LIBRARY_PATH} PYTHONPATH=/home/uav/ura-drone-2025/ros2_ws/src/install/crazyflie_py/lib/python3.10/site-packages:/home/uav/ura-drone-2025/ros2_ws/src/install/crazyflie_interfaces/local/lib/python3.10/dist-packages:${PYTHONPATH} /usr/bin/cmake --install /home/uav/ura-drone-2025/ros2_ws/src/build/crazyflie_examples
