[0.149s] DEBUG:colcon:Command line arguments: ['/usr/bin/colcon', 'build', '--symlink-install']
[0.149s] DEBUG:colcon:Parsed command line arguments: Namespace(log_base=None, log_level=None, verb_name='build', build_base='build', install_base='install', merge_install=False, symlink_install=True, test_result_base=None, continue_on_error=False, executor='parallel', parallel_workers=12, event_handlers=None, ignore_user_meta=False, metas=['./colcon.meta'], base_paths=['.'], packages_ignore=None, packages_ignore_regex=None, paths=None, packages_up_to=None, packages_up_to_regex=None, packages_above=None, packages_above_and_dependencies=None, packages_above_depth=None, packages_select_by_dep=None, packages_skip_by_dep=None, packages_skip_up_to=None, packages_select_build_failed=False, packages_skip_build_finished=False, packages_select_test_failures=False, packages_skip_test_passed=False, packages_select=None, packages_skip=None, packages_select_regex=None, packages_skip_regex=None, packages_start=None, packages_end=None, allow_overriding=[], cmake_args=None, cmake_target=None, cmake_target_skip_unavailable=False, cmake_clean_cache=False, cmake_clean_first=False, cmake_force_configure=False, ament_cmake_args=None, catkin_cmake_args=None, catkin_skip_building_tests=False, mixin_files=None, mixin=None, verb_parser=<colcon_mixin.mixin.mixin_argument.MixinArgumentDecorator object at 0x74be0e698070>, verb_extension=<colcon_core.verb.build.BuildVerb object at 0x74be0e667580>, main=<bound method BuildVerb.main of <colcon_core.verb.build.BuildVerb object at 0x74be0e667580>>, mixin_verb=('build',))
[0.331s] Level 1:colcon.colcon_core.package_discovery:discover_packages(colcon_meta) check parameters
[0.331s] Level 1:colcon.colcon_core.package_discovery:discover_packages(recursive) check parameters
[0.331s] Level 1:colcon.colcon_core.package_discovery:discover_packages(ignore) check parameters
[0.331s] Level 1:colcon.colcon_core.package_discovery:discover_packages(path) check parameters
[0.331s] Level 1:colcon.colcon_core.package_discovery:discover_packages(colcon_meta) discover
[0.331s] Level 1:colcon.colcon_core.package_discovery:discover_packages(recursive) discover
[0.331s] INFO:colcon.colcon_core.package_discovery:Crawling recursively for packages in '/home/uav/ura-drone-2025/ros2_ws/src/hover_controller'
[0.331s] Level 1:colcon.colcon_core.package_identification:_identify(.) by extensions ['ignore', 'ignore_ament_install']
[0.331s] Level 1:colcon.colcon_core.package_identification:_identify(.) by extension 'ignore'
[0.331s] Level 1:colcon.colcon_core.package_identification:_identify(.) by extension 'ignore_ament_install'
[0.331s] Level 1:colcon.colcon_core.package_identification:_identify(.) by extensions ['colcon_pkg']
[0.331s] Level 1:colcon.colcon_core.package_identification:_identify(.) by extension 'colcon_pkg'
[0.331s] Level 1:colcon.colcon_core.package_identification:_identify(.) by extensions ['colcon_meta']
[0.331s] Level 1:colcon.colcon_core.package_identification:_identify(.) by extension 'colcon_meta'
[0.331s] Level 1:colcon.colcon_core.package_identification:_identify(.) by extensions ['ros']
[0.331s] Level 1:colcon.colcon_core.package_identification:_identify(.) by extension 'ros'
[0.345s] Level 1:colcon.colcon_core.package_identification:_identify(.) by extensions ['cmake', 'python']
[0.345s] Level 1:colcon.colcon_core.package_identification:_identify(.) by extension 'cmake'
[0.345s] Level 1:colcon.colcon_core.package_identification:_identify(.) by extension 'python'
[0.345s] Level 1:colcon.colcon_core.package_identification:_identify(.) by extensions ['python_setup_py']
[0.345s] Level 1:colcon.colcon_core.package_identification:_identify(.) by extension 'python_setup_py'
[0.345s] Level 1:colcon.colcon_core.package_identification:_identify(build) by extensions ['ignore', 'ignore_ament_install']
[0.345s] Level 1:colcon.colcon_core.package_identification:_identify(build) by extension 'ignore'
[0.345s] Level 1:colcon.colcon_core.package_identification:_identify(build) ignored
[0.345s] Level 1:colcon.colcon_core.package_identification:_identify(install) by extensions ['ignore', 'ignore_ament_install']
[0.345s] Level 1:colcon.colcon_core.package_identification:_identify(install) by extension 'ignore'
[0.345s] Level 1:colcon.colcon_core.package_identification:_identify(install) ignored
[0.345s] Level 1:colcon.colcon_core.package_identification:_identify(log) by extensions ['ignore', 'ignore_ament_install']
[0.345s] Level 1:colcon.colcon_core.package_identification:_identify(log) by extension 'ignore'
[0.345s] Level 1:colcon.colcon_core.package_identification:_identify(log) ignored
[0.345s] Level 1:colcon.colcon_core.package_identification:_identify(p2p_controller) by extensions ['ignore', 'ignore_ament_install']
[0.345s] Level 1:colcon.colcon_core.package_identification:_identify(p2p_controller) by extension 'ignore'
[0.345s] Level 1:colcon.colcon_core.package_identification:_identify(p2p_controller) by extension 'ignore_ament_install'
[0.345s] Level 1:colcon.colcon_core.package_identification:_identify(p2p_controller) by extensions ['colcon_pkg']
[0.345s] Level 1:colcon.colcon_core.package_identification:_identify(p2p_controller) by extension 'colcon_pkg'
[0.345s] Level 1:colcon.colcon_core.package_identification:_identify(p2p_controller) by extensions ['colcon_meta']
[0.345s] Level 1:colcon.colcon_core.package_identification:_identify(p2p_controller) by extension 'colcon_meta'
[0.345s] Level 1:colcon.colcon_core.package_identification:_identify(p2p_controller) by extensions ['ros']
[0.345s] Level 1:colcon.colcon_core.package_identification:_identify(p2p_controller) by extension 'ros'
[0.348s] DEBUG:colcon.colcon_core.package_identification:Package 'p2p_controller' with type 'ros.ament_python' and name 'p2p_controller'
[0.348s] Level 1:colcon.colcon_core.package_identification:_identify(p2p_interfaces) by extensions ['ignore', 'ignore_ament_install']
[0.348s] Level 1:colcon.colcon_core.package_identification:_identify(p2p_interfaces) by extension 'ignore'
[0.348s] Level 1:colcon.colcon_core.package_identification:_identify(p2p_interfaces) by extension 'ignore_ament_install'
[0.348s] Level 1:colcon.colcon_core.package_identification:_identify(p2p_interfaces) by extensions ['colcon_pkg']
[0.348s] Level 1:colcon.colcon_core.package_identification:_identify(p2p_interfaces) by extension 'colcon_pkg'
[0.348s] Level 1:colcon.colcon_core.package_identification:_identify(p2p_interfaces) by extensions ['colcon_meta']
[0.348s] Level 1:colcon.colcon_core.package_identification:_identify(p2p_interfaces) by extension 'colcon_meta'
[0.348s] Level 1:colcon.colcon_core.package_identification:_identify(p2p_interfaces) by extensions ['ros']
[0.349s] Level 1:colcon.colcon_core.package_identification:_identify(p2p_interfaces) by extension 'ros'
[0.349s] DEBUG:colcon.colcon_core.package_identification:Package 'p2p_interfaces' with type 'ros.catkin' and name 'p2p_interfaces'
[0.349s] Level 1:colcon.colcon_core.package_discovery:discover_packages(recursive) using defaults
[0.349s] Level 1:colcon.colcon_core.package_discovery:discover_packages(ignore) discover
[0.349s] Level 1:colcon.colcon_core.package_discovery:discover_packages(ignore) using defaults
[0.349s] Level 1:colcon.colcon_core.package_discovery:discover_packages(path) discover
[0.349s] Level 1:colcon.colcon_core.package_discovery:discover_packages(path) using defaults
[0.368s] Level 1:colcon.colcon_core.package_discovery:discover_packages(prefix_path) check parameters
[0.368s] Level 1:colcon.colcon_core.package_discovery:discover_packages(prefix_path) discover
[0.369s] DEBUG:colcon.colcon_installed_package_information.package_discovery:Found 312 installed packages in /opt/ros/humble
[0.371s] Level 1:colcon.colcon_core.package_discovery:discover_packages(prefix_path) using defaults
[0.391s] Level 5:colcon.colcon_core.verb:set package 'p2p_interfaces' build argument 'cmake_args' from command line to 'None'
[0.391s] Level 5:colcon.colcon_core.verb:set package 'p2p_interfaces' build argument 'cmake_target' from command line to 'None'
[0.391s] Level 5:colcon.colcon_core.verb:set package 'p2p_interfaces' build argument 'cmake_target_skip_unavailable' from command line to 'False'
[0.391s] Level 5:colcon.colcon_core.verb:set package 'p2p_interfaces' build argument 'cmake_clean_cache' from command line to 'False'
[0.391s] Level 5:colcon.colcon_core.verb:set package 'p2p_interfaces' build argument 'cmake_clean_first' from command line to 'False'
[0.391s] Level 5:colcon.colcon_core.verb:set package 'p2p_interfaces' build argument 'cmake_force_configure' from command line to 'False'
[0.391s] Level 5:colcon.colcon_core.verb:set package 'p2p_interfaces' build argument 'ament_cmake_args' from command line to 'None'
[0.391s] Level 5:colcon.colcon_core.verb:set package 'p2p_interfaces' build argument 'catkin_cmake_args' from command line to 'None'
[0.391s] Level 5:colcon.colcon_core.verb:set package 'p2p_interfaces' build argument 'catkin_skip_building_tests' from command line to 'False'
[0.391s] DEBUG:colcon.colcon_core.verb:Building package 'p2p_interfaces' with the following arguments: {'ament_cmake_args': None, 'build_base': '/home/uav/ura-drone-2025/ros2_ws/src/hover_controller/build/p2p_interfaces', 'catkin_cmake_args': None, 'catkin_skip_building_tests': False, 'cmake_args': None, 'cmake_clean_cache': False, 'cmake_clean_first': False, 'cmake_force_configure': False, 'cmake_target': None, 'cmake_target_skip_unavailable': False, 'install_base': '/home/uav/ura-drone-2025/ros2_ws/src/hover_controller/install/p2p_interfaces', 'merge_install': False, 'path': '/home/uav/ura-drone-2025/ros2_ws/src/hover_controller/p2p_interfaces', 'symlink_install': True, 'test_result_base': None}
[0.392s] Level 5:colcon.colcon_core.verb:set package 'p2p_controller' build argument 'cmake_args' from command line to 'None'
[0.392s] Level 5:colcon.colcon_core.verb:set package 'p2p_controller' build argument 'cmake_target' from command line to 'None'
[0.392s] Level 5:colcon.colcon_core.verb:set package 'p2p_controller' build argument 'cmake_target_skip_unavailable' from command line to 'False'
[0.392s] Level 5:colcon.colcon_core.verb:set package 'p2p_controller' build argument 'cmake_clean_cache' from command line to 'False'
[0.392s] Level 5:colcon.colcon_core.verb:set package 'p2p_controller' build argument 'cmake_clean_first' from command line to 'False'
[0.392s] Level 5:colcon.colcon_core.verb:set package 'p2p_controller' build argument 'cmake_force_configure' from command line to 'False'
[0.392s] Level 5:colcon.colcon_core.verb:set package 'p2p_controller' build argument 'ament_cmake_args' from command line to 'None'
[0.392s] Level 5:colcon.colcon_core.verb:set package 'p2p_controller' build argument 'catkin_cmake_args' from command line to 'None'
[0.392s] Level 5:colcon.colcon_core.verb:set package 'p2p_controller' build argument 'catkin_skip_building_tests' from command line to 'False'
[0.392s] DEBUG:colcon.colcon_core.verb:Building package 'p2p_controller' with the following arguments: {'ament_cmake_args': None, 'build_base': '/home/uav/ura-drone-2025/ros2_ws/src/hover_controller/build/p2p_controller', 'catkin_cmake_args': None, 'catkin_skip_building_tests': False, 'cmake_args': None, 'cmake_clean_cache': False, 'cmake_clean_first': False, 'cmake_force_configure': False, 'cmake_target': None, 'cmake_target_skip_unavailable': False, 'install_base': '/home/uav/ura-drone-2025/ros2_ws/src/hover_controller/install/p2p_controller', 'merge_install': False, 'path': '/home/uav/ura-drone-2025/ros2_ws/src/hover_controller/p2p_controller', 'symlink_install': True, 'test_result_base': None}
[0.392s] INFO:colcon.colcon_core.executor:Executing jobs using 'parallel' executor
[0.393s] DEBUG:colcon.colcon_parallel_executor.executor.parallel:run_until_complete
[0.393s] INFO:colcon.colcon_ros.task.catkin.build:Building ROS package in '/home/uav/ura-drone-2025/ros2_ws/src/hover_controller/p2p_interfaces' with build type 'catkin'
[0.393s] INFO:colcon.colcon_cmake.task.cmake.build:Building CMake package in '/home/uav/ura-drone-2025/ros2_ws/src/hover_controller/p2p_interfaces'
[0.395s] INFO:colcon.colcon_core.plugin_system:Skipping extension 'colcon_core.shell.bat': Not used on non-Windows systems
[0.395s] INFO:colcon.colcon_core.shell:Skip shell extension 'powershell' for command environment: Not usable outside of PowerShell
[0.395s] DEBUG:colcon.colcon_core.shell:Skip shell extension 'dsv' for command environment
[0.399s] DEBUG:colcon.colcon_core.event_handler.log_command:Invoking command in '/home/uav/ura-drone-2025/ros2_ws/src/hover_controller/build/p2p_interfaces': /usr/bin/cmake /home/uav/ura-drone-2025/ros2_ws/src/hover_controller/p2p_interfaces -DCATKIN_INSTALL_INTO_PREFIX_ROOT=0 -DCATKIN_SYMLINK_INSTALL=ON -DCMAKE_INSTALL_PREFIX=/home/uav/ura-drone-2025/ros2_ws/src/hover_controller/install/p2p_interfaces
[1.645s] DEBUG:colcon.colcon_core.event_handler.log_command:Invoked command in '/home/uav/ura-drone-2025/ros2_ws/src/hover_controller/build/p2p_interfaces' returned '0': /usr/bin/cmake /home/uav/ura-drone-2025/ros2_ws/src/hover_controller/p2p_interfaces -DCATKIN_INSTALL_INTO_PREFIX_ROOT=0 -DCATKIN_SYMLINK_INSTALL=ON -DCMAKE_INSTALL_PREFIX=/home/uav/ura-drone-2025/ros2_ws/src/hover_controller/install/p2p_interfaces
[1.646s] DEBUG:colcon.colcon_core.event_handler.log_command:Invoking command in '/home/uav/ura-drone-2025/ros2_ws/src/hover_controller/build/p2p_interfaces': /usr/bin/cmake --build /home/uav/ura-drone-2025/ros2_ws/src/hover_controller/build/p2p_interfaces -- -j12 -l12
[3.751s] DEBUG:colcon.colcon_core.event_handler.log_command:Invoked command in '/home/uav/ura-drone-2025/ros2_ws/src/hover_controller/build/p2p_interfaces' returned '0': /usr/bin/cmake --build /home/uav/ura-drone-2025/ros2_ws/src/hover_controller/build/p2p_interfaces -- -j12 -l12
[3.760s] DEBUG:colcon.colcon_core.event_handler.log_command:Invoking command in '/home/uav/ura-drone-2025/ros2_ws/src/hover_controller/build/p2p_interfaces': /usr/bin/cmake --install /home/uav/ura-drone-2025/ros2_ws/src/hover_controller/build/p2p_interfaces
[3.803s] DEBUG:colcon.colcon_core.event_handler.log_command:Invoked command in '/home/uav/ura-drone-2025/ros2_ws/src/hover_controller/build/p2p_interfaces' returned '0': /usr/bin/cmake --install /home/uav/ura-drone-2025/ros2_ws/src/hover_controller/build/p2p_interfaces
[3.804s] Level 1:colcon.colcon_core.shell:create_environment_hook('p2p_interfaces', 'ros_package_path')
[3.804s] INFO:colcon.colcon_core.shell:Creating environment hook '/home/uav/ura-drone-2025/ros2_ws/src/hover_controller/install/p2p_interfaces/share/p2p_interfaces/hook/ros_package_path.ps1'
[3.805s] INFO:colcon.colcon_core.shell:Creating environment descriptor '/home/uav/ura-drone-2025/ros2_ws/src/hover_controller/install/p2p_interfaces/share/p2p_interfaces/hook/ros_package_path.dsv'
[3.805s] INFO:colcon.colcon_core.shell:Creating environment hook '/home/uav/ura-drone-2025/ros2_ws/src/hover_controller/install/p2p_interfaces/share/p2p_interfaces/hook/ros_package_path.sh'
[3.806s] Level 1:colcon.colcon_ros.task.catkin:checking '/home/uav/ura-drone-2025/ros2_ws/src/hover_controller/install/p2p_interfaces/local/lib/python3.10/dist-packages'
[3.806s] Level 1:colcon.colcon_core.shell:create_environment_hook('p2p_interfaces', 'catkin_pythonpath')
[3.806s] INFO:colcon.colcon_core.shell:Creating environment hook '/home/uav/ura-drone-2025/ros2_ws/src/hover_controller/install/p2p_interfaces/share/p2p_interfaces/hook/catkin_pythonpath.ps1'
[3.806s] INFO:colcon.colcon_core.shell:Creating environment descriptor '/home/uav/ura-drone-2025/ros2_ws/src/hover_controller/install/p2p_interfaces/share/p2p_interfaces/hook/catkin_pythonpath.dsv'
[3.807s] INFO:colcon.colcon_core.shell:Creating environment hook '/home/uav/ura-drone-2025/ros2_ws/src/hover_controller/install/p2p_interfaces/share/p2p_interfaces/hook/catkin_pythonpath.sh'
[3.807s] Level 1:colcon.colcon_core.shell:create_environment_hook('p2p_interfaces', 'pkg_config_path')
[3.807s] INFO:colcon.colcon_core.shell:Creating environment hook '/home/uav/ura-drone-2025/ros2_ws/src/hover_controller/install/p2p_interfaces/share/p2p_interfaces/hook/pkg_config_path.ps1'
[3.807s] INFO:colcon.colcon_core.shell:Creating environment descriptor '/home/uav/ura-drone-2025/ros2_ws/src/hover_controller/install/p2p_interfaces/share/p2p_interfaces/hook/pkg_config_path.dsv'
[3.807s] INFO:colcon.colcon_core.shell:Creating environment hook '/home/uav/ura-drone-2025/ros2_ws/src/hover_controller/install/p2p_interfaces/share/p2p_interfaces/hook/pkg_config_path.sh'
[3.809s] Level 1:colcon.colcon_core.shell:create_environment_hook('p2p_interfaces', 'pkg_config_path_multiarch')
[3.809s] INFO:colcon.colcon_core.shell:Creating environment hook '/home/uav/ura-drone-2025/ros2_ws/src/hover_controller/install/p2p_interfaces/share/p2p_interfaces/hook/pkg_config_path_multiarch.ps1'
[3.809s] INFO:colcon.colcon_core.shell:Creating environment descriptor '/home/uav/ura-drone-2025/ros2_ws/src/hover_controller/install/p2p_interfaces/share/p2p_interfaces/hook/pkg_config_path_multiarch.dsv'
[3.809s] INFO:colcon.colcon_core.shell:Creating environment hook '/home/uav/ura-drone-2025/ros2_ws/src/hover_controller/install/p2p_interfaces/share/p2p_interfaces/hook/pkg_config_path_multiarch.sh'
[3.810s] Level 1:colcon.colcon_core.environment:create_environment_scripts_only(p2p_interfaces)
[3.812s] Level 1:colcon.colcon_core.environment:checking '/home/uav/ura-drone-2025/ros2_ws/src/hover_controller/install/p2p_interfaces' for CMake module files
[3.813s] Level 1:colcon.colcon_core.environment:checking '/home/uav/ura-drone-2025/ros2_ws/src/hover_controller/install/p2p_interfaces' for CMake config files
[3.813s] Level 1:colcon.colcon_core.shell:create_environment_hook('p2p_interfaces', 'cmake_prefix_path')
[3.813s] INFO:colcon.colcon_core.shell:Creating environment hook '/home/uav/ura-drone-2025/ros2_ws/src/hover_controller/install/p2p_interfaces/share/p2p_interfaces/hook/cmake_prefix_path.ps1'
[3.813s] INFO:colcon.colcon_core.shell:Creating environment descriptor '/home/uav/ura-drone-2025/ros2_ws/src/hover_controller/install/p2p_interfaces/share/p2p_interfaces/hook/cmake_prefix_path.dsv'
[3.813s] INFO:colcon.colcon_core.shell:Creating environment hook '/home/uav/ura-drone-2025/ros2_ws/src/hover_controller/install/p2p_interfaces/share/p2p_interfaces/hook/cmake_prefix_path.sh'
[3.814s] Level 1:colcon.colcon_core.environment:checking '/home/uav/ura-drone-2025/ros2_ws/src/hover_controller/install/p2p_interfaces/lib'
[3.814s] Level 1:colcon.colcon_core.shell:create_environment_hook('p2p_interfaces', 'ld_library_path_lib')
[3.814s] INFO:colcon.colcon_core.shell:Creating environment hook '/home/uav/ura-drone-2025/ros2_ws/src/hover_controller/install/p2p_interfaces/share/p2p_interfaces/hook/ld_library_path_lib.ps1'
[3.814s] INFO:colcon.colcon_core.shell:Creating environment descriptor '/home/uav/ura-drone-2025/ros2_ws/src/hover_controller/install/p2p_interfaces/share/p2p_interfaces/hook/ld_library_path_lib.dsv'
[3.814s] INFO:colcon.colcon_core.shell:Creating environment hook '/home/uav/ura-drone-2025/ros2_ws/src/hover_controller/install/p2p_interfaces/share/p2p_interfaces/hook/ld_library_path_lib.sh'
[3.814s] Level 1:colcon.colcon_core.environment:checking '/home/uav/ura-drone-2025/ros2_ws/src/hover_controller/install/p2p_interfaces/bin'
[3.814s] Level 1:colcon.colcon_core.environment:checking '/home/uav/ura-drone-2025/ros2_ws/src/hover_controller/install/p2p_interfaces/lib/pkgconfig/p2p_interfaces.pc'
[3.815s] Level 1:colcon.colcon_core.environment:checking '/home/uav/ura-drone-2025/ros2_ws/src/hover_controller/install/p2p_interfaces/lib/python3.10/site-packages'
[3.815s] Level 1:colcon.colcon_core.environment:checking '/home/uav/ura-drone-2025/ros2_ws/src/hover_controller/install/p2p_interfaces/bin'
[3.815s] INFO:colcon.colcon_core.shell:Creating package script '/home/uav/ura-drone-2025/ros2_ws/src/hover_controller/install/p2p_interfaces/share/p2p_interfaces/package.ps1'
[3.815s] INFO:colcon.colcon_core.shell:Creating package descriptor '/home/uav/ura-drone-2025/ros2_ws/src/hover_controller/install/p2p_interfaces/share/p2p_interfaces/package.dsv'
[3.816s] INFO:colcon.colcon_core.shell:Creating package script '/home/uav/ura-drone-2025/ros2_ws/src/hover_controller/install/p2p_interfaces/share/p2p_interfaces/package.sh'
[3.816s] INFO:colcon.colcon_core.shell:Creating package script '/home/uav/ura-drone-2025/ros2_ws/src/hover_controller/install/p2p_interfaces/share/p2p_interfaces/package.bash'
[3.817s] INFO:colcon.colcon_core.shell:Creating package script '/home/uav/ura-drone-2025/ros2_ws/src/hover_controller/install/p2p_interfaces/share/p2p_interfaces/package.zsh'
[3.817s] Level 1:colcon.colcon_core.environment:create_file_with_runtime_dependencies(/home/uav/ura-drone-2025/ros2_ws/src/hover_controller/install/p2p_interfaces/share/colcon-core/packages/p2p_interfaces)
[3.817s] INFO:colcon.colcon_ros.task.ament_python.build:Building ROS package in '/home/uav/ura-drone-2025/ros2_ws/src/hover_controller/p2p_controller' with build type 'ament_python'
[3.817s] Level 1:colcon.colcon_core.shell:create_environment_hook('p2p_controller', 'ament_prefix_path')
[3.818s] INFO:colcon.colcon_core.shell:Creating environment hook '/home/uav/ura-drone-2025/ros2_ws/src/hover_controller/install/p2p_controller/share/p2p_controller/hook/ament_prefix_path.ps1'
[3.818s] INFO:colcon.colcon_core.shell:Creating environment descriptor '/home/uav/ura-drone-2025/ros2_ws/src/hover_controller/install/p2p_controller/share/p2p_controller/hook/ament_prefix_path.dsv'
[3.818s] INFO:colcon.colcon_core.shell:Creating environment hook '/home/uav/ura-drone-2025/ros2_ws/src/hover_controller/install/p2p_controller/share/p2p_controller/hook/ament_prefix_path.sh'
[3.819s] INFO:colcon.colcon_core.shell:Skip shell extension 'powershell' for command environment: Not usable outside of PowerShell
[3.819s] DEBUG:colcon.colcon_core.shell:Skip shell extension 'dsv' for command environment
[3.993s] INFO:colcon.colcon_core.task.python.build:Building Python package in '/home/uav/ura-drone-2025/ros2_ws/src/hover_controller/p2p_controller'
[3.993s] INFO:colcon.colcon_core.shell:Skip shell extension 'powershell' for command environment: Not usable outside of PowerShell
[3.993s] DEBUG:colcon.colcon_core.shell:Skip shell extension 'dsv' for command environment
[4.307s] DEBUG:colcon.colcon_core.event_handler.log_command:Invoking command in '/home/uav/ura-drone-2025/ros2_ws/src/hover_controller/build/p2p_controller': CMAKE_PREFIX_PATH=/home/uav/ura-drone-2025/ros2_ws/src/hover_controller/install/p2p_interfaces LD_LIBRARY_PATH=/home/uav/ura-drone-2025/ros2_ws/src/hover_controller/install/p2p_interfaces/lib:${LD_LIBRARY_PATH} PKG_CONFIG_PATH=/home/uav/ura-drone-2025/ros2_ws/src/hover_controller/install/p2p_interfaces/lib/x86_64-linux-gnu/pkgconfig:/home/uav/ura-drone-2025/ros2_ws/src/hover_controller/install/p2p_interfaces/lib/pkgconfig PYTHONPATH=/home/uav/ura-drone-2025/ros2_ws/src/hover_controller/build/p2p_controller/prefix_override:/usr/lib/python3/dist-packages/colcon_core/task/python/colcon_distutils_commands:/home/uav/ura-drone-2025/ros2_ws/src/hover_controller/install/p2p_controller/lib/python3.10/site-packages:/home/uav/ura-drone-2025/ros2_ws/src/hover_controller/install/p2p_interfaces/local/lib/python3.10/dist-packages:${PYTHONPATH} ROS_PACKAGE_PATH=/home/uav/ura-drone-2025/ros2_ws/src/hover_controller/install/p2p_interfaces/share /usr/bin/python3 -W ignore:setup.py install is deprecated -W ignore:easy_install command is deprecated setup.py develop --editable --build-directory /home/uav/ura-drone-2025/ros2_ws/src/hover_controller/build/p2p_controller/build --no-deps symlink_data
[4.644s] Level 1:colcon.colcon_core.shell:create_environment_hook('p2p_controller', 'pythonpath_develop')
[4.645s] DEBUG:colcon.colcon_core.event_handler.log_command:Invoked command in '/home/uav/ura-drone-2025/ros2_ws/src/hover_controller/build/p2p_controller' returned '0': CMAKE_PREFIX_PATH=/home/uav/ura-drone-2025/ros2_ws/src/hover_controller/install/p2p_interfaces LD_LIBRARY_PATH=/home/uav/ura-drone-2025/ros2_ws/src/hover_controller/install/p2p_interfaces/lib:${LD_LIBRARY_PATH} PKG_CONFIG_PATH=/home/uav/ura-drone-2025/ros2_ws/src/hover_controller/install/p2p_interfaces/lib/x86_64-linux-gnu/pkgconfig:/home/uav/ura-drone-2025/ros2_ws/src/hover_controller/install/p2p_interfaces/lib/pkgconfig PYTHONPATH=/home/uav/ura-drone-2025/ros2_ws/src/hover_controller/build/p2p_controller/prefix_override:/usr/lib/python3/dist-packages/colcon_core/task/python/colcon_distutils_commands:/home/uav/ura-drone-2025/ros2_ws/src/hover_controller/install/p2p_controller/lib/python3.10/site-packages:/home/uav/ura-drone-2025/ros2_ws/src/hover_controller/install/p2p_interfaces/local/lib/python3.10/dist-packages:${PYTHONPATH} ROS_PACKAGE_PATH=/home/uav/ura-drone-2025/ros2_ws/src/hover_controller/install/p2p_interfaces/share /usr/bin/python3 -W ignore:setup.py install is deprecated -W ignore:easy_install command is deprecated setup.py develop --editable --build-directory /home/uav/ura-drone-2025/ros2_ws/src/hover_controller/build/p2p_controller/build --no-deps symlink_data
[4.645s] INFO:colcon.colcon_core.shell:Creating environment hook '/home/uav/ura-drone-2025/ros2_ws/src/hover_controller/build/p2p_controller/share/p2p_controller/hook/pythonpath_develop.ps1'
[4.646s] INFO:colcon.colcon_core.shell:Creating environment descriptor '/home/uav/ura-drone-2025/ros2_ws/src/hover_controller/build/p2p_controller/share/p2p_controller/hook/pythonpath_develop.dsv'
[4.646s] INFO:colcon.colcon_core.shell:Creating environment hook '/home/uav/ura-drone-2025/ros2_ws/src/hover_controller/build/p2p_controller/share/p2p_controller/hook/pythonpath_develop.sh'
[4.646s] Level 1:colcon.colcon_core.environment:checking '/home/uav/ura-drone-2025/ros2_ws/src/hover_controller/install/p2p_controller' for CMake module files
[4.647s] Level 1:colcon.colcon_core.environment:checking '/home/uav/ura-drone-2025/ros2_ws/src/hover_controller/install/p2p_controller' for CMake config files
[4.647s] Level 1:colcon.colcon_core.environment:checking '/home/uav/ura-drone-2025/ros2_ws/src/hover_controller/install/p2p_controller/lib'
[4.647s] Level 1:colcon.colcon_core.environment:checking '/home/uav/ura-drone-2025/ros2_ws/src/hover_controller/install/p2p_controller/bin'
[4.647s] Level 1:colcon.colcon_core.environment:checking '/home/uav/ura-drone-2025/ros2_ws/src/hover_controller/install/p2p_controller/lib/pkgconfig/p2p_controller.pc'
[4.648s] Level 1:colcon.colcon_core.environment:checking '/home/uav/ura-drone-2025/ros2_ws/src/hover_controller/install/p2p_controller/lib/python3.10/site-packages'
[4.648s] Level 1:colcon.colcon_core.shell:create_environment_hook('p2p_controller', 'pythonpath')
[4.648s] INFO:colcon.colcon_core.shell:Creating environment hook '/home/uav/ura-drone-2025/ros2_ws/src/hover_controller/install/p2p_controller/share/p2p_controller/hook/pythonpath.ps1'
[4.648s] INFO:colcon.colcon_core.shell:Creating environment descriptor '/home/uav/ura-drone-2025/ros2_ws/src/hover_controller/install/p2p_controller/share/p2p_controller/hook/pythonpath.dsv'
[4.648s] INFO:colcon.colcon_core.shell:Creating environment hook '/home/uav/ura-drone-2025/ros2_ws/src/hover_controller/install/p2p_controller/share/p2p_controller/hook/pythonpath.sh'
[4.649s] Level 1:colcon.colcon_core.environment:checking '/home/uav/ura-drone-2025/ros2_ws/src/hover_controller/install/p2p_controller/bin'
[4.649s] Level 1:colcon.colcon_core.environment:create_environment_scripts_only(p2p_controller)
[4.649s] INFO:colcon.colcon_core.shell:Creating package script '/home/uav/ura-drone-2025/ros2_ws/src/hover_controller/install/p2p_controller/share/p2p_controller/package.ps1'
[4.650s] INFO:colcon.colcon_core.shell:Creating package descriptor '/home/uav/ura-drone-2025/ros2_ws/src/hover_controller/install/p2p_controller/share/p2p_controller/package.dsv'
[4.650s] INFO:colcon.colcon_core.shell:Creating package script '/home/uav/ura-drone-2025/ros2_ws/src/hover_controller/install/p2p_controller/share/p2p_controller/package.sh'
[4.651s] INFO:colcon.colcon_core.shell:Creating package script '/home/uav/ura-drone-2025/ros2_ws/src/hover_controller/install/p2p_controller/share/p2p_controller/package.bash'
[4.651s] INFO:colcon.colcon_core.shell:Creating package script '/home/uav/ura-drone-2025/ros2_ws/src/hover_controller/install/p2p_controller/share/p2p_controller/package.zsh'
[4.651s] Level 1:colcon.colcon_core.environment:create_file_with_runtime_dependencies(/home/uav/ura-drone-2025/ros2_ws/src/hover_controller/install/p2p_controller/share/colcon-core/packages/p2p_controller)
[4.651s] DEBUG:colcon.colcon_parallel_executor.executor.parallel:closing loop
[4.652s] DEBUG:colcon.colcon_parallel_executor.executor.parallel:loop closed
[4.652s] DEBUG:colcon.colcon_parallel_executor.executor.parallel:run_until_complete finished with '0'
[4.652s] DEBUG:colcon.colcon_core.event_reactor:joining thread
[4.659s] INFO:colcon.colcon_core.plugin_system:Skipping extension 'colcon_notification.desktop_notification.terminal_notifier': Not used on non-Darwin systems
[4.659s] INFO:colcon.colcon_core.plugin_system:Skipping extension 'colcon_notification.desktop_notification.win32': Not used on non-Windows systems
[4.659s] INFO:colcon.colcon_notification.desktop_notification:Sending desktop notification using 'notify2'
[4.666s] DEBUG:colcon.colcon_core.event_reactor:joined thread
[4.666s] INFO:colcon.colcon_core.shell:Creating prefix script '/home/uav/ura-drone-2025/ros2_ws/src/hover_controller/install/local_setup.ps1'
[4.667s] INFO:colcon.colcon_core.shell:Creating prefix util module '/home/uav/ura-drone-2025/ros2_ws/src/hover_controller/install/_local_setup_util_ps1.py'
[4.669s] INFO:colcon.colcon_core.shell:Creating prefix chain script '/home/uav/ura-drone-2025/ros2_ws/src/hover_controller/install/setup.ps1'
[4.669s] INFO:colcon.colcon_core.shell:Creating prefix script '/home/uav/ura-drone-2025/ros2_ws/src/hover_controller/install/local_setup.sh'
[4.670s] INFO:colcon.colcon_core.shell:Creating prefix util module '/home/uav/ura-drone-2025/ros2_ws/src/hover_controller/install/_local_setup_util_sh.py'
[4.671s] INFO:colcon.colcon_core.shell:Creating prefix chain script '/home/uav/ura-drone-2025/ros2_ws/src/hover_controller/install/setup.sh'
[4.672s] INFO:colcon.colcon_core.shell:Creating prefix script '/home/uav/ura-drone-2025/ros2_ws/src/hover_controller/install/local_setup.bash'
[4.673s] INFO:colcon.colcon_core.shell:Creating prefix chain script '/home/uav/ura-drone-2025/ros2_ws/src/hover_controller/install/setup.bash'
[4.674s] INFO:colcon.colcon_core.shell:Creating prefix script '/home/uav/ura-drone-2025/ros2_ws/src/hover_controller/install/local_setup.zsh'
[4.675s] INFO:colcon.colcon_core.shell:Creating prefix chain script '/home/uav/ura-drone-2025/ros2_ws/src/hover_controller/install/setup.zsh'
