[0.503s] Invoking command in '/home/uav/ura-drone-2025/ros2_ws/src/crazyswarm2/crazyflie_py': AMENT_PREFIX_PATH=/home/uav/ura-drone-2025/ros2_ws/src/install/crazyflie_interfaces:${AMENT_PREFIX_PATH} CMAKE_PREFIX_PATH=/home/uav/ura-drone-2025/ros2_ws/src/install/crazyflie_interfaces LD_LIBRARY_PATH=/home/uav/ura-drone-2025/ros2_ws/src/install/crazyflie_interfaces/lib:${LD_LIBRARY_PATH} PYTHONPATH=/home/uav/ura-drone-2025/ros2_ws/src/build/crazyflie_py/prefix_override:/usr/lib/python3/dist-packages/colcon_core/task/python/colcon_distutils_commands:/home/uav/ura-drone-2025/ros2_ws/src/install/crazyflie_py/lib/python3.10/site-packages:/home/uav/ura-drone-2025/ros2_ws/src/install/crazyflie_interfaces/local/lib/python3.10/dist-packages:${PYTHONPATH} /usr/bin/python3 -W ignore:setup.py install is deprecated -W ignore:easy_install command is deprecated setup.py egg_info --egg-base ../../build/crazyflie_py build --build-base /home/uav/ura-drone-2025/ros2_ws/src/build/crazyflie_py/build install --record /home/uav/ura-drone-2025/ros2_ws/src/build/crazyflie_py/install.log --single-version-externally-managed install_data
[0.665s] running egg_info
[0.665s] writing ../../build/crazyflie_py/crazyflie_py.egg-info/PKG-INFO
[0.665s] writing dependency_links to ../../build/crazyflie_py/crazyflie_py.egg-info/dependency_links.txt
[0.665s] writing entry points to ../../build/crazyflie_py/crazyflie_py.egg-info/entry_points.txt
[0.666s] writing requirements to ../../build/crazyflie_py/crazyflie_py.egg-info/requires.txt
[0.666s] writing top-level names to ../../build/crazyflie_py/crazyflie_py.egg-info/top_level.txt
[0.667s] reading manifest file '../../build/crazyflie_py/crazyflie_py.egg-info/SOURCES.txt'
[0.668s] writing manifest file '../../build/crazyflie_py/crazyflie_py.egg-info/SOURCES.txt'
[0.668s] running build
[0.668s] running build_py
[0.668s] running install
[0.668s] running install_lib
[0.669s] running install_data
[0.669s] running install_egg_info
[0.670s] removing '/home/uav/ura-drone-2025/ros2_ws/src/install/crazyflie_py/lib/python3.10/site-packages/crazyflie_py-1.0.3-py3.10.egg-info' (and everything under it)
[0.670s] Copying ../../build/crazyflie_py/crazyflie_py.egg-info to /home/uav/ura-drone-2025/ros2_ws/src/install/crazyflie_py/lib/python3.10/site-packages/crazyflie_py-1.0.3-py3.10.egg-info
[0.671s] running install_scripts
[0.684s] writing list of installed files to '/home/uav/ura-drone-2025/ros2_ws/src/build/crazyflie_py/install.log'
[0.700s] Invoked command in '/home/uav/ura-drone-2025/ros2_ws/src/crazyswarm2/crazyflie_py' returned '0': AMENT_PREFIX_PATH=/home/uav/ura-drone-2025/ros2_ws/src/install/crazyflie_interfaces:${AMENT_PREFIX_PATH} CMAKE_PREFIX_PATH=/home/uav/ura-drone-2025/ros2_ws/src/install/crazyflie_interfaces LD_LIBRARY_PATH=/home/uav/ura-drone-2025/ros2_ws/src/install/crazyflie_interfaces/lib:${LD_LIBRARY_PATH} PYTHONPATH=/home/uav/ura-drone-2025/ros2_ws/src/build/crazyflie_py/prefix_override:/usr/lib/python3/dist-packages/colcon_core/task/python/colcon_distutils_commands:/home/uav/ura-drone-2025/ros2_ws/src/install/crazyflie_py/lib/python3.10/site-packages:/home/uav/ura-drone-2025/ros2_ws/src/install/crazyflie_interfaces/local/lib/python3.10/dist-packages:${PYTHONPATH} /usr/bin/python3 -W ignore:setup.py install is deprecated -W ignore:easy_install command is deprecated setup.py egg_info --egg-base ../../build/crazyflie_py build --build-base /home/uav/ura-drone-2025/ros2_ws/src/build/crazyflie_py/build install --record /home/uav/ura-drone-2025/ros2_ws/src/build/crazyflie_py/install.log --single-version-externally-managed install_data
