[0.380s] Invoking command in '/home/uav/ura-drone-2025/ros2_ws/build/crazyflie': CMAKE_PREFIX_PATH=/home/uav/ura-drone-2025/ros2_ws/install/crazyflie_interfaces:/home/uav/ura-drone-2025/ros2_ws/install/crazyflie_sim:/home/uav/ura-drone-2025/ros2_ws/install/crazyflie_examples:/home/uav/ura-drone-2025/ros2_ws/install/crazyflie:/home/uav/ura-drone-2025/ros2_ws/install/p2p_controller:/home/uav/ura-drone-2025/ros2_ws/install/crazyflie_py:/opt/ros/humble /usr/bin/cmake /home/uav/ura-drone-2025/ros2_ws/src/crazyswarm2/crazyflie -DAMENT_CMAKE_SYMLINK_INSTALL=1 -DCMAKE_INSTALL_PREFIX=/home/uav/ura-drone-2025/ros2_ws/install/crazyflie
[0.464s] -- The C compiler identification is GNU 11.4.0
[0.560s] -- The CXX compiler identification is GNU 11.4.0
[0.573s] -- Detecting C compiler ABI info
[0.687s] -- Detecting C compiler ABI info - done
[0.702s] -- Check for working C compiler: /usr/bin/cc - skipped
[0.702s] -- Detecting C compile features
[0.703s] -- Detecting C compile features - done
[0.707s] -- Detecting CXX compiler ABI info
[0.833s] -- Detecting CXX compiler ABI info - done
[0.847s] -- Check for working CXX compiler: /usr/bin/c++ - skipped
[0.847s] -- Detecting CXX compile features
[0.848s] -- Detecting CXX compile features - done
[0.852s] -- Found ament_cmake: 1.3.12 (/opt/ros/humble/share/ament_cmake/cmake)
[1.143s] -- Found Python3: /usr/bin/python3 (found version "3.10.12") found components: Interpreter 
[1.263s] -- Override CMake install command with custom implementation using symlinks instead of copying resources
[1.305s] -- Found rclcpp: 16.0.15 (/opt/ros/humble/share/rclcpp/cmake)
[1.393s] -- Found rosidl_generator_c: 3.1.7 (/opt/ros/humble/share/rosidl_generator_c/cmake)
[1.403s] -- Found rosidl_adapter: 3.1.7 (/opt/ros/humble/share/rosidl_adapter/cmake)
[1.420s] -- Found rosidl_generator_cpp: 3.1.7 (/opt/ros/humble/share/rosidl_generator_cpp/cmake)
[1.445s] -- Using all available rosidl_typesupport_c: rosidl_typesupport_fastrtps_c;rosidl_typesupport_introspection_c
[1.478s] -- Using all available rosidl_typesupport_cpp: rosidl_typesupport_fastrtps_cpp;rosidl_typesupport_introspection_cpp
[1.568s] -- Found rmw_implementation_cmake: 6.1.2 (/opt/ros/humble/share/rmw_implementation_cmake/cmake)
[1.574s] -- Found rmw_fastrtps_cpp: 6.2.8 (/opt/ros/humble/share/rmw_fastrtps_cpp/cmake)
[1.740s] -- Found OpenSSL: /usr/lib/x86_64-linux-gnu/libcrypto.so (found version "3.0.2")  
[1.793s] -- Found FastRTPS: /opt/ros/humble/include  
[1.886s] -- Using RMW implementation 'rmw_fastrtps_cpp' as default
[1.909s] -- Looking for pthread.h
[2.050s] -- Looking for pthread.h - found
[2.050s] -- Performing Test CMAKE_HAVE_LIBC_PTHREAD
[2.193s] -- Performing Test CMAKE_HAVE_LIBC_PTHREAD - Success
[2.195s] -- Found Threads: TRUE  
[2.341s] -- Found tf2_ros: 0.25.16 (/opt/ros/humble/share/tf2_ros/cmake)
[2.794s] -- Found rclpy: 3.3.17 (/opt/ros/humble/share/rclpy/cmake)
[2.800s] -- Found std_srvs: 4.9.0 (/opt/ros/humble/share/std_srvs/cmake)
[2.841s] -- Found nav_msgs: 4.9.0 (/opt/ros/humble/share/nav_msgs/cmake)
[2.915s] -- Found sensor_msgs: 4.9.0 (/opt/ros/humble/share/sensor_msgs/cmake)
[2.985s] -- Found crazyflie_interfaces: 1.0.3 (/home/uav/ura-drone-2025/ros2_ws/install/crazyflie_interfaces/share/crazyflie_interfaces/cmake)
[3.050s] -- Found motion_capture_tracking_interfaces: 1.0.6 (/opt/ros/humble/share/motion_capture_tracking_interfaces/cmake)
[3.134s] -- Found ros_environment: 3.2.2 (/opt/ros/humble/share/ros_environment/cmake)
[3.175s] -- Found Boost: /usr/lib/x86_64-linux-gnu/cmake/Boost-1.74.0/BoostConfig.cmake (found version "1.74.0") found components: program_options 
[3.189s] -- Found libusb: /usr/lib/x86_64-linux-gnu/libusb-1.0.so  
[3.386s] -- Configuring done
[3.496s] -- Generating done
[3.530s] -- Build files have been written to: /home/uav/ura-drone-2025/ros2_ws/build/crazyflie
[3.563s] Invoked command in '/home/uav/ura-drone-2025/ros2_ws/build/crazyflie' returned '0': CMAKE_PREFIX_PATH=/home/uav/ura-drone-2025/ros2_ws/install/crazyflie_interfaces:/home/uav/ura-drone-2025/ros2_ws/install/crazyflie_sim:/home/uav/ura-drone-2025/ros2_ws/install/crazyflie_examples:/home/uav/ura-drone-2025/ros2_ws/install/crazyflie:/home/uav/ura-drone-2025/ros2_ws/install/p2p_controller:/home/uav/ura-drone-2025/ros2_ws/install/crazyflie_py:/opt/ros/humble /usr/bin/cmake /home/uav/ura-drone-2025/ros2_ws/src/crazyswarm2/crazyflie -DAMENT_CMAKE_SYMLINK_INSTALL=1 -DCMAKE_INSTALL_PREFIX=/home/uav/ura-drone-2025/ros2_ws/install/crazyflie
[3.568s] Invoking command in '/home/uav/ura-drone-2025/ros2_ws/build/crazyflie': CMAKE_PREFIX_PATH=/home/uav/ura-drone-2025/ros2_ws/install/crazyflie_interfaces:/home/uav/ura-drone-2025/ros2_ws/install/crazyflie_sim:/home/uav/ura-drone-2025/ros2_ws/install/crazyflie_examples:/home/uav/ura-drone-2025/ros2_ws/install/crazyflie:/home/uav/ura-drone-2025/ros2_ws/install/p2p_controller:/home/uav/ura-drone-2025/ros2_ws/install/crazyflie_py:/opt/ros/humble /usr/bin/cmake --build /home/uav/ura-drone-2025/ros2_ws/build/crazyflie -- -j12 -l12
[3.686s] [  7%] [32mBuilding CXX object deps/crazyflie_tools/crazyflie_cpp/crazyflie-link-cpp/CMakeFiles/crazyflieLinkCpp.dir/src/Crazyradio.cpp.o[0m
[3.687s] [  7%] [32mBuilding CXX object deps/crazyflie_tools/crazyflie_cpp/crazyflie-link-cpp/CMakeFiles/crazyflieLinkCpp.dir/src/CrazyradioThread.cpp.o[0m
[3.687s] [  7%] [32mBuilding CXX object deps/crazyflie_tools/crazyflie_cpp/crazyflie-link-cpp/CMakeFiles/crazyflieLinkCpp.dir/src/Version.cpp.o[0m
[3.691s] [ 10%] [32mBuilding CXX object deps/crazyflie_tools/crazyflie_cpp/crazyflie-link-cpp/CMakeFiles/crazyflieLinkCpp.dir/src/CrazyflieUSB.cpp.o[0m
[3.692s] [ 12%] [32mBuilding CXX object deps/crazyflie_tools/crazyflie_cpp/crazyflie-link-cpp/CMakeFiles/crazyflieLinkCpp.dir/src/USBManager.cpp.o[0m
[3.692s] [ 15%] [32mBuilding CXX object deps/crazyflie_tools/crazyflie_cpp/crazyflie-link-cpp/CMakeFiles/crazyflieLinkCpp.dir/src/CrazyflieUSBThread.cpp.o[0m
[3.692s] [ 17%] [32mBuilding CXX object deps/crazyflie_tools/crazyflie_cpp/crazyflie-link-cpp/CMakeFiles/crazyflieLinkCpp.dir/src/USBDevice.cpp.o[0m
[3.695s] [ 20%] [32mBuilding CXX object CMakeFiles/teleop.dir/src/teleop.cpp.o[0m
[3.700s] [ 22%] [32mBuilding CXX object deps/crazyflie_tools/crazyflie_cpp/crazyflie-link-cpp/CMakeFiles/crazyflieLinkCpp.dir/src/Connection.cpp.o[0m
[11.873s] [ 25%] [32m[1mLinking CXX static library libcrazyflieLinkCpp.a[0m
[12.012s] [ 25%] Built target crazyflieLinkCpp
[12.047s] [ 27%] [32mBuilding CXX object deps/crazyflie_tools/crazyflie_cpp/CMakeFiles/crazyflie_cpp.dir/src/crtp.cpp.o[0m
[12.049s] [ 30%] [32mBuilding CXX object deps/crazyflie_tools/crazyflie_cpp/CMakeFiles/crazyflie_cpp.dir/src/Crazyflie.cpp.o[0m
[15.972s] [ 32%] [32m[1mLinking CXX static library libcrazyflie_cpp.a[0m
[16.054s] [ 32%] Built target crazyflie_cpp
[16.089s] [ 37%] [32mBuilding CXX object deps/crazyflie_tools/CMakeFiles/listLogVariables.dir/src/listLogVariables.cpp.o[0m
[16.090s] [ 45%] [32mBuilding CXX object deps/crazyflie_tools/CMakeFiles/reboot.dir/src/reboot.cpp.o[0m
[16.091s] [ 47%] [32mBuilding CXX object deps/crazyflie_tools/CMakeFiles/battery.dir/src/battery.cpp.o[0m
[16.092s] [ 37%] [32mBuilding CXX object CMakeFiles/crazyflie_server.dir/src/crazyflie_server.cpp.o[0m
[16.092s] [ 40%] [32mBuilding CXX object deps/crazyflie_tools/CMakeFiles/listParams.dir/src/listParams.cpp.o[0m
[16.092s] [ 42%] [32mBuilding CXX object deps/crazyflie_tools/CMakeFiles/version.dir/src/version.cpp.o[0m
[16.092s] [ 50%] [32mBuilding CXX object deps/crazyflie_tools/CMakeFiles/console.dir/src/console.cpp.o[0m
[16.093s] [ 52%] [32mBuilding CXX object deps/crazyflie_tools/CMakeFiles/comCheck.dir/src/comCheck.cpp.o[0m
[16.097s] [ 55%] [32mBuilding CXX object deps/crazyflie_tools/CMakeFiles/listMemories.dir/src/listMemories.cpp.o[0m
[16.098s] [ 57%] [32mBuilding CXX object deps/crazyflie_tools/CMakeFiles/scan.dir/src/scan.cpp.o[0m
[16.099s] [ 60%] [32mBuilding CXX object deps/crazyflie_tools/CMakeFiles/log.dir/src/log.cpp.o[0m
[23.175s] [ 62%] [32m[1mLinking CXX executable listMemories[0m
[23.259s] [ 65%] [32m[1mLinking CXX executable version[0m
[23.547s] [ 67%] [32m[1mLinking CXX executable scan[0m
[23.563s] [ 70%] [32m[1mLinking CXX executable listLogVariables[0m
[23.810s] [ 72%] [32m[1mLinking CXX executable console[0m
[23.969s] [ 75%] [32m[1mLinking CXX executable listParams[0m
[24.321s] [ 77%] [32m[1mLinking CXX executable reboot[0m
[24.571s] [ 77%] Built target listMemories
[24.614s] [ 80%] [32m[1mLinking CXX executable battery[0m
[24.702s] [ 82%] [32mBuilding CXX object deps/crazyflie_tools/CMakeFiles/downloadUSDLogfile.dir/src/downloadUSDLogfile.cpp.o[0m
[24.793s] [ 82%] Built target version
[24.838s] [ 85%] [32m[1mLinking CXX executable comCheck[0m
[24.899s] [ 85%] Built target listLogVariables
[24.901s] [ 87%] [32mBuilding CXX object deps/crazyflie_tools/CMakeFiles/setParam.dir/src/setParam.cpp.o[0m
[24.934s] [ 87%] Built target console
[25.138s] [ 87%] Built target scan
[25.147s] [ 87%] Built target listParams
[25.439s] [ 90%] [32m[1mLinking CXX executable log[0m
[25.443s] [ 90%] Built target reboot
[25.564s] [ 90%] Built target battery
[25.742s] [ 90%] Built target comCheck
[26.003s] [ 90%] Built target log
[28.638s] [ 92%] [32m[1mLinking CXX executable downloadUSDLogfile[0m
[29.000s] [ 92%] Built target downloadUSDLogfile
[29.896s] [ 95%] [32m[1mLinking CXX executable setParam[0m
[30.259s] [ 95%] Built target setParam
[36.321s] [ 97%] [32m[1mLinking CXX executable teleop[0m
[37.406s] [ 97%] Built target teleop
[62.149s] [100%] [32m[1mLinking CXX executable crazyflie_server[0m
[65.062s] [100%] Built target crazyflie_server
[65.074s] Invoked command in '/home/uav/ura-drone-2025/ros2_ws/build/crazyflie' returned '0': CMAKE_PREFIX_PATH=/home/uav/ura-drone-2025/ros2_ws/install/crazyflie_interfaces:/home/uav/ura-drone-2025/ros2_ws/install/crazyflie_sim:/home/uav/ura-drone-2025/ros2_ws/install/crazyflie_examples:/home/uav/ura-drone-2025/ros2_ws/install/crazyflie:/home/uav/ura-drone-2025/ros2_ws/install/p2p_controller:/home/uav/ura-drone-2025/ros2_ws/install/crazyflie_py:/opt/ros/humble /usr/bin/cmake --build /home/uav/ura-drone-2025/ros2_ws/build/crazyflie -- -j12 -l12
[65.075s] Invoking command in '/home/uav/ura-drone-2025/ros2_ws/build/crazyflie': CMAKE_PREFIX_PATH=/home/uav/ura-drone-2025/ros2_ws/install/crazyflie_interfaces:/home/uav/ura-drone-2025/ros2_ws/install/crazyflie_sim:/home/uav/ura-drone-2025/ros2_ws/install/crazyflie_examples:/home/uav/ura-drone-2025/ros2_ws/install/crazyflie:/home/uav/ura-drone-2025/ros2_ws/install/p2p_controller:/home/uav/ura-drone-2025/ros2_ws/install/crazyflie_py:/opt/ros/humble /usr/bin/cmake --install /home/uav/ura-drone-2025/ros2_ws/build/crazyflie
[65.084s] -- Install configuration: ""
[65.084s] -- Execute custom install script
[65.085s] -- Symlinking: /home/uav/ura-drone-2025/ros2_ws/install/crazyflie/lib/crazyflie/comCheck
[65.093s] -- Symlinking: /home/uav/ura-drone-2025/ros2_ws/install/crazyflie/lib/crazyflie/scan
[65.103s] -- Symlinking: /home/uav/ura-drone-2025/ros2_ws/install/crazyflie/lib/crazyflie/listParams
[65.112s] -- Symlinking: /home/uav/ura-drone-2025/ros2_ws/install/crazyflie/lib/crazyflie/listLogVariables
[65.122s] -- Symlinking: /home/uav/ura-drone-2025/ros2_ws/install/crazyflie/lib/crazyflie/listMemories
[65.129s] -- Symlinking: /home/uav/ura-drone-2025/ros2_ws/install/crazyflie/lib/crazyflie/reboot
[65.139s] -- Symlinking: /home/uav/ura-drone-2025/ros2_ws/install/crazyflie/lib/crazyflie/battery
[65.147s] -- Symlinking: /home/uav/ura-drone-2025/ros2_ws/install/crazyflie/lib/crazyflie/version
[65.155s] -- Symlinking: /home/uav/ura-drone-2025/ros2_ws/install/crazyflie/lib/crazyflie/console
[65.164s] -- Symlinking: /home/uav/ura-drone-2025/ros2_ws/install/crazyflie/lib/crazyflie/log
[65.173s] -- Symlinking: /home/uav/ura-drone-2025/ros2_ws/install/crazyflie/lib/crazyflie/setParam
[65.182s] -- Symlinking: /home/uav/ura-drone-2025/ros2_ws/install/crazyflie/lib/crazyflie/downloadUSDLogfile
[65.192s] -- Symlinking: /home/uav/ura-drone-2025/ros2_ws/install/crazyflie/lib/crazyflie/teleop
[65.202s] -- Symlinking: /home/uav/ura-drone-2025/ros2_ws/install/crazyflie/lib/crazyflie/crazyflie_server
[65.211s] -- Symlinking: /home/uav/ura-drone-2025/ros2_ws/install/crazyflie/lib/crazyflie/crazyflie_server.py
[65.221s] -- Symlinking: /home/uav/ura-drone-2025/ros2_ws/install/crazyflie/lib/crazyflie/chooser.py
[65.229s] -- Symlinking: /home/uav/ura-drone-2025/ros2_ws/install/crazyflie/lib/crazyflie/vel_mux.py
[65.237s] -- Symlinking: /home/uav/ura-drone-2025/ros2_ws/install/crazyflie/lib/crazyflie/cfmult.py
[65.245s] -- Symlinking: /home/uav/ura-drone-2025/ros2_ws/install/crazyflie/lib/crazyflie/simple_mapper_multiranger.py
[65.255s] -- Symlinking: /home/uav/ura-drone-2025/ros2_ws/install/crazyflie/lib/crazyflie/aideck_streamer.py
[65.262s] -- Symlinking: /home/uav/ura-drone-2025/ros2_ws/install/crazyflie/lib/crazyflie/gui.py
[65.272s] -- Symlinking: /home/uav/ura-drone-2025/ros2_ws/install/crazyflie/lib/crazyflie/flash.py
[65.280s] -- Symlinking: /home/uav/ura-drone-2025/ros2_ws/install/crazyflie/share/crazyflie//launch/launch.py
[65.289s] -- Symlinking: /home/uav/ura-drone-2025/ros2_ws/install/crazyflie/share/crazyflie//launch/launch_teleop2.py
[65.297s] -- Symlinking: /home/uav/ura-drone-2025/ros2_ws/install/crazyflie/share/crazyflie//launch/teleop_launch.py
[65.307s] -- Symlinking: /home/uav/ura-drone-2025/ros2_ws/install/crazyflie/share/crazyflie//config/aideck_streamer.yaml
[65.314s] -- Symlinking: /home/uav/ura-drone-2025/ros2_ws/install/crazyflie/share/crazyflie//config/config.rviz
[65.322s] -- Symlinking: /home/uav/ura-drone-2025/ros2_ws/install/crazyflie/share/crazyflie//config/crazyflies.yaml
[65.331s] -- Symlinking: /home/uav/ura-drone-2025/ros2_ws/install/crazyflie/share/crazyflie//config/motion_capture.yaml
[65.339s] -- Symlinking: /home/uav/ura-drone-2025/ros2_ws/install/crazyflie/share/crazyflie//config/server.yaml
[65.348s] -- Symlinking: /home/uav/ura-drone-2025/ros2_ws/install/crazyflie/share/crazyflie//config/teleop.yaml
[65.357s] -- Symlinking: /home/uav/ura-drone-2025/ros2_ws/install/crazyflie/share/crazyflie//urdf/cf2_assembly.stl
[65.367s] -- Symlinking: /home/uav/ura-drone-2025/ros2_ws/install/crazyflie/share/crazyflie//urdf/cf2_assembly_with_props.dae
[65.375s] -- Symlinking: /home/uav/ura-drone-2025/ros2_ws/install/crazyflie/share/crazyflie//urdf/crazyflie_description.urdf
[65.386s] -- Symlinking: /home/uav/ura-drone-2025/ros2_ws/install/crazyflie/share/ament_index/resource_index/package_run_dependencies/crazyflie
[65.396s] -- Symlinking: /home/uav/ura-drone-2025/ros2_ws/install/crazyflie/share/ament_index/resource_index/parent_prefix_path/crazyflie
[65.406s] -- Symlinking: /home/uav/ura-drone-2025/ros2_ws/install/crazyflie/share/crazyflie/environment/ament_prefix_path.sh
[65.417s] -- Symlinking: /home/uav/ura-drone-2025/ros2_ws/install/crazyflie/share/crazyflie/environment/ament_prefix_path.dsv
[65.428s] -- Symlinking: /home/uav/ura-drone-2025/ros2_ws/install/crazyflie/share/crazyflie/environment/path.sh
[65.437s] -- Symlinking: /home/uav/ura-drone-2025/ros2_ws/install/crazyflie/share/crazyflie/environment/path.dsv
[65.446s] -- Symlinking: /home/uav/ura-drone-2025/ros2_ws/install/crazyflie/share/crazyflie/local_setup.bash
[65.455s] -- Symlinking: /home/uav/ura-drone-2025/ros2_ws/install/crazyflie/share/crazyflie/local_setup.sh
[65.464s] -- Symlinking: /home/uav/ura-drone-2025/ros2_ws/install/crazyflie/share/crazyflie/local_setup.zsh
[65.475s] -- Symlinking: /home/uav/ura-drone-2025/ros2_ws/install/crazyflie/share/crazyflie/local_setup.dsv
[65.483s] -- Symlinking: /home/uav/ura-drone-2025/ros2_ws/install/crazyflie/share/crazyflie/package.dsv
[65.493s] -- Symlinking: /home/uav/ura-drone-2025/ros2_ws/install/crazyflie/share/ament_index/resource_index/packages/crazyflie
[65.504s] -- Symlinking: /home/uav/ura-drone-2025/ros2_ws/install/crazyflie/share/crazyflie/cmake/crazyflieConfig.cmake
[65.512s] -- Symlinking: /home/uav/ura-drone-2025/ros2_ws/install/crazyflie/share/crazyflie/cmake/crazyflieConfig-version.cmake
[65.523s] -- Symlinking: /home/uav/ura-drone-2025/ros2_ws/install/crazyflie/share/crazyflie/package.xml
[65.534s] Invoked command in '/home/uav/ura-drone-2025/ros2_ws/build/crazyflie' returned '0': CMAKE_PREFIX_PATH=/home/uav/ura-drone-2025/ros2_ws/install/crazyflie_interfaces:/home/uav/ura-drone-2025/ros2_ws/install/crazyflie_sim:/home/uav/ura-drone-2025/ros2_ws/install/crazyflie_examples:/home/uav/ura-drone-2025/ros2_ws/install/crazyflie:/home/uav/ura-drone-2025/ros2_ws/install/p2p_controller:/home/uav/ura-drone-2025/ros2_ws/install/crazyflie_py:/opt/ros/humble /usr/bin/cmake --install /home/uav/ura-drone-2025/ros2_ws/build/crazyflie
