[0.276s] Invoking command in '/home/uav/ura-drone-2025/ros2_ws/build/crazyflie_sim': CMAKE_PREFIX_PATH=/home/uav/ura-drone-2025/ros2_ws/install/crazyflie_interfaces:/home/uav/ura-drone-2025/ros2_ws/install/crazyflie_sim:/home/uav/ura-drone-2025/ros2_ws/install/crazyflie_examples:/home/uav/ura-drone-2025/ros2_ws/install/crazyflie:/home/uav/ura-drone-2025/ros2_ws/install/p2p_controller:/home/uav/ura-drone-2025/ros2_ws/install/crazyflie_py:/opt/ros/humble /usr/bin/cmake --build /home/uav/ura-drone-2025/ros2_ws/build/crazyflie_sim -- -j12 -l12
[0.330s] Built target ament_cmake_python_symlink_crazyflie_sim_setup
[0.331s] Built target ament_cmake_python_symlink_crazyflie_sim
[0.585s] running install_scripts
[0.602s] running egg_info
[0.602s] writing crazyflie_sim.egg-info/PKG-INFO
[0.603s] writing dependency_links to crazyflie_sim.egg-info/dependency_links.txt
[0.603s] writing entry points to crazyflie_sim.egg-info/entry_points.txt
[0.603s] writing top-level names to crazyflie_sim.egg-info/top_level.txt
[0.604s] reading manifest file 'crazyflie_sim.egg-info/SOURCES.txt'
[0.604s] writing manifest file 'crazyflie_sim.egg-info/SOURCES.txt'
[0.606s] Installing crazyflie_server script to scripts
[0.641s] Built target ament_cmake_python_build_crazyflie_sim_scripts
[0.699s] running egg_info
[0.699s] writing crazyflie_sim.egg-info/PKG-INFO
[0.699s] writing dependency_links to crazyflie_sim.egg-info/dependency_links.txt
[0.700s] writing entry points to crazyflie_sim.egg-info/entry_points.txt
[0.700s] writing top-level names to crazyflie_sim.egg-info/top_level.txt
[0.702s] reading manifest file 'crazyflie_sim.egg-info/SOURCES.txt'
[0.702s] writing manifest file 'crazyflie_sim.egg-info/SOURCES.txt'
[0.736s] Built target ament_cmake_python_build_crazyflie_sim_egg
[0.749s] Invoked command in '/home/uav/ura-drone-2025/ros2_ws/build/crazyflie_sim' returned '0': CMAKE_PREFIX_PATH=/home/uav/ura-drone-2025/ros2_ws/install/crazyflie_interfaces:/home/uav/ura-drone-2025/ros2_ws/install/crazyflie_sim:/home/uav/ura-drone-2025/ros2_ws/install/crazyflie_examples:/home/uav/ura-drone-2025/ros2_ws/install/crazyflie:/home/uav/ura-drone-2025/ros2_ws/install/p2p_controller:/home/uav/ura-drone-2025/ros2_ws/install/crazyflie_py:/opt/ros/humble /usr/bin/cmake --build /home/uav/ura-drone-2025/ros2_ws/build/crazyflie_sim -- -j12 -l12
[0.751s] Invoking command in '/home/uav/ura-drone-2025/ros2_ws/build/crazyflie_sim': CMAKE_PREFIX_PATH=/home/uav/ura-drone-2025/ros2_ws/install/crazyflie_interfaces:/home/uav/ura-drone-2025/ros2_ws/install/crazyflie_sim:/home/uav/ura-drone-2025/ros2_ws/install/crazyflie_examples:/home/uav/ura-drone-2025/ros2_ws/install/crazyflie:/home/uav/ura-drone-2025/ros2_ws/install/p2p_controller:/home/uav/ura-drone-2025/ros2_ws/install/crazyflie_py:/opt/ros/humble /usr/bin/cmake --install /home/uav/ura-drone-2025/ros2_ws/build/crazyflie_sim
[0.759s] -- Install configuration: ""
[0.760s] -- Execute custom install script
[0.760s] -- Up-to-date symlink: /home/uav/ura-drone-2025/ros2_ws/install/crazyflie_sim/share/crazyflie_sim/environment/pythonpath.sh
[0.760s] -- Up-to-date symlink: /home/uav/ura-drone-2025/ros2_ws/install/crazyflie_sim/share/crazyflie_sim/environment/pythonpath.dsv
[0.761s] -- Up-to-date symlink: /home/uav/ura-drone-2025/ros2_ws/install/crazyflie_sim/local/lib/python3.10/dist-packages/crazyflie_sim-1.0.3-py3.10.egg-info/PKG-INFO
[0.761s] -- Up-to-date symlink: /home/uav/ura-drone-2025/ros2_ws/install/crazyflie_sim/local/lib/python3.10/dist-packages/crazyflie_sim-1.0.3-py3.10.egg-info/SOURCES.txt
[0.761s] -- Up-to-date symlink: /home/uav/ura-drone-2025/ros2_ws/install/crazyflie_sim/local/lib/python3.10/dist-packages/crazyflie_sim-1.0.3-py3.10.egg-info/dependency_links.txt
[0.761s] -- Up-to-date symlink: /home/uav/ura-drone-2025/ros2_ws/install/crazyflie_sim/local/lib/python3.10/dist-packages/crazyflie_sim-1.0.3-py3.10.egg-info/entry_points.txt
[0.761s] -- Up-to-date symlink: /home/uav/ura-drone-2025/ros2_ws/install/crazyflie_sim/local/lib/python3.10/dist-packages/crazyflie_sim-1.0.3-py3.10.egg-info/top_level.txt
[0.762s] -- Up-to-date symlink: /home/uav/ura-drone-2025/ros2_ws/install/crazyflie_sim/lib/crazyflie_sim//crazyflie_server
[0.762s] -- Up-to-date symlink: /home/uav/ura-drone-2025/ros2_ws/install/crazyflie_sim/local/lib/python3.10/dist-packages/crazyflie_sim/__init__.py
[0.762s] -- Up-to-date symlink: /home/uav/ura-drone-2025/ros2_ws/install/crazyflie_sim/local/lib/python3.10/dist-packages/crazyflie_sim/backend/data/dynobench/crazyflie2.yaml
[0.762s] -- Up-to-date symlink: /home/uav/ura-drone-2025/ros2_ws/install/crazyflie_sim/local/lib/python3.10/dist-packages/crazyflie_sim/backend/data/neuralswarm2/phi_G.pth
[0.762s] -- Up-to-date symlink: /home/uav/ura-drone-2025/ros2_ws/install/crazyflie_sim/local/lib/python3.10/dist-packages/crazyflie_sim/backend/data/neuralswarm2/phi_L.pth
[0.763s] -- Up-to-date symlink: /home/uav/ura-drone-2025/ros2_ws/install/crazyflie_sim/local/lib/python3.10/dist-packages/crazyflie_sim/backend/data/neuralswarm2/phi_S.pth
[0.763s] -- Up-to-date symlink: /home/uav/ura-drone-2025/ros2_ws/install/crazyflie_sim/local/lib/python3.10/dist-packages/crazyflie_sim/backend/data/neuralswarm2/rho_L.pth
[0.763s] -- Up-to-date symlink: /home/uav/ura-drone-2025/ros2_ws/install/crazyflie_sim/local/lib/python3.10/dist-packages/crazyflie_sim/backend/data/neuralswarm2/rho_S.pth
[0.763s] -- Up-to-date symlink: /home/uav/ura-drone-2025/ros2_ws/install/crazyflie_sim/local/lib/python3.10/dist-packages/crazyflie_sim/backend/data/pinocchio/crazyflie2.urdf
[0.763s] -- Up-to-date symlink: /home/uav/ura-drone-2025/ros2_ws/install/crazyflie_sim/local/lib/python3.10/dist-packages/crazyflie_sim/backend/dynobench.py
[0.763s] -- Up-to-date symlink: /home/uav/ura-drone-2025/ros2_ws/install/crazyflie_sim/local/lib/python3.10/dist-packages/crazyflie_sim/backend/neuralswarm.py
[0.763s] -- Up-to-date symlink: /home/uav/ura-drone-2025/ros2_ws/install/crazyflie_sim/local/lib/python3.10/dist-packages/crazyflie_sim/backend/none.py
[0.763s] -- Up-to-date symlink: /home/uav/ura-drone-2025/ros2_ws/install/crazyflie_sim/local/lib/python3.10/dist-packages/crazyflie_sim/backend/np.py
[0.763s] -- Up-to-date symlink: /home/uav/ura-drone-2025/ros2_ws/install/crazyflie_sim/local/lib/python3.10/dist-packages/crazyflie_sim/backend/pinocchio.py
[0.763s] -- Up-to-date symlink: /home/uav/ura-drone-2025/ros2_ws/install/crazyflie_sim/local/lib/python3.10/dist-packages/crazyflie_sim/crazyflie_server.py
[0.764s] -- Up-to-date symlink: /home/uav/ura-drone-2025/ros2_ws/install/crazyflie_sim/local/lib/python3.10/dist-packages/crazyflie_sim/crazyflie_sil.py
[0.764s] -- Up-to-date symlink: /home/uav/ura-drone-2025/ros2_ws/install/crazyflie_sim/local/lib/python3.10/dist-packages/crazyflie_sim/sim_data_types.py
[0.764s] -- Up-to-date symlink: /home/uav/ura-drone-2025/ros2_ws/install/crazyflie_sim/local/lib/python3.10/dist-packages/crazyflie_sim/visualization/README.md
[0.764s] -- Up-to-date symlink: /home/uav/ura-drone-2025/ros2_ws/install/crazyflie_sim/local/lib/python3.10/dist-packages/crazyflie_sim/visualization/blender.py
[0.764s] -- Up-to-date symlink: /home/uav/ura-drone-2025/ros2_ws/install/crazyflie_sim/local/lib/python3.10/dist-packages/crazyflie_sim/visualization/data/README.md
[0.764s] -- Up-to-date symlink: /home/uav/ura-drone-2025/ros2_ws/install/crazyflie_sim/local/lib/python3.10/dist-packages/crazyflie_sim/visualization/data/env/abandoned_greenhouse.jpg
[0.764s] -- Up-to-date symlink: /home/uav/ura-drone-2025/ros2_ws/install/crazyflie_sim/local/lib/python3.10/dist-packages/crazyflie_sim/visualization/data/env/aerodynamics_workshop.jpg
[0.764s] -- Up-to-date symlink: /home/uav/ura-drone-2025/ros2_ws/install/crazyflie_sim/local/lib/python3.10/dist-packages/crazyflie_sim/visualization/data/env/aviation_museum.jpg
[0.764s] -- Up-to-date symlink: /home/uav/ura-drone-2025/ros2_ws/install/crazyflie_sim/local/lib/python3.10/dist-packages/crazyflie_sim/visualization/data/env/crosswalk.jpg
[0.764s] -- Up-to-date symlink: /home/uav/ura-drone-2025/ros2_ws/install/crazyflie_sim/local/lib/python3.10/dist-packages/crazyflie_sim/visualization/data/env/derelict_overpass.jpg
[0.764s] -- Up-to-date symlink: /home/uav/ura-drone-2025/ros2_ws/install/crazyflie_sim/local/lib/python3.10/dist-packages/crazyflie_sim/visualization/data/env/env.jpg
[0.764s] -- Up-to-date symlink: /home/uav/ura-drone-2025/ros2_ws/install/crazyflie_sim/local/lib/python3.10/dist-packages/crazyflie_sim/visualization/data/env/lago_disola.jpg
[0.765s] -- Up-to-date symlink: /home/uav/ura-drone-2025/ros2_ws/install/crazyflie_sim/local/lib/python3.10/dist-packages/crazyflie_sim/visualization/data/env/lake_pier.jpg
[0.765s] -- Up-to-date symlink: /home/uav/ura-drone-2025/ros2_ws/install/crazyflie_sim/local/lib/python3.10/dist-packages/crazyflie_sim/visualization/data/env/machine_shop.jpg
[0.765s] -- Up-to-date symlink: /home/uav/ura-drone-2025/ros2_ws/install/crazyflie_sim/local/lib/python3.10/dist-packages/crazyflie_sim/visualization/data/env/museumplein.jpg
[0.765s] -- Up-to-date symlink: /home/uav/ura-drone-2025/ros2_ws/install/crazyflie_sim/local/lib/python3.10/dist-packages/crazyflie_sim/visualization/data/env/peppermint_powerplant.jpg
[0.765s] -- Up-to-date symlink: /home/uav/ura-drone-2025/ros2_ws/install/crazyflie_sim/local/lib/python3.10/dist-packages/crazyflie_sim/visualization/data/env/studio_garden.jpg
[0.765s] -- Up-to-date symlink: /home/uav/ura-drone-2025/ros2_ws/install/crazyflie_sim/local/lib/python3.10/dist-packages/crazyflie_sim/visualization/data/model/cf.mtl
[0.765s] -- Up-to-date symlink: /home/uav/ura-drone-2025/ros2_ws/install/crazyflie_sim/local/lib/python3.10/dist-packages/crazyflie_sim/visualization/data/model/cf.obj
[0.765s] -- Up-to-date symlink: /home/uav/ura-drone-2025/ros2_ws/install/crazyflie_sim/local/lib/python3.10/dist-packages/crazyflie_sim/visualization/pdf.py
[0.765s] -- Up-to-date symlink: /home/uav/ura-drone-2025/ros2_ws/install/crazyflie_sim/local/lib/python3.10/dist-packages/crazyflie_sim/visualization/record_states.py
[0.765s] -- Up-to-date symlink: /home/uav/ura-drone-2025/ros2_ws/install/crazyflie_sim/local/lib/python3.10/dist-packages/crazyflie_sim/visualization/rviz.py
[0.765s] -- Up-to-date symlink: /home/uav/ura-drone-2025/ros2_ws/install/crazyflie_sim/share/ament_index/resource_index/package_run_dependencies/crazyflie_sim
[0.765s] -- Up-to-date symlink: /home/uav/ura-drone-2025/ros2_ws/install/crazyflie_sim/share/ament_index/resource_index/parent_prefix_path/crazyflie_sim
[0.765s] -- Up-to-date symlink: /home/uav/ura-drone-2025/ros2_ws/install/crazyflie_sim/share/crazyflie_sim/environment/ament_prefix_path.sh
[0.766s] -- Up-to-date symlink: /home/uav/ura-drone-2025/ros2_ws/install/crazyflie_sim/share/crazyflie_sim/environment/ament_prefix_path.dsv
[0.766s] -- Up-to-date symlink: /home/uav/ura-drone-2025/ros2_ws/install/crazyflie_sim/share/crazyflie_sim/environment/path.sh
[0.766s] -- Up-to-date symlink: /home/uav/ura-drone-2025/ros2_ws/install/crazyflie_sim/share/crazyflie_sim/environment/path.dsv
[0.766s] -- Up-to-date symlink: /home/uav/ura-drone-2025/ros2_ws/install/crazyflie_sim/share/crazyflie_sim/local_setup.bash
[0.766s] -- Up-to-date symlink: /home/uav/ura-drone-2025/ros2_ws/install/crazyflie_sim/share/crazyflie_sim/local_setup.sh
[0.766s] -- Up-to-date symlink: /home/uav/ura-drone-2025/ros2_ws/install/crazyflie_sim/share/crazyflie_sim/local_setup.zsh
[0.766s] -- Up-to-date symlink: /home/uav/ura-drone-2025/ros2_ws/install/crazyflie_sim/share/crazyflie_sim/local_setup.dsv
[0.766s] -- Symlinking: /home/uav/ura-drone-2025/ros2_ws/install/crazyflie_sim/share/crazyflie_sim/package.dsv
[0.774s] -- Up-to-date symlink: /home/uav/ura-drone-2025/ros2_ws/install/crazyflie_sim/share/ament_index/resource_index/packages/crazyflie_sim
[0.774s] -- Up-to-date symlink: /home/uav/ura-drone-2025/ros2_ws/install/crazyflie_sim/share/crazyflie_sim/cmake/crazyflie_simConfig.cmake
[0.774s] -- Up-to-date symlink: /home/uav/ura-drone-2025/ros2_ws/install/crazyflie_sim/share/crazyflie_sim/cmake/crazyflie_simConfig-version.cmake
[0.774s] -- Up-to-date symlink: /home/uav/ura-drone-2025/ros2_ws/install/crazyflie_sim/share/crazyflie_sim/package.xml
[0.802s] Listing '/home/uav/ura-drone-2025/ros2_ws/install/crazyflie_sim/local/lib/python3.10/dist-packages/crazyflie_sim'...
[0.802s] Listing '/home/uav/ura-drone-2025/ros2_ws/install/crazyflie_sim/local/lib/python3.10/dist-packages/crazyflie_sim/backend'...
[0.802s] Listing '/home/uav/ura-drone-2025/ros2_ws/install/crazyflie_sim/local/lib/python3.10/dist-packages/crazyflie_sim/backend/data'...
[0.803s] Listing '/home/uav/ura-drone-2025/ros2_ws/install/crazyflie_sim/local/lib/python3.10/dist-packages/crazyflie_sim/backend/data/dynobench'...
[0.803s] Listing '/home/uav/ura-drone-2025/ros2_ws/install/crazyflie_sim/local/lib/python3.10/dist-packages/crazyflie_sim/backend/data/neuralswarm2'...
[0.803s] Listing '/home/uav/ura-drone-2025/ros2_ws/install/crazyflie_sim/local/lib/python3.10/dist-packages/crazyflie_sim/backend/data/pinocchio'...
[0.803s] Listing '/home/uav/ura-drone-2025/ros2_ws/install/crazyflie_sim/local/lib/python3.10/dist-packages/crazyflie_sim/visualization'...
[0.803s] Listing '/home/uav/ura-drone-2025/ros2_ws/install/crazyflie_sim/local/lib/python3.10/dist-packages/crazyflie_sim/visualization/data'...
[0.803s] Listing '/home/uav/ura-drone-2025/ros2_ws/install/crazyflie_sim/local/lib/python3.10/dist-packages/crazyflie_sim/visualization/data/env'...
[0.803s] Listing '/home/uav/ura-drone-2025/ros2_ws/install/crazyflie_sim/local/lib/python3.10/dist-packages/crazyflie_sim/visualization/data/model'...
[0.810s] Invoked command in '/home/uav/ura-drone-2025/ros2_ws/build/crazyflie_sim' returned '0': CMAKE_PREFIX_PATH=/home/uav/ura-drone-2025/ros2_ws/install/crazyflie_interfaces:/home/uav/ura-drone-2025/ros2_ws/install/crazyflie_sim:/home/uav/ura-drone-2025/ros2_ws/install/crazyflie_examples:/home/uav/ura-drone-2025/ros2_ws/install/crazyflie:/home/uav/ura-drone-2025/ros2_ws/install/p2p_controller:/home/uav/ura-drone-2025/ros2_ws/install/crazyflie_py:/opt/ros/humble /usr/bin/cmake --install /home/uav/ura-drone-2025/ros2_ws/build/crazyflie_sim
