[0.172s] Invoking command in '/home/uav/ura-drone-2025/ros2_ws/src/build/crazyflie_sim': AMENT_PREFIX_PATH=/home/uav/ura-drone-2025/ros2_ws/src/install/crazyflie_interfaces:${AMENT_PREFIX_PATH} CMAKE_PREFIX_PATH=/home/uav/ura-drone-2025/ros2_ws/src/install/crazyflie_interfaces:/home/uav/ura-drone-2025/ros2_ws/install/crazyflie_test:/opt/ros/humble LD_LIBRARY_PATH=/home/uav/ura-drone-2025/ros2_ws/src/install/crazyflie_interfaces/lib:${LD_LIBRARY_PATH} PYTHONPATH=/home/uav/ura-drone-2025/ros2_ws/src/install/crazyflie_interfaces/local/lib/python3.10/dist-packages:${PYTHONPATH} /usr/bin/cmake --build /home/uav/ura-drone-2025/ros2_ws/src/build/crazyflie_sim -- -j12 -l12
[0.216s] Built target ament_cmake_python_copy_crazyflie_sim_setup
[0.223s] Built target ament_cmake_python_copy_crazyflie_sim
[0.423s] running egg_info
[0.423s] writing crazyflie_sim.egg-info/PKG-INFO
[0.423s] writing dependency_links to crazyflie_sim.egg-info/dependency_links.txt
[0.423s] writing entry points to crazyflie_sim.egg-info/entry_points.txt
[0.423s] writing top-level names to crazyflie_sim.egg-info/top_level.txt
[0.425s] reading manifest file 'crazyflie_sim.egg-info/SOURCES.txt'
[0.425s] writing manifest file 'crazyflie_sim.egg-info/SOURCES.txt'
[0.445s] Built target ament_cmake_python_build_crazyflie_sim_egg
[0.493s] running install_scripts
[0.494s] /usr/lib/python3/dist-packages/setuptools/command/install.py:34: SetuptoolsDeprecationWarning: setup.py install is deprecated. Use build and pip and other standards-based tools.
[0.494s]   warnings.warn(
[0.508s] running egg_info
[0.509s] writing crazyflie_sim.egg-info/PKG-INFO
[0.509s] writing dependency_links to crazyflie_sim.egg-info/dependency_links.txt
[0.509s] writing entry points to crazyflie_sim.egg-info/entry_points.txt
[0.509s] writing top-level names to crazyflie_sim.egg-info/top_level.txt
[0.511s] reading manifest file 'crazyflie_sim.egg-info/SOURCES.txt'
[0.511s] writing manifest file 'crazyflie_sim.egg-info/SOURCES.txt'
[0.512s] Installing crazyflie_server script to scripts
[0.535s] Built target ament_cmake_python_build_crazyflie_sim_scripts
[0.544s] Invoked command in '/home/uav/ura-drone-2025/ros2_ws/src/build/crazyflie_sim' returned '0': AMENT_PREFIX_PATH=/home/uav/ura-drone-2025/ros2_ws/src/install/crazyflie_interfaces:${AMENT_PREFIX_PATH} CMAKE_PREFIX_PATH=/home/uav/ura-drone-2025/ros2_ws/src/install/crazyflie_interfaces:/home/uav/ura-drone-2025/ros2_ws/install/crazyflie_test:/opt/ros/humble LD_LIBRARY_PATH=/home/uav/ura-drone-2025/ros2_ws/src/install/crazyflie_interfaces/lib:${LD_LIBRARY_PATH} PYTHONPATH=/home/uav/ura-drone-2025/ros2_ws/src/install/crazyflie_interfaces/local/lib/python3.10/dist-packages:${PYTHONPATH} /usr/bin/cmake --build /home/uav/ura-drone-2025/ros2_ws/src/build/crazyflie_sim -- -j12 -l12
[0.545s] Invoking command in '/home/uav/ura-drone-2025/ros2_ws/src/build/crazyflie_sim': AMENT_PREFIX_PATH=/home/uav/ura-drone-2025/ros2_ws/src/install/crazyflie_interfaces:${AMENT_PREFIX_PATH} CMAKE_PREFIX_PATH=/home/uav/ura-drone-2025/ros2_ws/src/install/crazyflie_interfaces:/home/uav/ura-drone-2025/ros2_ws/install/crazyflie_test:/opt/ros/humble LD_LIBRARY_PATH=/home/uav/ura-drone-2025/ros2_ws/src/install/crazyflie_interfaces/lib:${LD_LIBRARY_PATH} PYTHONPATH=/home/uav/ura-drone-2025/ros2_ws/src/install/crazyflie_interfaces/local/lib/python3.10/dist-packages:${PYTHONPATH} /usr/bin/cmake --install /home/uav/ura-drone-2025/ros2_ws/src/build/crazyflie_sim
[0.553s] -- Install configuration: ""
[0.553s] -- Up-to-date: /home/uav/ura-drone-2025/ros2_ws/src/install/crazyflie_sim/share/crazyflie_sim/environment/pythonpath.sh
[0.553s] -- Up-to-date: /home/uav/ura-drone-2025/ros2_ws/src/install/crazyflie_sim/share/crazyflie_sim/environment/pythonpath.dsv
[0.553s] -- Up-to-date: /home/uav/ura-drone-2025/ros2_ws/src/install/crazyflie_sim/local/lib/python3.10/dist-packages/crazyflie_sim-1.0.3-py3.10.egg-info
[0.554s] -- Installing: /home/uav/ura-drone-2025/ros2_ws/src/install/crazyflie_sim/local/lib/python3.10/dist-packages/crazyflie_sim-1.0.3-py3.10.egg-info/PKG-INFO
[0.554s] -- Installing: /home/uav/ura-drone-2025/ros2_ws/src/install/crazyflie_sim/local/lib/python3.10/dist-packages/crazyflie_sim-1.0.3-py3.10.egg-info/top_level.txt
[0.554s] -- Installing: /home/uav/ura-drone-2025/ros2_ws/src/install/crazyflie_sim/local/lib/python3.10/dist-packages/crazyflie_sim-1.0.3-py3.10.egg-info/SOURCES.txt
[0.554s] -- Installing: /home/uav/ura-drone-2025/ros2_ws/src/install/crazyflie_sim/local/lib/python3.10/dist-packages/crazyflie_sim-1.0.3-py3.10.egg-info/entry_points.txt
[0.554s] -- Installing: /home/uav/ura-drone-2025/ros2_ws/src/install/crazyflie_sim/local/lib/python3.10/dist-packages/crazyflie_sim-1.0.3-py3.10.egg-info/dependency_links.txt
[0.554s] -- Up-to-date: /home/uav/ura-drone-2025/ros2_ws/src/install/crazyflie_sim/lib/crazyflie_sim/
[0.554s] -- Installing: /home/uav/ura-drone-2025/ros2_ws/src/install/crazyflie_sim/lib/crazyflie_sim//crazyflie_server
[0.554s] -- Up-to-date: /home/uav/ura-drone-2025/ros2_ws/src/install/crazyflie_sim/local/lib/python3.10/dist-packages/crazyflie_sim
[0.554s] -- Up-to-date: /home/uav/ura-drone-2025/ros2_ws/src/install/crazyflie_sim/local/lib/python3.10/dist-packages/crazyflie_sim/visualization
[0.554s] -- Up-to-date: /home/uav/ura-drone-2025/ros2_ws/src/install/crazyflie_sim/local/lib/python3.10/dist-packages/crazyflie_sim/visualization/pdf.py
[0.554s] -- Up-to-date: /home/uav/ura-drone-2025/ros2_ws/src/install/crazyflie_sim/local/lib/python3.10/dist-packages/crazyflie_sim/visualization/rviz.py
[0.555s] -- Up-to-date: /home/uav/ura-drone-2025/ros2_ws/src/install/crazyflie_sim/local/lib/python3.10/dist-packages/crazyflie_sim/visualization/data
[0.555s] -- Up-to-date: /home/uav/ura-drone-2025/ros2_ws/src/install/crazyflie_sim/local/lib/python3.10/dist-packages/crazyflie_sim/visualization/data/README.md
[0.555s] -- Up-to-date: /home/uav/ura-drone-2025/ros2_ws/src/install/crazyflie_sim/local/lib/python3.10/dist-packages/crazyflie_sim/visualization/data/env
[0.555s] -- Up-to-date: /home/uav/ura-drone-2025/ros2_ws/src/install/crazyflie_sim/local/lib/python3.10/dist-packages/crazyflie_sim/visualization/data/env/lago_disola.jpg
[0.555s] -- Up-to-date: /home/uav/ura-drone-2025/ros2_ws/src/install/crazyflie_sim/local/lib/python3.10/dist-packages/crazyflie_sim/visualization/data/env/museumplein.jpg
[0.555s] -- Up-to-date: /home/uav/ura-drone-2025/ros2_ws/src/install/crazyflie_sim/local/lib/python3.10/dist-packages/crazyflie_sim/visualization/data/env/studio_garden.jpg
[0.555s] -- Up-to-date: /home/uav/ura-drone-2025/ros2_ws/src/install/crazyflie_sim/local/lib/python3.10/dist-packages/crazyflie_sim/visualization/data/env/lake_pier.jpg
[0.555s] -- Up-to-date: /home/uav/ura-drone-2025/ros2_ws/src/install/crazyflie_sim/local/lib/python3.10/dist-packages/crazyflie_sim/visualization/data/env/abandoned_greenhouse.jpg
[0.555s] -- Up-to-date: /home/uav/ura-drone-2025/ros2_ws/src/install/crazyflie_sim/local/lib/python3.10/dist-packages/crazyflie_sim/visualization/data/env/aviation_museum.jpg
[0.555s] -- Up-to-date: /home/uav/ura-drone-2025/ros2_ws/src/install/crazyflie_sim/local/lib/python3.10/dist-packages/crazyflie_sim/visualization/data/env/env.jpg
[0.555s] -- Up-to-date: /home/uav/ura-drone-2025/ros2_ws/src/install/crazyflie_sim/local/lib/python3.10/dist-packages/crazyflie_sim/visualization/data/env/machine_shop.jpg
[0.555s] -- Up-to-date: /home/uav/ura-drone-2025/ros2_ws/src/install/crazyflie_sim/local/lib/python3.10/dist-packages/crazyflie_sim/visualization/data/env/crosswalk.jpg
[0.555s] -- Up-to-date: /home/uav/ura-drone-2025/ros2_ws/src/install/crazyflie_sim/local/lib/python3.10/dist-packages/crazyflie_sim/visualization/data/env/peppermint_powerplant.jpg
[0.555s] -- Up-to-date: /home/uav/ura-drone-2025/ros2_ws/src/install/crazyflie_sim/local/lib/python3.10/dist-packages/crazyflie_sim/visualization/data/env/derelict_overpass.jpg
[0.555s] -- Up-to-date: /home/uav/ura-drone-2025/ros2_ws/src/install/crazyflie_sim/local/lib/python3.10/dist-packages/crazyflie_sim/visualization/data/env/aerodynamics_workshop.jpg
[0.555s] -- Up-to-date: /home/uav/ura-drone-2025/ros2_ws/src/install/crazyflie_sim/local/lib/python3.10/dist-packages/crazyflie_sim/visualization/data/model
[0.555s] -- Up-to-date: /home/uav/ura-drone-2025/ros2_ws/src/install/crazyflie_sim/local/lib/python3.10/dist-packages/crazyflie_sim/visualization/data/model/cf.mtl
[0.556s] -- Up-to-date: /home/uav/ura-drone-2025/ros2_ws/src/install/crazyflie_sim/local/lib/python3.10/dist-packages/crazyflie_sim/visualization/data/model/cf.obj
[0.556s] -- Up-to-date: /home/uav/ura-drone-2025/ros2_ws/src/install/crazyflie_sim/local/lib/python3.10/dist-packages/crazyflie_sim/visualization/blender.py
[0.556s] -- Up-to-date: /home/uav/ura-drone-2025/ros2_ws/src/install/crazyflie_sim/local/lib/python3.10/dist-packages/crazyflie_sim/visualization/README.md
[0.556s] -- Up-to-date: /home/uav/ura-drone-2025/ros2_ws/src/install/crazyflie_sim/local/lib/python3.10/dist-packages/crazyflie_sim/visualization/record_states.py
[0.556s] -- Up-to-date: /home/uav/ura-drone-2025/ros2_ws/src/install/crazyflie_sim/local/lib/python3.10/dist-packages/crazyflie_sim/crazyflie_sil.py
[0.556s] -- Up-to-date: /home/uav/ura-drone-2025/ros2_ws/src/install/crazyflie_sim/local/lib/python3.10/dist-packages/crazyflie_sim/sim_data_types.py
[0.556s] -- Up-to-date: /home/uav/ura-drone-2025/ros2_ws/src/install/crazyflie_sim/local/lib/python3.10/dist-packages/crazyflie_sim/crazyflie_server.py
[0.556s] -- Up-to-date: /home/uav/ura-drone-2025/ros2_ws/src/install/crazyflie_sim/local/lib/python3.10/dist-packages/crazyflie_sim/backend
[0.556s] -- Up-to-date: /home/uav/ura-drone-2025/ros2_ws/src/install/crazyflie_sim/local/lib/python3.10/dist-packages/crazyflie_sim/backend/pinocchio.py
[0.556s] -- Up-to-date: /home/uav/ura-drone-2025/ros2_ws/src/install/crazyflie_sim/local/lib/python3.10/dist-packages/crazyflie_sim/backend/np.py
[0.556s] -- Up-to-date: /home/uav/ura-drone-2025/ros2_ws/src/install/crazyflie_sim/local/lib/python3.10/dist-packages/crazyflie_sim/backend/none.py
[0.556s] -- Up-to-date: /home/uav/ura-drone-2025/ros2_ws/src/install/crazyflie_sim/local/lib/python3.10/dist-packages/crazyflie_sim/backend/data
[0.556s] -- Up-to-date: /home/uav/ura-drone-2025/ros2_ws/src/install/crazyflie_sim/local/lib/python3.10/dist-packages/crazyflie_sim/backend/data/dynobench
[0.556s] -- Up-to-date: /home/uav/ura-drone-2025/ros2_ws/src/install/crazyflie_sim/local/lib/python3.10/dist-packages/crazyflie_sim/backend/data/dynobench/crazyflie2.yaml
[0.557s] -- Up-to-date: /home/uav/ura-drone-2025/ros2_ws/src/install/crazyflie_sim/local/lib/python3.10/dist-packages/crazyflie_sim/backend/data/neuralswarm2
[0.557s] -- Up-to-date: /home/uav/ura-drone-2025/ros2_ws/src/install/crazyflie_sim/local/lib/python3.10/dist-packages/crazyflie_sim/backend/data/neuralswarm2/phi_G.pth
[0.557s] -- Up-to-date: /home/uav/ura-drone-2025/ros2_ws/src/install/crazyflie_sim/local/lib/python3.10/dist-packages/crazyflie_sim/backend/data/neuralswarm2/rho_S.pth
[0.557s] -- Up-to-date: /home/uav/ura-drone-2025/ros2_ws/src/install/crazyflie_sim/local/lib/python3.10/dist-packages/crazyflie_sim/backend/data/neuralswarm2/phi_L.pth
[0.557s] -- Up-to-date: /home/uav/ura-drone-2025/ros2_ws/src/install/crazyflie_sim/local/lib/python3.10/dist-packages/crazyflie_sim/backend/data/neuralswarm2/phi_S.pth
[0.557s] -- Up-to-date: /home/uav/ura-drone-2025/ros2_ws/src/install/crazyflie_sim/local/lib/python3.10/dist-packages/crazyflie_sim/backend/data/neuralswarm2/rho_L.pth
[0.557s] -- Up-to-date: /home/uav/ura-drone-2025/ros2_ws/src/install/crazyflie_sim/local/lib/python3.10/dist-packages/crazyflie_sim/backend/data/pinocchio
[0.557s] -- Up-to-date: /home/uav/ura-drone-2025/ros2_ws/src/install/crazyflie_sim/local/lib/python3.10/dist-packages/crazyflie_sim/backend/data/pinocchio/crazyflie2.urdf
[0.557s] -- Up-to-date: /home/uav/ura-drone-2025/ros2_ws/src/install/crazyflie_sim/local/lib/python3.10/dist-packages/crazyflie_sim/backend/dynobench.py
[0.557s] -- Up-to-date: /home/uav/ura-drone-2025/ros2_ws/src/install/crazyflie_sim/local/lib/python3.10/dist-packages/crazyflie_sim/backend/neuralswarm.py
[0.557s] -- Up-to-date: /home/uav/ura-drone-2025/ros2_ws/src/install/crazyflie_sim/local/lib/python3.10/dist-packages/crazyflie_sim/__init__.py
[0.580s] Listing '/home/uav/ura-drone-2025/ros2_ws/src/install/crazyflie_sim/local/lib/python3.10/dist-packages/crazyflie_sim'...
[0.580s] Listing '/home/uav/ura-drone-2025/ros2_ws/src/install/crazyflie_sim/local/lib/python3.10/dist-packages/crazyflie_sim/backend'...
[0.580s] Listing '/home/uav/ura-drone-2025/ros2_ws/src/install/crazyflie_sim/local/lib/python3.10/dist-packages/crazyflie_sim/backend/data'...
[0.580s] Listing '/home/uav/ura-drone-2025/ros2_ws/src/install/crazyflie_sim/local/lib/python3.10/dist-packages/crazyflie_sim/backend/data/dynobench'...
[0.581s] Listing '/home/uav/ura-drone-2025/ros2_ws/src/install/crazyflie_sim/local/lib/python3.10/dist-packages/crazyflie_sim/backend/data/neuralswarm2'...
[0.581s] Listing '/home/uav/ura-drone-2025/ros2_ws/src/install/crazyflie_sim/local/lib/python3.10/dist-packages/crazyflie_sim/backend/data/pinocchio'...
[0.581s] Listing '/home/uav/ura-drone-2025/ros2_ws/src/install/crazyflie_sim/local/lib/python3.10/dist-packages/crazyflie_sim/visualization'...
[0.581s] Listing '/home/uav/ura-drone-2025/ros2_ws/src/install/crazyflie_sim/local/lib/python3.10/dist-packages/crazyflie_sim/visualization/data'...
[0.581s] Listing '/home/uav/ura-drone-2025/ros2_ws/src/install/crazyflie_sim/local/lib/python3.10/dist-packages/crazyflie_sim/visualization/data/env'...
[0.581s] Listing '/home/uav/ura-drone-2025/ros2_ws/src/install/crazyflie_sim/local/lib/python3.10/dist-packages/crazyflie_sim/visualization/data/model'...
[0.583s] -- Up-to-date: /home/uav/ura-drone-2025/ros2_ws/src/install/crazyflie_sim/share/ament_index/resource_index/package_run_dependencies/crazyflie_sim
[0.583s] -- Up-to-date: /home/uav/ura-drone-2025/ros2_ws/src/install/crazyflie_sim/share/ament_index/resource_index/parent_prefix_path/crazyflie_sim
[0.583s] -- Up-to-date: /home/uav/ura-drone-2025/ros2_ws/src/install/crazyflie_sim/share/crazyflie_sim/environment/ament_prefix_path.sh
[0.583s] -- Up-to-date: /home/uav/ura-drone-2025/ros2_ws/src/install/crazyflie_sim/share/crazyflie_sim/environment/ament_prefix_path.dsv
[0.584s] -- Up-to-date: /home/uav/ura-drone-2025/ros2_ws/src/install/crazyflie_sim/share/crazyflie_sim/environment/path.sh
[0.584s] -- Up-to-date: /home/uav/ura-drone-2025/ros2_ws/src/install/crazyflie_sim/share/crazyflie_sim/environment/path.dsv
[0.584s] -- Up-to-date: /home/uav/ura-drone-2025/ros2_ws/src/install/crazyflie_sim/share/crazyflie_sim/local_setup.bash
[0.584s] -- Up-to-date: /home/uav/ura-drone-2025/ros2_ws/src/install/crazyflie_sim/share/crazyflie_sim/local_setup.sh
[0.584s] -- Up-to-date: /home/uav/ura-drone-2025/ros2_ws/src/install/crazyflie_sim/share/crazyflie_sim/local_setup.zsh
[0.584s] -- Up-to-date: /home/uav/ura-drone-2025/ros2_ws/src/install/crazyflie_sim/share/crazyflie_sim/local_setup.dsv
[0.584s] -- Up-to-date: /home/uav/ura-drone-2025/ros2_ws/src/install/crazyflie_sim/share/crazyflie_sim/package.dsv
[0.584s] -- Up-to-date: /home/uav/ura-drone-2025/ros2_ws/src/install/crazyflie_sim/share/ament_index/resource_index/packages/crazyflie_sim
[0.584s] -- Up-to-date: /home/uav/ura-drone-2025/ros2_ws/src/install/crazyflie_sim/share/crazyflie_sim/cmake/crazyflie_simConfig.cmake
[0.584s] -- Up-to-date: /home/uav/ura-drone-2025/ros2_ws/src/install/crazyflie_sim/share/crazyflie_sim/cmake/crazyflie_simConfig-version.cmake
[0.584s] -- Up-to-date: /home/uav/ura-drone-2025/ros2_ws/src/install/crazyflie_sim/share/crazyflie_sim/package.xml
[0.585s] Invoked command in '/home/uav/ura-drone-2025/ros2_ws/src/build/crazyflie_sim' returned '0': AMENT_PREFIX_PATH=/home/uav/ura-drone-2025/ros2_ws/src/install/crazyflie_interfaces:${AMENT_PREFIX_PATH} CMAKE_PREFIX_PATH=/home/uav/ura-drone-2025/ros2_ws/src/install/crazyflie_interfaces:/home/uav/ura-drone-2025/ros2_ws/install/crazyflie_test:/opt/ros/humble LD_LIBRARY_PATH=/home/uav/ura-drone-2025/ros2_ws/src/install/crazyflie_interfaces/lib:${LD_LIBRARY_PATH} PYTHONPATH=/home/uav/ura-drone-2025/ros2_ws/src/install/crazyflie_interfaces/local/lib/python3.10/dist-packages:${PYTHONPATH} /usr/bin/cmake --install /home/uav/ura-drone-2025/ros2_ws/src/build/crazyflie_sim
