[0.012s] Invoking command in '/home/uav/ura-drone-2025/ros2_ws/src/build/crazyflie_examples': AMENT_PREFIX_PATH=/home/uav/ura-drone-2025/ros2_ws/src/install/crazyflie_py:/home/uav/ura-drone-2025/ros2_ws/src/install/crazyflie_interfaces:${AMENT_PREFIX_PATH} CMAKE_PREFIX_PATH=/home/uav/ura-drone-2025/ros2_ws/src/install/crazyflie_interfaces:/home/uav/ura-drone-2025/ros2_ws/install/crazyflie_test:/opt/ros/humble LD_LIBRARY_PATH=/home/uav/ura-drone-2025/ros2_ws/src/install/crazyflie_interfaces/lib:${LD_LIBRARY_PATH} PYTHONPATH=/home/uav/ura-drone-2025/ros2_ws/src/install/crazyflie_py/lib/python3.10/site-packages:/home/uav/ura-drone-2025/ros2_ws/src/install/crazyflie_interfaces/local/lib/python3.10/dist-packages:${PYTHONPATH} /usr/bin/cmake /home/uav/ura-drone-2025/ros2_ws/src/crazyswarm2/crazyflie_examples -DCMAKE_INSTALL_PREFIX=/home/uav/ura-drone-2025/ros2_ws/src/install/crazyflie_examples
[0.051s] -- The C compiler identification is GNU 11.4.0
[0.098s] -- The CXX compiler identification is GNU 11.4.0
[0.104s] -- Detecting C compiler ABI info
[0.156s] -- Detecting C compiler ABI info - done
[0.162s] -- Check for working C compiler: /usr/bin/cc - skipped
[0.162s] -- Detecting C compile features
[0.162s] -- Detecting C compile features - done
[0.165s] -- Detecting CXX compiler ABI info
[0.222s] -- Detecting CXX compiler ABI info - done
[0.227s] -- Check for working CXX compiler: /usr/bin/c++ - skipped
[0.227s] -- Detecting CXX compile features
[0.228s] -- Detecting CXX compile features - done
[0.229s] -- Found ament_cmake: 1.3.12 (/opt/ros/humble/share/ament_cmake/cmake)
[0.373s] -- Found Python3: /usr/bin/python3 (found version "3.10.12") found components: Interpreter 
[0.504s] -- Found ament_cmake_pytest: 1.3.12 (/opt/ros/humble/share/ament_cmake_pytest/cmake)
[1.305s] -- Configuring done
[1.310s] -- Generating done
[1.314s] -- Build files have been written to: /home/uav/ura-drone-2025/ros2_ws/src/build/crazyflie_examples
[1.318s] Invoked command in '/home/uav/ura-drone-2025/ros2_ws/src/build/crazyflie_examples' returned '0': AMENT_PREFIX_PATH=/home/uav/ura-drone-2025/ros2_ws/src/install/crazyflie_py:/home/uav/ura-drone-2025/ros2_ws/src/install/crazyflie_interfaces:${AMENT_PREFIX_PATH} CMAKE_PREFIX_PATH=/home/uav/ura-drone-2025/ros2_ws/src/install/crazyflie_interfaces:/home/uav/ura-drone-2025/ros2_ws/install/crazyflie_test:/opt/ros/humble LD_LIBRARY_PATH=/home/uav/ura-drone-2025/ros2_ws/src/install/crazyflie_interfaces/lib:${LD_LIBRARY_PATH} PYTHONPATH=/home/uav/ura-drone-2025/ros2_ws/src/install/crazyflie_py/lib/python3.10/site-packages:/home/uav/ura-drone-2025/ros2_ws/src/install/crazyflie_interfaces/local/lib/python3.10/dist-packages:${PYTHONPATH} /usr/bin/cmake /home/uav/ura-drone-2025/ros2_ws/src/crazyswarm2/crazyflie_examples -DCMAKE_INSTALL_PREFIX=/home/uav/ura-drone-2025/ros2_ws/src/install/crazyflie_examples
[1.320s] Invoking command in '/home/uav/ura-drone-2025/ros2_ws/src/build/crazyflie_examples': AMENT_PREFIX_PATH=/home/uav/ura-drone-2025/ros2_ws/src/install/crazyflie_py:/home/uav/ura-drone-2025/ros2_ws/src/install/crazyflie_interfaces:${AMENT_PREFIX_PATH} CMAKE_PREFIX_PATH=/home/uav/ura-drone-2025/ros2_ws/src/install/crazyflie_interfaces:/home/uav/ura-drone-2025/ros2_ws/install/crazyflie_test:/opt/ros/humble LD_LIBRARY_PATH=/home/uav/ura-drone-2025/ros2_ws/src/install/crazyflie_interfaces/lib:${LD_LIBRARY_PATH} PYTHONPATH=/home/uav/ura-drone-2025/ros2_ws/src/install/crazyflie_py/lib/python3.10/site-packages:/home/uav/ura-drone-2025/ros2_ws/src/install/crazyflie_interfaces/local/lib/python3.10/dist-packages:${PYTHONPATH} /usr/bin/cmake --build /home/uav/ura-drone-2025/ros2_ws/src/build/crazyflie_examples -- -j12 -l12
[1.382s] Built target ament_cmake_python_copy_crazyflie_examples_setup
[1.392s] Built target ament_cmake_python_copy_crazyflie_examples
[1.622s] running install_scripts
[1.624s] /usr/lib/python3/dist-packages/setuptools/command/install.py:34: SetuptoolsDeprecationWarning: setup.py install is deprecated. Use build and pip and other standards-based tools.
[1.624s]   warnings.warn(
[1.642s] running egg_info
[1.643s] creating crazyflie_examples.egg-info
[1.643s] writing crazyflie_examples.egg-info/PKG-INFO
[1.643s] writing dependency_links to crazyflie_examples.egg-info/dependency_links.txt
[1.643s] writing entry points to crazyflie_examples.egg-info/entry_points.txt
[1.643s] writing top-level names to crazyflie_examples.egg-info/top_level.txt
[1.643s] writing manifest file 'crazyflie_examples.egg-info/SOURCES.txt'
[1.645s] reading manifest file 'crazyflie_examples.egg-info/SOURCES.txt'
[1.645s] writing manifest file 'crazyflie_examples.egg-info/SOURCES.txt'
[1.646s] Installing arming script to scripts
[1.647s] Installing cmd_full_state script to scripts
[1.647s] Installing figure8 script to scripts
[1.647s] Installing group_mask script to scripts
[1.647s] Installing hello_world script to scripts
[1.647s] Installing infinite_flight script to scripts
[1.647s] Installing multi_trajectory script to scripts
[1.647s] Installing nice_hover script to scripts
[1.647s] Installing set_param script to scripts
[1.647s] Installing swap script to scripts
[1.682s] Built target ament_cmake_python_build_crazyflie_examples_scripts
[1.776s] running egg_info
[1.777s] writing crazyflie_examples.egg-info/PKG-INFO
[1.777s] writing dependency_links to crazyflie_examples.egg-info/dependency_links.txt
[1.777s] writing entry points to crazyflie_examples.egg-info/entry_points.txt
[1.777s] writing top-level names to crazyflie_examples.egg-info/top_level.txt
[1.780s] reading manifest file 'crazyflie_examples.egg-info/SOURCES.txt'
[1.781s] writing manifest file 'crazyflie_examples.egg-info/SOURCES.txt'
[1.814s] Built target ament_cmake_python_build_crazyflie_examples_egg
[1.824s] Invoked command in '/home/uav/ura-drone-2025/ros2_ws/src/build/crazyflie_examples' returned '0': AMENT_PREFIX_PATH=/home/uav/ura-drone-2025/ros2_ws/src/install/crazyflie_py:/home/uav/ura-drone-2025/ros2_ws/src/install/crazyflie_interfaces:${AMENT_PREFIX_PATH} CMAKE_PREFIX_PATH=/home/uav/ura-drone-2025/ros2_ws/src/install/crazyflie_interfaces:/home/uav/ura-drone-2025/ros2_ws/install/crazyflie_test:/opt/ros/humble LD_LIBRARY_PATH=/home/uav/ura-drone-2025/ros2_ws/src/install/crazyflie_interfaces/lib:${LD_LIBRARY_PATH} PYTHONPATH=/home/uav/ura-drone-2025/ros2_ws/src/install/crazyflie_py/lib/python3.10/site-packages:/home/uav/ura-drone-2025/ros2_ws/src/install/crazyflie_interfaces/local/lib/python3.10/dist-packages:${PYTHONPATH} /usr/bin/cmake --build /home/uav/ura-drone-2025/ros2_ws/src/build/crazyflie_examples -- -j12 -l12
[1.826s] Invoking command in '/home/uav/ura-drone-2025/ros2_ws/src/build/crazyflie_examples': AMENT_PREFIX_PATH=/home/uav/ura-drone-2025/ros2_ws/src/install/crazyflie_py:/home/uav/ura-drone-2025/ros2_ws/src/install/crazyflie_interfaces:${AMENT_PREFIX_PATH} CMAKE_PREFIX_PATH=/home/uav/ura-drone-2025/ros2_ws/src/install/crazyflie_interfaces:/home/uav/ura-drone-2025/ros2_ws/install/crazyflie_test:/opt/ros/humble LD_LIBRARY_PATH=/home/uav/ura-drone-2025/ros2_ws/src/install/crazyflie_interfaces/lib:${LD_LIBRARY_PATH} PYTHONPATH=/home/uav/ura-drone-2025/ros2_ws/src/install/crazyflie_py/lib/python3.10/site-packages:/home/uav/ura-drone-2025/ros2_ws/src/install/crazyflie_interfaces/local/lib/python3.10/dist-packages:${PYTHONPATH} /usr/bin/cmake --install /home/uav/ura-drone-2025/ros2_ws/src/build/crazyflie_examples
[1.833s] -- Install configuration: ""
[1.833s] -- Installing: /home/uav/ura-drone-2025/ros2_ws/src/install/crazyflie_examples/share/crazyflie_examples/environment/pythonpath.sh
[1.833s] -- Installing: /home/uav/ura-drone-2025/ros2_ws/src/install/crazyflie_examples/share/crazyflie_examples/environment/pythonpath.dsv
[1.833s] -- Installing: /home/uav/ura-drone-2025/ros2_ws/src/install/crazyflie_examples/local/lib/python3.10/dist-packages/crazyflie_examples-1.0.3-py3.10.egg-info
[1.834s] -- Installing: /home/uav/ura-drone-2025/ros2_ws/src/install/crazyflie_examples/local/lib/python3.10/dist-packages/crazyflie_examples-1.0.3-py3.10.egg-info/PKG-INFO
[1.834s] -- Installing: /home/uav/ura-drone-2025/ros2_ws/src/install/crazyflie_examples/local/lib/python3.10/dist-packages/crazyflie_examples-1.0.3-py3.10.egg-info/top_level.txt
[1.834s] -- Installing: /home/uav/ura-drone-2025/ros2_ws/src/install/crazyflie_examples/local/lib/python3.10/dist-packages/crazyflie_examples-1.0.3-py3.10.egg-info/SOURCES.txt
[1.834s] -- Installing: /home/uav/ura-drone-2025/ros2_ws/src/install/crazyflie_examples/local/lib/python3.10/dist-packages/crazyflie_examples-1.0.3-py3.10.egg-info/entry_points.txt
[1.834s] -- Installing: /home/uav/ura-drone-2025/ros2_ws/src/install/crazyflie_examples/local/lib/python3.10/dist-packages/crazyflie_examples-1.0.3-py3.10.egg-info/dependency_links.txt
[1.834s] -- Installing: /home/uav/ura-drone-2025/ros2_ws/src/install/crazyflie_examples/lib/crazyflie_examples/
[1.834s] -- Installing: /home/uav/ura-drone-2025/ros2_ws/src/install/crazyflie_examples/lib/crazyflie_examples//multi_trajectory
[1.834s] -- Installing: /home/uav/ura-drone-2025/ros2_ws/src/install/crazyflie_examples/lib/crazyflie_examples//set_param
[1.834s] -- Installing: /home/uav/ura-drone-2025/ros2_ws/src/install/crazyflie_examples/lib/crazyflie_examples//figure8
[1.834s] -- Installing: /home/uav/ura-drone-2025/ros2_ws/src/install/crazyflie_examples/lib/crazyflie_examples//group_mask
[1.834s] -- Installing: /home/uav/ura-drone-2025/ros2_ws/src/install/crazyflie_examples/lib/crazyflie_examples//hello_world
[1.835s] -- Installing: /home/uav/ura-drone-2025/ros2_ws/src/install/crazyflie_examples/lib/crazyflie_examples//swap
[1.835s] -- Installing: /home/uav/ura-drone-2025/ros2_ws/src/install/crazyflie_examples/lib/crazyflie_examples//arming
[1.835s] -- Installing: /home/uav/ura-drone-2025/ros2_ws/src/install/crazyflie_examples/lib/crazyflie_examples//nice_hover
[1.835s] -- Installing: /home/uav/ura-drone-2025/ros2_ws/src/install/crazyflie_examples/lib/crazyflie_examples//infinite_flight
[1.835s] -- Installing: /home/uav/ura-drone-2025/ros2_ws/src/install/crazyflie_examples/lib/crazyflie_examples//cmd_full_state
[1.835s] -- Installing: /home/uav/ura-drone-2025/ros2_ws/src/install/crazyflie_examples/local/lib/python3.10/dist-packages/crazyflie_examples
[1.835s] -- Installing: /home/uav/ura-drone-2025/ros2_ws/src/install/crazyflie_examples/local/lib/python3.10/dist-packages/crazyflie_examples/figure8.py
[1.835s] -- Installing: /home/uav/ura-drone-2025/ros2_ws/src/install/crazyflie_examples/local/lib/python3.10/dist-packages/crazyflie_examples/arming.py
[1.835s] -- Installing: /home/uav/ura-drone-2025/ros2_ws/src/install/crazyflie_examples/local/lib/python3.10/dist-packages/crazyflie_examples/multi_trajectory.py
[1.836s] -- Installing: /home/uav/ura-drone-2025/ros2_ws/src/install/crazyflie_examples/local/lib/python3.10/dist-packages/crazyflie_examples/group_mask.py
[1.836s] -- Installing: /home/uav/ura-drone-2025/ros2_ws/src/install/crazyflie_examples/local/lib/python3.10/dist-packages/crazyflie_examples/cmd_full_state.py
[1.836s] -- Installing: /home/uav/ura-drone-2025/ros2_ws/src/install/crazyflie_examples/local/lib/python3.10/dist-packages/crazyflie_examples/data
[1.836s] -- Installing: /home/uav/ura-drone-2025/ros2_ws/src/install/crazyflie_examples/local/lib/python3.10/dist-packages/crazyflie_examples/data/multi_trajectory
[1.836s] -- Installing: /home/uav/ura-drone-2025/ros2_ws/src/install/crazyflie_examples/local/lib/python3.10/dist-packages/crazyflie_examples/data/multi_trajectory/traj0.csv
[1.836s] -- Installing: /home/uav/ura-drone-2025/ros2_ws/src/install/crazyflie_examples/local/lib/python3.10/dist-packages/crazyflie_examples/data/multi_trajectory/traj1.csv
[1.836s] -- Installing: /home/uav/ura-drone-2025/ros2_ws/src/install/crazyflie_examples/local/lib/python3.10/dist-packages/crazyflie_examples/data/figure8.csv
[1.836s] -- Installing: /home/uav/ura-drone-2025/ros2_ws/src/install/crazyflie_examples/local/lib/python3.10/dist-packages/crazyflie_examples/infinite_flight.py
[1.836s] -- Installing: /home/uav/ura-drone-2025/ros2_ws/src/install/crazyflie_examples/local/lib/python3.10/dist-packages/crazyflie_examples/nice_hover.py
[1.837s] -- Installing: /home/uav/ura-drone-2025/ros2_ws/src/install/crazyflie_examples/local/lib/python3.10/dist-packages/crazyflie_examples/hello_world.py
[1.837s] -- Installing: /home/uav/ura-drone-2025/ros2_ws/src/install/crazyflie_examples/local/lib/python3.10/dist-packages/crazyflie_examples/swap.py
[1.837s] -- Installing: /home/uav/ura-drone-2025/ros2_ws/src/install/crazyflie_examples/local/lib/python3.10/dist-packages/crazyflie_examples/set_param.py
[1.837s] -- Installing: /home/uav/ura-drone-2025/ros2_ws/src/install/crazyflie_examples/local/lib/python3.10/dist-packages/crazyflie_examples/__init__.py
[1.880s] Listing '/home/uav/ura-drone-2025/ros2_ws/src/install/crazyflie_examples/local/lib/python3.10/dist-packages/crazyflie_examples'...
[1.880s] Compiling '/home/uav/ura-drone-2025/ros2_ws/src/install/crazyflie_examples/local/lib/python3.10/dist-packages/crazyflie_examples/__init__.py'...
[1.880s] Compiling '/home/uav/ura-drone-2025/ros2_ws/src/install/crazyflie_examples/local/lib/python3.10/dist-packages/crazyflie_examples/arming.py'...
[1.880s] Compiling '/home/uav/ura-drone-2025/ros2_ws/src/install/crazyflie_examples/local/lib/python3.10/dist-packages/crazyflie_examples/cmd_full_state.py'...
[1.880s] Listing '/home/uav/ura-drone-2025/ros2_ws/src/install/crazyflie_examples/local/lib/python3.10/dist-packages/crazyflie_examples/data'...
[1.880s] Listing '/home/uav/ura-drone-2025/ros2_ws/src/install/crazyflie_examples/local/lib/python3.10/dist-packages/crazyflie_examples/data/multi_trajectory'...
[1.880s] Compiling '/home/uav/ura-drone-2025/ros2_ws/src/install/crazyflie_examples/local/lib/python3.10/dist-packages/crazyflie_examples/figure8.py'...
[1.880s] Compiling '/home/uav/ura-drone-2025/ros2_ws/src/install/crazyflie_examples/local/lib/python3.10/dist-packages/crazyflie_examples/group_mask.py'...
[1.880s] Compiling '/home/uav/ura-drone-2025/ros2_ws/src/install/crazyflie_examples/local/lib/python3.10/dist-packages/crazyflie_examples/hello_world.py'...
[1.880s] Compiling '/home/uav/ura-drone-2025/ros2_ws/src/install/crazyflie_examples/local/lib/python3.10/dist-packages/crazyflie_examples/infinite_flight.py'...
[1.880s] Compiling '/home/uav/ura-drone-2025/ros2_ws/src/install/crazyflie_examples/local/lib/python3.10/dist-packages/crazyflie_examples/multi_trajectory.py'...
[1.880s] Compiling '/home/uav/ura-drone-2025/ros2_ws/src/install/crazyflie_examples/local/lib/python3.10/dist-packages/crazyflie_examples/nice_hover.py'...
[1.880s] Compiling '/home/uav/ura-drone-2025/ros2_ws/src/install/crazyflie_examples/local/lib/python3.10/dist-packages/crazyflie_examples/set_param.py'...
[1.880s] Compiling '/home/uav/ura-drone-2025/ros2_ws/src/install/crazyflie_examples/local/lib/python3.10/dist-packages/crazyflie_examples/swap.py'...
[1.884s] -- Installing: /home/uav/ura-drone-2025/ros2_ws/src/install/crazyflie_examples/share/crazyflie_examples//config
[1.884s] -- Installing: /home/uav/ura-drone-2025/ros2_ws/src/install/crazyflie_examples/share/crazyflie_examples//config/nav2_params.yaml
[1.885s] -- Installing: /home/uav/ura-drone-2025/ros2_ws/src/install/crazyflie_examples/share/crazyflie_examples//config/slam_params.yaml
[1.885s] -- Installing: /home/uav/ura-drone-2025/ros2_ws/src/install/crazyflie_examples/share/crazyflie_examples//config/nav2_view.rviz
[1.885s] -- Installing: /home/uav/ura-drone-2025/ros2_ws/src/install/crazyflie_examples/share/crazyflie_examples//data
[1.885s] -- Installing: /home/uav/ura-drone-2025/ros2_ws/src/install/crazyflie_examples/share/crazyflie_examples//data/map.yaml
[1.885s] -- Installing: /home/uav/ura-drone-2025/ros2_ws/src/install/crazyflie_examples/share/crazyflie_examples//data/map.posegraph
[1.886s] -- Installing: /home/uav/ura-drone-2025/ros2_ws/src/install/crazyflie_examples/share/crazyflie_examples//data/map.pgm
[1.887s] -- Installing: /home/uav/ura-drone-2025/ros2_ws/src/install/crazyflie_examples/share/crazyflie_examples//data/map.data
[1.887s] -- Installing: /home/uav/ura-drone-2025/ros2_ws/src/install/crazyflie_examples/share/crazyflie_examples//launch
[1.887s] -- Installing: /home/uav/ura-drone-2025/ros2_ws/src/install/crazyflie_examples/share/crazyflie_examples//launch/multiranger_mapping_launch.py
[1.887s] -- Installing: /home/uav/ura-drone-2025/ros2_ws/src/install/crazyflie_examples/share/crazyflie_examples//launch/multiranger_nav2_launch.py
[1.887s] -- Installing: /home/uav/ura-drone-2025/ros2_ws/src/install/crazyflie_examples/share/crazyflie_examples//launch/keyboard_velmux_launch.py
[1.887s] -- Installing: /home/uav/ura-drone-2025/ros2_ws/src/install/crazyflie_examples/share/crazyflie_examples//launch/launch.py
[1.887s] -- Installing: /home/uav/ura-drone-2025/ros2_ws/src/install/crazyflie_examples/share/crazyflie_examples//launch/multiranger_simple_mapper_launch.py
[1.888s] -- Installing: /home/uav/ura-drone-2025/ros2_ws/src/install/crazyflie_examples/share/ament_index/resource_index/package_run_dependencies/crazyflie_examples
[1.888s] -- Installing: /home/uav/ura-drone-2025/ros2_ws/src/install/crazyflie_examples/share/ament_index/resource_index/parent_prefix_path/crazyflie_examples
[1.888s] -- Installing: /home/uav/ura-drone-2025/ros2_ws/src/install/crazyflie_examples/share/crazyflie_examples/environment/ament_prefix_path.sh
[1.888s] -- Installing: /home/uav/ura-drone-2025/ros2_ws/src/install/crazyflie_examples/share/crazyflie_examples/environment/ament_prefix_path.dsv
[1.888s] -- Installing: /home/uav/ura-drone-2025/ros2_ws/src/install/crazyflie_examples/share/crazyflie_examples/environment/path.sh
[1.888s] -- Installing: /home/uav/ura-drone-2025/ros2_ws/src/install/crazyflie_examples/share/crazyflie_examples/environment/path.dsv
[1.888s] -- Installing: /home/uav/ura-drone-2025/ros2_ws/src/install/crazyflie_examples/share/crazyflie_examples/local_setup.bash
[1.888s] -- Installing: /home/uav/ura-drone-2025/ros2_ws/src/install/crazyflie_examples/share/crazyflie_examples/local_setup.sh
[1.889s] -- Installing: /home/uav/ura-drone-2025/ros2_ws/src/install/crazyflie_examples/share/crazyflie_examples/local_setup.zsh
[1.889s] -- Installing: /home/uav/ura-drone-2025/ros2_ws/src/install/crazyflie_examples/share/crazyflie_examples/local_setup.dsv
[1.889s] -- Installing: /home/uav/ura-drone-2025/ros2_ws/src/install/crazyflie_examples/share/crazyflie_examples/package.dsv
[1.889s] -- Installing: /home/uav/ura-drone-2025/ros2_ws/src/install/crazyflie_examples/share/ament_index/resource_index/packages/crazyflie_examples
[1.889s] -- Installing: /home/uav/ura-drone-2025/ros2_ws/src/install/crazyflie_examples/share/crazyflie_examples/cmake/crazyflie_examplesConfig.cmake
[1.889s] -- Installing: /home/uav/ura-drone-2025/ros2_ws/src/install/crazyflie_examples/share/crazyflie_examples/cmake/crazyflie_examplesConfig-version.cmake
[1.889s] -- Installing: /home/uav/ura-drone-2025/ros2_ws/src/install/crazyflie_examples/share/crazyflie_examples/package.xml
[1.892s] Invoked command in '/home/uav/ura-drone-2025/ros2_ws/src/build/crazyflie_examples' returned '0': AMENT_PREFIX_PATH=/home/uav/ura-drone-2025/ros2_ws/src/install/crazyflie_py:/home/uav/ura-drone-2025/ros2_ws/src/install/crazyflie_interfaces:${AMENT_PREFIX_PATH} CMAKE_PREFIX_PATH=/home/uav/ura-drone-2025/ros2_ws/src/install/crazyflie_interfaces:/home/uav/ura-drone-2025/ros2_ws/install/crazyflie_test:/opt/ros/humble LD_LIBRARY_PATH=/home/uav/ura-drone-2025/ros2_ws/src/install/crazyflie_interfaces/lib:${LD_LIBRARY_PATH} PYTHONPATH=/home/uav/ura-drone-2025/ros2_ws/src/install/crazyflie_py/lib/python3.10/site-packages:/home/uav/ura-drone-2025/ros2_ws/src/install/crazyflie_interfaces/local/lib/python3.10/dist-packages:${PYTHONPATH} /usr/bin/cmake --install /home/uav/ura-drone-2025/ros2_ws/src/build/crazyflie_examples
