[0.172s] Invoking command in '/home/uav/ura-drone-2025/ros2_ws/src/build/crazyflie': AMENT_PREFIX_PATH=/home/uav/ura-drone-2025/ros2_ws/src/install/crazyflie_interfaces:${AMENT_PREFIX_PATH} CMAKE_PREFIX_PATH=/home/uav/ura-drone-2025/ros2_ws/src/install/crazyflie_interfaces:/home/uav/ura-drone-2025/ros2_ws/install/crazyflie_test:/opt/ros/humble LD_LIBRARY_PATH=/home/uav/ura-drone-2025/ros2_ws/src/install/crazyflie_interfaces/lib:${LD_LIBRARY_PATH} PYTHONPATH=/home/uav/ura-drone-2025/ros2_ws/src/install/crazyflie_interfaces/local/lib/python3.10/dist-packages:${PYTHONPATH} /usr/bin/cmake --build /home/uav/ura-drone-2025/ros2_ws/src/build/crazyflie -- -j12 -l12
[0.209s] [35m[1mConsolidate compiler generated dependencies of target teleop[0m
[0.210s] [35m[1mConsolidate compiler generated dependencies of target crazyflieLinkCpp[0m
[0.225s] [ 22%] Built target teleop
[0.225s] [ 27%] Built target crazyflieLinkCpp
[0.234s] [35m[1mConsolidate compiler generated dependencies of target crazyflie_cpp[0m
[0.246s] [ 35%] Built target crazyflie_cpp
[0.261s] [35m[1mConsolidate compiler generated dependencies of target reboot[0m
[0.261s] [35m[1mConsolidate compiler generated dependencies of target listMemories[0m
[0.261s] [35m[1mConsolidate compiler generated dependencies of target listLogVariables[0m
[0.261s] [35m[1mConsolidate compiler generated dependencies of target battery[0m
[0.261s] [35m[1mConsolidate compiler generated dependencies of target version[0m
[0.261s] [35m[1mConsolidate compiler generated dependencies of target comCheck[0m
[0.261s] [35m[1mConsolidate compiler generated dependencies of target downloadUSDLogfile[0m
[0.262s] [35m[1mConsolidate compiler generated dependencies of target listParams[0m
[0.265s] [35m[1mConsolidate compiler generated dependencies of target scan[0m
[0.266s] [35m[1mConsolidate compiler generated dependencies of target console[0m
[0.266s] [35m[1mConsolidate compiler generated dependencies of target crazyflie_server[0m
[0.269s] [35m[1mConsolidate compiler generated dependencies of target log[0m
[0.281s] [ 40%] Built target reboot
[0.283s] [ 47%] Built target listLogVariables
[0.283s] [ 50%] Built target listMemories
[0.286s] [ 55%] Built target version
[0.286s] [ 60%] Built target listParams
[0.286s] [ 65%] Built target battery
[0.288s] [ 70%] Built target scan
[0.288s] [ 75%] Built target crazyflie_server
[0.289s] [ 80%] Built target console
[0.289s] [ 87%] Built target log
[0.290s] [ 90%] Built target downloadUSDLogfile
[0.291s] [ 95%] Built target comCheck
[0.292s] [35m[1mConsolidate compiler generated dependencies of target setParam[0m
[0.306s] [100%] Built target setParam
[0.316s] Invoked command in '/home/uav/ura-drone-2025/ros2_ws/src/build/crazyflie' returned '0': AMENT_PREFIX_PATH=/home/uav/ura-drone-2025/ros2_ws/src/install/crazyflie_interfaces:${AMENT_PREFIX_PATH} CMAKE_PREFIX_PATH=/home/uav/ura-drone-2025/ros2_ws/src/install/crazyflie_interfaces:/home/uav/ura-drone-2025/ros2_ws/install/crazyflie_test:/opt/ros/humble LD_LIBRARY_PATH=/home/uav/ura-drone-2025/ros2_ws/src/install/crazyflie_interfaces/lib:${LD_LIBRARY_PATH} PYTHONPATH=/home/uav/ura-drone-2025/ros2_ws/src/install/crazyflie_interfaces/local/lib/python3.10/dist-packages:${PYTHONPATH} /usr/bin/cmake --build /home/uav/ura-drone-2025/ros2_ws/src/build/crazyflie -- -j12 -l12
[0.317s] Invoking command in '/home/uav/ura-drone-2025/ros2_ws/src/build/crazyflie': AMENT_PREFIX_PATH=/home/uav/ura-drone-2025/ros2_ws/src/install/crazyflie_interfaces:${AMENT_PREFIX_PATH} CMAKE_PREFIX_PATH=/home/uav/ura-drone-2025/ros2_ws/src/install/crazyflie_interfaces:/home/uav/ura-drone-2025/ros2_ws/install/crazyflie_test:/opt/ros/humble LD_LIBRARY_PATH=/home/uav/ura-drone-2025/ros2_ws/src/install/crazyflie_interfaces/lib:${LD_LIBRARY_PATH} PYTHONPATH=/home/uav/ura-drone-2025/ros2_ws/src/install/crazyflie_interfaces/local/lib/python3.10/dist-packages:${PYTHONPATH} /usr/bin/cmake --install /home/uav/ura-drone-2025/ros2_ws/src/build/crazyflie
[0.325s] -- Install configuration: ""
[0.325s] -- Up-to-date: /home/uav/ura-drone-2025/ros2_ws/src/install/crazyflie/lib/crazyflie/comCheck
[0.325s] -- Up-to-date: /home/uav/ura-drone-2025/ros2_ws/src/install/crazyflie/lib/crazyflie/scan
[0.325s] -- Up-to-date: /home/uav/ura-drone-2025/ros2_ws/src/install/crazyflie/lib/crazyflie/listParams
[0.325s] -- Up-to-date: /home/uav/ura-drone-2025/ros2_ws/src/install/crazyflie/lib/crazyflie/listLogVariables
[0.325s] -- Up-to-date: /home/uav/ura-drone-2025/ros2_ws/src/install/crazyflie/lib/crazyflie/listMemories
[0.326s] -- Up-to-date: /home/uav/ura-drone-2025/ros2_ws/src/install/crazyflie/lib/crazyflie/reboot
[0.326s] -- Up-to-date: /home/uav/ura-drone-2025/ros2_ws/src/install/crazyflie/lib/crazyflie/battery
[0.326s] -- Up-to-date: /home/uav/ura-drone-2025/ros2_ws/src/install/crazyflie/lib/crazyflie/version
[0.326s] -- Up-to-date: /home/uav/ura-drone-2025/ros2_ws/src/install/crazyflie/lib/crazyflie/console
[0.326s] -- Up-to-date: /home/uav/ura-drone-2025/ros2_ws/src/install/crazyflie/lib/crazyflie/log
[0.326s] -- Up-to-date: /home/uav/ura-drone-2025/ros2_ws/src/install/crazyflie/lib/crazyflie/setParam
[0.326s] -- Up-to-date: /home/uav/ura-drone-2025/ros2_ws/src/install/crazyflie/lib/crazyflie/downloadUSDLogfile
[0.327s] -- Up-to-date: /home/uav/ura-drone-2025/ros2_ws/src/install/crazyflie/lib/crazyflie/teleop
[0.327s] -- Up-to-date: /home/uav/ura-drone-2025/ros2_ws/src/install/crazyflie/lib/crazyflie/crazyflie_server
[0.327s] -- Up-to-date: /home/uav/ura-drone-2025/ros2_ws/src/install/crazyflie/lib/crazyflie/crazyflie_server.py
[0.327s] -- Up-to-date: /home/uav/ura-drone-2025/ros2_ws/src/install/crazyflie/lib/crazyflie/chooser.py
[0.327s] -- Up-to-date: /home/uav/ura-drone-2025/ros2_ws/src/install/crazyflie/lib/crazyflie/vel_mux.py
[0.327s] -- Up-to-date: /home/uav/ura-drone-2025/ros2_ws/src/install/crazyflie/lib/crazyflie/cfmult.py
[0.327s] -- Up-to-date: /home/uav/ura-drone-2025/ros2_ws/src/install/crazyflie/lib/crazyflie/simple_mapper_multiranger.py
[0.327s] -- Up-to-date: /home/uav/ura-drone-2025/ros2_ws/src/install/crazyflie/lib/crazyflie/aideck_streamer.py
[0.327s] -- Up-to-date: /home/uav/ura-drone-2025/ros2_ws/src/install/crazyflie/lib/crazyflie/gui.py
[0.327s] -- Up-to-date: /home/uav/ura-drone-2025/ros2_ws/src/install/crazyflie/lib/crazyflie/flash.py
[0.328s] -- Up-to-date: /home/uav/ura-drone-2025/ros2_ws/src/install/crazyflie/share/crazyflie//launch
[0.328s] -- Up-to-date: /home/uav/ura-drone-2025/ros2_ws/src/install/crazyflie/share/crazyflie//launch/launch.py
[0.328s] -- Up-to-date: /home/uav/ura-drone-2025/ros2_ws/src/install/crazyflie/share/crazyflie//launch/teleop_launch.py
[0.328s] -- Up-to-date: /home/uav/ura-drone-2025/ros2_ws/src/install/crazyflie/share/crazyflie//launch/launch_teleop2.py
[0.328s] -- Up-to-date: /home/uav/ura-drone-2025/ros2_ws/src/install/crazyflie/share/crazyflie//config
[0.328s] -- Up-to-date: /home/uav/ura-drone-2025/ros2_ws/src/install/crazyflie/share/crazyflie//config/motion_capture.yaml
[0.328s] -- Up-to-date: /home/uav/ura-drone-2025/ros2_ws/src/install/crazyflie/share/crazyflie//config/config.rviz
[0.328s] -- Up-to-date: /home/uav/ura-drone-2025/ros2_ws/src/install/crazyflie/share/crazyflie//config/aideck_streamer.yaml
[0.328s] -- Up-to-date: /home/uav/ura-drone-2025/ros2_ws/src/install/crazyflie/share/crazyflie//config/teleop.yaml
[0.328s] -- Up-to-date: /home/uav/ura-drone-2025/ros2_ws/src/install/crazyflie/share/crazyflie//config/crazyflies.yaml
[0.328s] -- Up-to-date: /home/uav/ura-drone-2025/ros2_ws/src/install/crazyflie/share/crazyflie//config/server.yaml
[0.328s] -- Up-to-date: /home/uav/ura-drone-2025/ros2_ws/src/install/crazyflie/share/crazyflie//urdf
[0.328s] -- Up-to-date: /home/uav/ura-drone-2025/ros2_ws/src/install/crazyflie/share/crazyflie//urdf/cf2_assembly.stl
[0.329s] -- Up-to-date: /home/uav/ura-drone-2025/ros2_ws/src/install/crazyflie/share/crazyflie//urdf/cf2_assembly_with_props.dae
[0.329s] -- Up-to-date: /home/uav/ura-drone-2025/ros2_ws/src/install/crazyflie/share/crazyflie//urdf/crazyflie_description.urdf
[0.329s] -- Up-to-date: /home/uav/ura-drone-2025/ros2_ws/src/install/crazyflie/share/ament_index/resource_index/package_run_dependencies/crazyflie
[0.329s] -- Up-to-date: /home/uav/ura-drone-2025/ros2_ws/src/install/crazyflie/share/ament_index/resource_index/parent_prefix_path/crazyflie
[0.329s] -- Up-to-date: /home/uav/ura-drone-2025/ros2_ws/src/install/crazyflie/share/crazyflie/environment/ament_prefix_path.sh
[0.329s] -- Up-to-date: /home/uav/ura-drone-2025/ros2_ws/src/install/crazyflie/share/crazyflie/environment/ament_prefix_path.dsv
[0.329s] -- Up-to-date: /home/uav/ura-drone-2025/ros2_ws/src/install/crazyflie/share/crazyflie/environment/path.sh
[0.329s] -- Up-to-date: /home/uav/ura-drone-2025/ros2_ws/src/install/crazyflie/share/crazyflie/environment/path.dsv
[0.329s] -- Up-to-date: /home/uav/ura-drone-2025/ros2_ws/src/install/crazyflie/share/crazyflie/local_setup.bash
[0.329s] -- Up-to-date: /home/uav/ura-drone-2025/ros2_ws/src/install/crazyflie/share/crazyflie/local_setup.sh
[0.329s] -- Up-to-date: /home/uav/ura-drone-2025/ros2_ws/src/install/crazyflie/share/crazyflie/local_setup.zsh
[0.329s] -- Up-to-date: /home/uav/ura-drone-2025/ros2_ws/src/install/crazyflie/share/crazyflie/local_setup.dsv
[0.329s] -- Installing: /home/uav/ura-drone-2025/ros2_ws/src/install/crazyflie/share/crazyflie/package.dsv
[0.329s] -- Up-to-date: /home/uav/ura-drone-2025/ros2_ws/src/install/crazyflie/share/ament_index/resource_index/packages/crazyflie
[0.329s] -- Up-to-date: /home/uav/ura-drone-2025/ros2_ws/src/install/crazyflie/share/crazyflie/cmake/crazyflieConfig.cmake
[0.329s] -- Up-to-date: /home/uav/ura-drone-2025/ros2_ws/src/install/crazyflie/share/crazyflie/cmake/crazyflieConfig-version.cmake
[0.330s] -- Up-to-date: /home/uav/ura-drone-2025/ros2_ws/src/install/crazyflie/share/crazyflie/package.xml
[0.331s] Invoked command in '/home/uav/ura-drone-2025/ros2_ws/src/build/crazyflie' returned '0': AMENT_PREFIX_PATH=/home/uav/ura-drone-2025/ros2_ws/src/install/crazyflie_interfaces:${AMENT_PREFIX_PATH} CMAKE_PREFIX_PATH=/home/uav/ura-drone-2025/ros2_ws/src/install/crazyflie_interfaces:/home/uav/ura-drone-2025/ros2_ws/install/crazyflie_test:/opt/ros/humble LD_LIBRARY_PATH=/home/uav/ura-drone-2025/ros2_ws/src/install/crazyflie_interfaces/lib:${LD_LIBRARY_PATH} PYTHONPATH=/home/uav/ura-drone-2025/ros2_ws/src/install/crazyflie_interfaces/local/lib/python3.10/dist-packages:${PYTHONPATH} /usr/bin/cmake --install /home/uav/ura-drone-2025/ros2_ws/src/build/crazyflie
