[0.471s] Invoking command in '/home/uav/ura-drone-2025/ros2_ws/src/crazyswarm2/crazyflie_py': AMENT_PREFIX_PATH=/home/uav/ura-drone-2025/ros2_ws/src/install/crazyflie_interfaces:${AMENT_PREFIX_PATH} CMAKE_PREFIX_PATH=/home/uav/ura-drone-2025/ros2_ws/src/install/crazyflie_interfaces LD_LIBRARY_PATH=/home/uav/ura-drone-2025/ros2_ws/src/install/crazyflie_interfaces/lib:${LD_LIBRARY_PATH} PYTHONPATH=/home/uav/ura-drone-2025/ros2_ws/src/build/crazyflie_py/prefix_override:/usr/lib/python3/dist-packages/colcon_core/task/python/colcon_distutils_commands:/home/uav/ura-drone-2025/ros2_ws/src/install/crazyflie_py/lib/python3.10/site-packages:/home/uav/ura-drone-2025/ros2_ws/src/install/crazyflie_interfaces/local/lib/python3.10/dist-packages:${PYTHONPATH} /usr/bin/python3 -W ignore:setup.py install is deprecated -W ignore:easy_install command is deprecated setup.py egg_info --egg-base ../../build/crazyflie_py build --build-base /home/uav/ura-drone-2025/ros2_ws/src/build/crazyflie_py/build install --record /home/uav/ura-drone-2025/ros2_ws/src/build/crazyflie_py/install.log --single-version-externally-managed install_data
[0.629s] running egg_info
[0.629s] creating ../../build/crazyflie_py/crazyflie_py.egg-info
[0.629s] writing ../../build/crazyflie_py/crazyflie_py.egg-info/PKG-INFO
[0.629s] writing dependency_links to ../../build/crazyflie_py/crazyflie_py.egg-info/dependency_links.txt
[0.629s] writing entry points to ../../build/crazyflie_py/crazyflie_py.egg-info/entry_points.txt
[0.629s] writing requirements to ../../build/crazyflie_py/crazyflie_py.egg-info/requires.txt
[0.629s] writing top-level names to ../../build/crazyflie_py/crazyflie_py.egg-info/top_level.txt
[0.630s] writing manifest file '../../build/crazyflie_py/crazyflie_py.egg-info/SOURCES.txt'
[0.631s] reading manifest file '../../build/crazyflie_py/crazyflie_py.egg-info/SOURCES.txt'
[0.631s] writing manifest file '../../build/crazyflie_py/crazyflie_py.egg-info/SOURCES.txt'
[0.631s] running build
[0.631s] running build_py
[0.631s] creating /home/uav/ura-drone-2025/ros2_ws/src/build/crazyflie_py/build
[0.631s] creating /home/uav/ura-drone-2025/ros2_ws/src/build/crazyflie_py/build/lib
[0.632s] creating /home/uav/ura-drone-2025/ros2_ws/src/build/crazyflie_py/build/lib/crazyflie_py
[0.632s] copying crazyflie_py/joystick.py -> /home/uav/ura-drone-2025/ros2_ws/src/build/crazyflie_py/build/lib/crazyflie_py
[0.632s] copying crazyflie_py/keyboard.py -> /home/uav/ura-drone-2025/ros2_ws/src/build/crazyflie_py/build/lib/crazyflie_py
[0.632s] copying crazyflie_py/genericJoystick.py -> /home/uav/ura-drone-2025/ros2_ws/src/build/crazyflie_py/build/lib/crazyflie_py
[0.632s] copying crazyflie_py/crazyswarm_py.py -> /home/uav/ura-drone-2025/ros2_ws/src/build/crazyflie_py/build/lib/crazyflie_py
[0.632s] copying crazyflie_py/uav_trajectory.py -> /home/uav/ura-drone-2025/ros2_ws/src/build/crazyflie_py/build/lib/crazyflie_py
[0.632s] copying crazyflie_py/util.py -> /home/uav/ura-drone-2025/ros2_ws/src/build/crazyflie_py/build/lib/crazyflie_py
[0.632s] copying crazyflie_py/linuxjsdev.py -> /home/uav/ura-drone-2025/ros2_ws/src/build/crazyflie_py/build/lib/crazyflie_py
[0.632s] copying crazyflie_py/crazyflie.py -> /home/uav/ura-drone-2025/ros2_ws/src/build/crazyflie_py/build/lib/crazyflie_py
[0.632s] copying crazyflie_py/__init__.py -> /home/uav/ura-drone-2025/ros2_ws/src/build/crazyflie_py/build/lib/crazyflie_py
[0.632s] running install
[0.632s] running install_lib
[0.633s] creating /home/uav/ura-drone-2025/ros2_ws/src/install/crazyflie_py/lib/python3.10/site-packages/crazyflie_py
[0.633s] copying /home/uav/ura-drone-2025/ros2_ws/src/build/crazyflie_py/build/lib/crazyflie_py/joystick.py -> /home/uav/ura-drone-2025/ros2_ws/src/install/crazyflie_py/lib/python3.10/site-packages/crazyflie_py
[0.633s] copying /home/uav/ura-drone-2025/ros2_ws/src/build/crazyflie_py/build/lib/crazyflie_py/keyboard.py -> /home/uav/ura-drone-2025/ros2_ws/src/install/crazyflie_py/lib/python3.10/site-packages/crazyflie_py
[0.633s] copying /home/uav/ura-drone-2025/ros2_ws/src/build/crazyflie_py/build/lib/crazyflie_py/genericJoystick.py -> /home/uav/ura-drone-2025/ros2_ws/src/install/crazyflie_py/lib/python3.10/site-packages/crazyflie_py
[0.633s] copying /home/uav/ura-drone-2025/ros2_ws/src/build/crazyflie_py/build/lib/crazyflie_py/crazyswarm_py.py -> /home/uav/ura-drone-2025/ros2_ws/src/install/crazyflie_py/lib/python3.10/site-packages/crazyflie_py
[0.633s] copying /home/uav/ura-drone-2025/ros2_ws/src/build/crazyflie_py/build/lib/crazyflie_py/uav_trajectory.py -> /home/uav/ura-drone-2025/ros2_ws/src/install/crazyflie_py/lib/python3.10/site-packages/crazyflie_py
[0.633s] copying /home/uav/ura-drone-2025/ros2_ws/src/build/crazyflie_py/build/lib/crazyflie_py/util.py -> /home/uav/ura-drone-2025/ros2_ws/src/install/crazyflie_py/lib/python3.10/site-packages/crazyflie_py
[0.633s] copying /home/uav/ura-drone-2025/ros2_ws/src/build/crazyflie_py/build/lib/crazyflie_py/linuxjsdev.py -> /home/uav/ura-drone-2025/ros2_ws/src/install/crazyflie_py/lib/python3.10/site-packages/crazyflie_py
[0.633s] copying /home/uav/ura-drone-2025/ros2_ws/src/build/crazyflie_py/build/lib/crazyflie_py/crazyflie.py -> /home/uav/ura-drone-2025/ros2_ws/src/install/crazyflie_py/lib/python3.10/site-packages/crazyflie_py
[0.633s] copying /home/uav/ura-drone-2025/ros2_ws/src/build/crazyflie_py/build/lib/crazyflie_py/__init__.py -> /home/uav/ura-drone-2025/ros2_ws/src/install/crazyflie_py/lib/python3.10/site-packages/crazyflie_py
[0.633s] byte-compiling /home/uav/ura-drone-2025/ros2_ws/src/install/crazyflie_py/lib/python3.10/site-packages/crazyflie_py/joystick.py to joystick.cpython-310.pyc
[0.633s] byte-compiling /home/uav/ura-drone-2025/ros2_ws/src/install/crazyflie_py/lib/python3.10/site-packages/crazyflie_py/keyboard.py to keyboard.cpython-310.pyc
[0.634s] byte-compiling /home/uav/ura-drone-2025/ros2_ws/src/install/crazyflie_py/lib/python3.10/site-packages/crazyflie_py/genericJoystick.py to genericJoystick.cpython-310.pyc
[0.634s] byte-compiling /home/uav/ura-drone-2025/ros2_ws/src/install/crazyflie_py/lib/python3.10/site-packages/crazyflie_py/crazyswarm_py.py to crazyswarm_py.cpython-310.pyc
[0.634s] byte-compiling /home/uav/ura-drone-2025/ros2_ws/src/install/crazyflie_py/lib/python3.10/site-packages/crazyflie_py/uav_trajectory.py to uav_trajectory.cpython-310.pyc
[0.635s] byte-compiling /home/uav/ura-drone-2025/ros2_ws/src/install/crazyflie_py/lib/python3.10/site-packages/crazyflie_py/util.py to util.cpython-310.pyc
[0.635s] byte-compiling /home/uav/ura-drone-2025/ros2_ws/src/install/crazyflie_py/lib/python3.10/site-packages/crazyflie_py/linuxjsdev.py to linuxjsdev.cpython-310.pyc
[0.636s] byte-compiling /home/uav/ura-drone-2025/ros2_ws/src/install/crazyflie_py/lib/python3.10/site-packages/crazyflie_py/crazyflie.py to crazyflie.cpython-310.pyc
[0.639s] byte-compiling /home/uav/ura-drone-2025/ros2_ws/src/install/crazyflie_py/lib/python3.10/site-packages/crazyflie_py/__init__.py to __init__.cpython-310.pyc
[0.639s] running install_data
[0.639s] creating /home/uav/ura-drone-2025/ros2_ws/src/install/crazyflie_py/share/ament_index
[0.639s] creating /home/uav/ura-drone-2025/ros2_ws/src/install/crazyflie_py/share/ament_index/resource_index
[0.639s] creating /home/uav/ura-drone-2025/ros2_ws/src/install/crazyflie_py/share/ament_index/resource_index/packages
[0.639s] copying resource/crazyflie_py -> /home/uav/ura-drone-2025/ros2_ws/src/install/crazyflie_py/share/ament_index/resource_index/packages
[0.639s] copying package.xml -> /home/uav/ura-drone-2025/ros2_ws/src/install/crazyflie_py/share/crazyflie_py
[0.639s] running install_egg_info
[0.641s] Copying ../../build/crazyflie_py/crazyflie_py.egg-info to /home/uav/ura-drone-2025/ros2_ws/src/install/crazyflie_py/lib/python3.10/site-packages/crazyflie_py-1.0.3-py3.10.egg-info
[0.641s] running install_scripts
[0.658s] writing list of installed files to '/home/uav/ura-drone-2025/ros2_ws/src/build/crazyflie_py/install.log'
[0.676s] Invoked command in '/home/uav/ura-drone-2025/ros2_ws/src/crazyswarm2/crazyflie_py' returned '0': AMENT_PREFIX_PATH=/home/uav/ura-drone-2025/ros2_ws/src/install/crazyflie_interfaces:${AMENT_PREFIX_PATH} CMAKE_PREFIX_PATH=/home/uav/ura-drone-2025/ros2_ws/src/install/crazyflie_interfaces LD_LIBRARY_PATH=/home/uav/ura-drone-2025/ros2_ws/src/install/crazyflie_interfaces/lib:${LD_LIBRARY_PATH} PYTHONPATH=/home/uav/ura-drone-2025/ros2_ws/src/build/crazyflie_py/prefix_override:/usr/lib/python3/dist-packages/colcon_core/task/python/colcon_distutils_commands:/home/uav/ura-drone-2025/ros2_ws/src/install/crazyflie_py/lib/python3.10/site-packages:/home/uav/ura-drone-2025/ros2_ws/src/install/crazyflie_interfaces/local/lib/python3.10/dist-packages:${PYTHONPATH} /usr/bin/python3 -W ignore:setup.py install is deprecated -W ignore:easy_install command is deprecated setup.py egg_info --egg-base ../../build/crazyflie_py build --build-base /home/uav/ura-drone-2025/ros2_ws/src/build/crazyflie_py/build install --record /home/uav/ura-drone-2025/ros2_ws/src/build/crazyflie_py/install.log --single-version-externally-managed install_data
