[1.264s] Invoking command in '/home/uav/ura-drone-2025/ros2_ws/build/crazyflie_py': CMAKE_PREFIX_PATH=/home/uav/ura-drone-2025/ros2_ws/install/crazyflie_interfaces:/home/uav/ura-drone-2025/ros2_ws/install/crazyflie_sim:/home/uav/ura-drone-2025/ros2_ws/install/crazyflie_examples:/home/uav/ura-drone-2025/ros2_ws/install/crazyflie PYTHONPATH=/home/uav/ura-drone-2025/ros2_ws/build/crazyflie_py/prefix_override:/usr/lib/python3/dist-packages/colcon_core/task/python/colcon_distutils_commands:/home/uav/ura-drone-2025/ros2_ws/install/crazyflie_py/lib/python3.10/site-packages:${PYTHONPATH} /usr/bin/python3 -W ignore:setup.py install is deprecated -W ignore:easy_install command is deprecated setup.py develop --editable --build-directory /home/uav/ura-drone-2025/ros2_ws/build/crazyflie_py/build --no-deps symlink_data
[1.887s] running develop
[2.301s] running egg_info
[2.301s] creating crazyflie_py.egg-info
[2.301s] writing crazyflie_py.egg-info/PKG-INFO
[2.301s] writing dependency_links to crazyflie_py.egg-info/dependency_links.txt
[2.301s] writing entry points to crazyflie_py.egg-info/entry_points.txt
[2.302s] writing requirements to crazyflie_py.egg-info/requires.txt
[2.302s] writing top-level names to crazyflie_py.egg-info/top_level.txt
[2.302s] writing manifest file 'crazyflie_py.egg-info/SOURCES.txt'
[2.306s] reading manifest file 'crazyflie_py.egg-info/SOURCES.txt'
[2.307s] writing manifest file 'crazyflie_py.egg-info/SOURCES.txt'
[2.392s] running build_ext
[2.392s] Creating /home/uav/ura-drone-2025/ros2_ws/install/crazyflie_py/lib/python3.10/site-packages/crazyflie-py.egg-link (link to .)
[2.394s] 
[2.394s] Installed /home/uav/ura-drone-2025/ros2_ws/build/crazyflie_py
[2.394s] running symlink_data
[2.394s] creating /home/uav/ura-drone-2025/ros2_ws/install/crazyflie_py/share/ament_index
[2.394s] creating /home/uav/ura-drone-2025/ros2_ws/install/crazyflie_py/share/ament_index/resource_index
[2.395s] creating /home/uav/ura-drone-2025/ros2_ws/install/crazyflie_py/share/ament_index/resource_index/packages
[2.395s] symbolically linking /home/uav/ura-drone-2025/ros2_ws/build/crazyflie_py/resource/crazyflie_py -> /home/uav/ura-drone-2025/ros2_ws/install/crazyflie_py/share/ament_index/resource_index/packages
[2.395s] symbolically linking /home/uav/ura-drone-2025/ros2_ws/build/crazyflie_py/package.xml -> /home/uav/ura-drone-2025/ros2_ws/install/crazyflie_py/share/crazyflie_py
[2.479s] Invoked command in '/home/uav/ura-drone-2025/ros2_ws/build/crazyflie_py' returned '0': CMAKE_PREFIX_PATH=/home/uav/ura-drone-2025/ros2_ws/install/crazyflie_interfaces:/home/uav/ura-drone-2025/ros2_ws/install/crazyflie_sim:/home/uav/ura-drone-2025/ros2_ws/install/crazyflie_examples:/home/uav/ura-drone-2025/ros2_ws/install/crazyflie PYTHONPATH=/home/uav/ura-drone-2025/ros2_ws/build/crazyflie_py/prefix_override:/usr/lib/python3/dist-packages/colcon_core/task/python/colcon_distutils_commands:/home/uav/ura-drone-2025/ros2_ws/install/crazyflie_py/lib/python3.10/site-packages:${PYTHONPATH} /usr/bin/python3 -W ignore:setup.py install is deprecated -W ignore:easy_install command is deprecated setup.py develop --editable --build-directory /home/uav/ura-drone-2025/ros2_ws/build/crazyflie_py/build --no-deps symlink_data
