-- The C compiler identification is GNU 11.4.0
-- The CXX compiler identification is GNU 11.4.0
-- Detecting C compiler ABI info
-- Detecting C compiler ABI info - done
-- Check for working C compiler: /usr/bin/cc - skipped
-- Detecting C compile features
-- Detecting C compile features - done
-- Detecting CXX compiler ABI info
-- Detecting CXX compiler ABI info - done
-- Check for working CXX compiler: /usr/bin/c++ - skipped
-- Detecting CXX compile features
-- Detecting CXX compile features - done
-- Found ament_cmake: 1.3.12 (/opt/ros/humble/share/ament_cmake/cmake)
-- Found Python3: /usr/bin/python3 (found version "3.10.12") found components: Interpreter 
-- Found rosidl_default_generators: 1.2.0 (/opt/ros/humble/share/rosidl_default_generators/cmake)
-- Using all available rosidl_typesupport_c: rosidl_typesupport_fastrtps_c;rosidl_typesupport_introspection_c
-- Found rosidl_adapter: 3.1.7 (/opt/ros/humble/share/rosidl_adapter/cmake)
-- Using all available rosidl_typesupport_cpp: rosidl_typesupport_fastrtps_cpp;rosidl_typesupport_introspection_cpp
-- Found ament_cmake_ros: 0.10.0 (/opt/ros/humble/share/ament_cmake_ros/cmake)
-- Using all available rosidl_typesupport_c: rosidl_typesupport_fastrtps_c;rosidl_typesupport_introspection_c
-- Using all available rosidl_typesupport_cpp: rosidl_typesupport_fastrtps_cpp;rosidl_typesupport_introspection_cpp
-- Found PythonInterp: /usr/bin/python3 (found suitable version "3.10.12", minimum required is "3.6") 
-- Found python_cmake_module: 0.10.0 (/opt/ros/humble/share/python_cmake_module/cmake)
-- Found PythonLibs: /usr/lib/x86_64-linux-gnu/libpython3.10.so (found suitable version "3.10.12", minimum required is "3.5") 
-- Using PYTHON_EXECUTABLE: /usr/bin/python3
-- Using PYTHON_INCLUDE_DIRS: /usr/include/python3.10
-- Using PYTHON_LIBRARIES: /usr/lib/x86_64-linux-gnu/libpython3.10.so
-- Found PythonExtra: .so  
-- Configuring done
-- Generating done
[33mCMake Warning:
  Manually-specified variables were not used by the project:

    CATKIN_INSTALL_INTO_PREFIX_ROOT
    CATKIN_SYMLINK_INSTALL

[0m
-- Build files have been written to: /home/uav/ura-drone-2025/ros2_ws/src/hover_controller/build/p2p_interfaces
[  3%] [34m[1mGenerating C code for ROS interfaces[0m
[  6%] [34m[1mGenerating C++ code for ROS interfaces[0m
[  6%] Built target ament_cmake_python_copy_p2p_interfaces
running egg_info
creating p2p_interfaces.egg-info
writing p2p_interfaces.egg-info/PKG-INFO
writing dependency_links to p2p_interfaces.egg-info/dependency_links.txt
writing top-level names to p2p_interfaces.egg-info/top_level.txt
writing manifest file 'p2p_interfaces.egg-info/SOURCES.txt'
reading manifest file 'p2p_interfaces.egg-info/SOURCES.txt'
writing manifest file 'p2p_interfaces.egg-info/SOURCES.txt'
[  6%] Built target ament_cmake_python_build_p2p_interfaces_egg
[  6%] Built target p2p_interfaces__cpp
[  9%] [32mBuilding C object CMakeFiles/p2p_interfaces__rosidl_generator_c.dir/rosidl_generator_c/p2p_interfaces/action/detail/hover_to_point__functions.c.o[0m
[ 12%] [34m[1mGenerating C++ introspection for ROS interfaces[0m
[ 16%] [34m[1mGenerating C++ type support dispatch for ROS interfaces[0m
[ 19%] [34m[1mGenerating C++ type support for eProsima Fast-RTPS[0m
[ 22%] [32m[1mLinking C shared library libp2p_interfaces__rosidl_generator_c.so[0m
[ 22%] Built target p2p_interfaces__rosidl_generator_c
[ 25%] [34m[1mGenerating C type support dispatch for ROS interfaces[0m
[ 32%] [34m[1mGenerating C type support for eProsima Fast-RTPS[0m
[ 32%] [34m[1mGenerating C introspection for ROS interfaces[0m
[ 35%] [32mBuilding CXX object CMakeFiles/p2p_interfaces__rosidl_typesupport_fastrtps_cpp.dir/rosidl_typesupport_fastrtps_cpp/p2p_interfaces/action/detail/dds_fastrtps/hover_to_point__type_support.cpp.o[0m
[ 38%] [32mBuilding CXX object CMakeFiles/p2p_interfaces__rosidl_typesupport_cpp.dir/rosidl_typesupport_cpp/p2p_interfaces/action/hover_to_point__type_support.cpp.o[0m
[ 41%] [32mBuilding CXX object CMakeFiles/p2p_interfaces__rosidl_typesupport_introspection_cpp.dir/rosidl_typesupport_introspection_cpp/p2p_interfaces/action/detail/hover_to_point__type_support.cpp.o[0m
[ 45%] [32mBuilding CXX object CMakeFiles/p2p_interfaces__rosidl_typesupport_c.dir/rosidl_typesupport_c/p2p_interfaces/action/hover_to_point__type_support.cpp.o[0m
[ 48%] [32mBuilding CXX object CMakeFiles/p2p_interfaces__rosidl_typesupport_fastrtps_c.dir/rosidl_typesupport_fastrtps_c/p2p_interfaces/action/detail/hover_to_point__type_support_c.cpp.o[0m
[ 51%] [32m[1mLinking CXX shared library libp2p_interfaces__rosidl_typesupport_c.so[0m
[ 51%] Built target p2p_interfaces__rosidl_typesupport_c
[ 54%] [32mBuilding C object CMakeFiles/p2p_interfaces__rosidl_typesupport_introspection_c.dir/rosidl_typesupport_introspection_c/p2p_interfaces/action/detail/hover_to_point__type_support.c.o[0m
[ 58%] [32m[1mLinking C shared library libp2p_interfaces__rosidl_typesupport_introspection_c.so[0m
[ 58%] Built target p2p_interfaces__rosidl_typesupport_introspection_c
[ 61%] [32m[1mLinking CXX shared library libp2p_interfaces__rosidl_typesupport_fastrtps_c.so[0m
[ 61%] Built target p2p_interfaces__rosidl_typesupport_fastrtps_c
[ 64%] [32m[1mLinking CXX shared library libp2p_interfaces__rosidl_typesupport_introspection_cpp.so[0m
[ 67%] [32m[1mLinking CXX shared library libp2p_interfaces__rosidl_typesupport_cpp.so[0m
[ 70%] [32m[1mLinking CXX shared library libp2p_interfaces__rosidl_typesupport_fastrtps_cpp.so[0m
[ 70%] Built target p2p_interfaces__rosidl_typesupport_cpp
[ 70%] Built target p2p_interfaces__rosidl_typesupport_introspection_cpp
[ 70%] Built target p2p_interfaces__rosidl_typesupport_fastrtps_cpp
[ 70%] Built target p2p_interfaces
[ 74%] [34m[1mGenerating Python code for ROS interfaces[0m
[ 74%] Built target p2p_interfaces__py
[ 77%] [32mBuilding C object CMakeFiles/p2p_interfaces__rosidl_generator_py.dir/rosidl_generator_py/p2p_interfaces/action/_hover_to_point_s.c.o[0m
[ 80%] [32m[1mLinking C shared library rosidl_generator_py/p2p_interfaces/libp2p_interfaces__rosidl_generator_py.so[0m
[ 80%] Built target p2p_interfaces__rosidl_generator_py
[ 83%] [32mBuilding C object CMakeFiles/p2p_interfaces__rosidl_typesupport_introspection_c__pyext.dir/rosidl_generator_py/p2p_interfaces/_p2p_interfaces_s.ep.rosidl_typesupport_introspection_c.c.o[0m
[ 87%] [32mBuilding C object CMakeFiles/p2p_interfaces__rosidl_typesupport_c__pyext.dir/rosidl_generator_py/p2p_interfaces/_p2p_interfaces_s.ep.rosidl_typesupport_c.c.o[0m
[ 90%] [32mBuilding C object CMakeFiles/p2p_interfaces__rosidl_typesupport_fastrtps_c__pyext.dir/rosidl_generator_py/p2p_interfaces/_p2p_interfaces_s.ep.rosidl_typesupport_fastrtps_c.c.o[0m
[ 96%] [32m[1mLinking C shared library rosidl_generator_py/p2p_interfaces/p2p_interfaces_s__rosidl_typesupport_fastrtps_c.cpython-310-x86_64-linux-gnu.so[0m
[ 96%] [32m[1mLinking C shared library rosidl_generator_py/p2p_interfaces/p2p_interfaces_s__rosidl_typesupport_c.cpython-310-x86_64-linux-gnu.so[0m
[ 96%] Built target p2p_interfaces__rosidl_typesupport_c__pyext
[ 96%] Built target p2p_interfaces__rosidl_typesupport_fastrtps_c__pyext
[100%] [32m[1mLinking C shared library rosidl_generator_py/p2p_interfaces/p2p_interfaces_s__rosidl_typesupport_introspection_c.cpython-310-x86_64-linux-gnu.so[0m
[100%] Built target p2p_interfaces__rosidl_typesupport_introspection_c__pyext
-- Install configuration: ""
-- Installing: /home/uav/ura-drone-2025/ros2_ws/src/hover_controller/install/p2p_interfaces/share/ament_index/resource_index/rosidl_interfaces/p2p_interfaces
-- Installing: /home/uav/ura-drone-2025/ros2_ws/src/hover_controller/install/p2p_interfaces/include/p2p_interfaces/p2p_interfaces
-- Installing: /home/uav/ura-drone-2025/ros2_ws/src/hover_controller/install/p2p_interfaces/include/p2p_interfaces/p2p_interfaces/action
-- Installing: /home/uav/ura-drone-2025/ros2_ws/src/hover_controller/install/p2p_interfaces/include/p2p_interfaces/p2p_interfaces/action/hover_to_point.h
-- Installing: /home/uav/ura-drone-2025/ros2_ws/src/hover_controller/install/p2p_interfaces/include/p2p_interfaces/p2p_interfaces/action/detail
-- Installing: /home/uav/ura-drone-2025/ros2_ws/src/hover_controller/install/p2p_interfaces/include/p2p_interfaces/p2p_interfaces/action/detail/hover_to_point__type_support.h
-- Installing: /home/uav/ura-drone-2025/ros2_ws/src/hover_controller/install/p2p_interfaces/include/p2p_interfaces/p2p_interfaces/action/detail/hover_to_point__struct.h
-- Installing: /home/uav/ura-drone-2025/ros2_ws/src/hover_controller/install/p2p_interfaces/include/p2p_interfaces/p2p_interfaces/action/detail/hover_to_point__functions.c
-- Installing: /home/uav/ura-drone-2025/ros2_ws/src/hover_controller/install/p2p_interfaces/include/p2p_interfaces/p2p_interfaces/action/detail/hover_to_point__functions.h
-- Installing: /home/uav/ura-drone-2025/ros2_ws/src/hover_controller/install/p2p_interfaces/include/p2p_interfaces/p2p_interfaces/msg
-- Installing: /home/uav/ura-drone-2025/ros2_ws/src/hover_controller/install/p2p_interfaces/include/p2p_interfaces/p2p_interfaces/msg/rosidl_generator_c__visibility_control.h
-- Installing: /home/uav/ura-drone-2025/ros2_ws/src/hover_controller/install/p2p_interfaces/share/p2p_interfaces/environment/library_path.sh
-- Installing: /home/uav/ura-drone-2025/ros2_ws/src/hover_controller/install/p2p_interfaces/share/p2p_interfaces/environment/library_path.dsv
-- Installing: /home/uav/ura-drone-2025/ros2_ws/src/hover_controller/install/p2p_interfaces/lib/libp2p_interfaces__rosidl_generator_c.so
-- Set runtime path of "/home/uav/ura-drone-2025/ros2_ws/src/hover_controller/install/p2p_interfaces/lib/libp2p_interfaces__rosidl_generator_c.so" to ""
-- Up-to-date: /home/uav/ura-drone-2025/ros2_ws/src/hover_controller/install/p2p_interfaces/include/p2p_interfaces/p2p_interfaces
-- Up-to-date: /home/uav/ura-drone-2025/ros2_ws/src/hover_controller/install/p2p_interfaces/include/p2p_interfaces/p2p_interfaces/action
-- Up-to-date: /home/uav/ura-drone-2025/ros2_ws/src/hover_controller/install/p2p_interfaces/include/p2p_interfaces/p2p_interfaces/action/detail
-- Installing: /home/uav/ura-drone-2025/ros2_ws/src/hover_controller/install/p2p_interfaces/include/p2p_interfaces/p2p_interfaces/action/detail/hover_to_point__rosidl_typesupport_fastrtps_c.h
-- Up-to-date: /home/uav/ura-drone-2025/ros2_ws/src/hover_controller/install/p2p_interfaces/include/p2p_interfaces/p2p_interfaces/msg
-- Installing: /home/uav/ura-drone-2025/ros2_ws/src/hover_controller/install/p2p_interfaces/include/p2p_interfaces/p2p_interfaces/msg/rosidl_typesupport_fastrtps_c__visibility_control.h
-- Installing: /home/uav/ura-drone-2025/ros2_ws/src/hover_controller/install/p2p_interfaces/lib/libp2p_interfaces__rosidl_typesupport_fastrtps_c.so
-- Set runtime path of "/home/uav/ura-drone-2025/ros2_ws/src/hover_controller/install/p2p_interfaces/lib/libp2p_interfaces__rosidl_typesupport_fastrtps_c.so" to ""
-- Up-to-date: /home/uav/ura-drone-2025/ros2_ws/src/hover_controller/install/p2p_interfaces/include/p2p_interfaces/p2p_interfaces
-- Up-to-date: /home/uav/ura-drone-2025/ros2_ws/src/hover_controller/install/p2p_interfaces/include/p2p_interfaces/p2p_interfaces/action
-- Up-to-date: /home/uav/ura-drone-2025/ros2_ws/src/hover_controller/install/p2p_interfaces/include/p2p_interfaces/p2p_interfaces/action/detail
-- Installing: /home/uav/ura-drone-2025/ros2_ws/src/hover_controller/install/p2p_interfaces/include/p2p_interfaces/p2p_interfaces/action/detail/hover_to_point__rosidl_typesupport_introspection_c.h
-- Installing: /home/uav/ura-drone-2025/ros2_ws/src/hover_controller/install/p2p_interfaces/include/p2p_interfaces/p2p_interfaces/action/detail/hover_to_point__type_support.c
-- Up-to-date: /home/uav/ura-drone-2025/ros2_ws/src/hover_controller/install/p2p_interfaces/include/p2p_interfaces/p2p_interfaces/msg
-- Installing: /home/uav/ura-drone-2025/ros2_ws/src/hover_controller/install/p2p_interfaces/include/p2p_interfaces/p2p_interfaces/msg/rosidl_typesupport_introspection_c__visibility_control.h
-- Installing: /home/uav/ura-drone-2025/ros2_ws/src/hover_controller/install/p2p_interfaces/lib/libp2p_interfaces__rosidl_typesupport_introspection_c.so
-- Set runtime path of "/home/uav/ura-drone-2025/ros2_ws/src/hover_controller/install/p2p_interfaces/lib/libp2p_interfaces__rosidl_typesupport_introspection_c.so" to ""
-- Installing: /home/uav/ura-drone-2025/ros2_ws/src/hover_controller/install/p2p_interfaces/lib/libp2p_interfaces__rosidl_typesupport_c.so
-- Set runtime path of "/home/uav/ura-drone-2025/ros2_ws/src/hover_controller/install/p2p_interfaces/lib/libp2p_interfaces__rosidl_typesupport_c.so" to ""
-- Up-to-date: /home/uav/ura-drone-2025/ros2_ws/src/hover_controller/install/p2p_interfaces/include/p2p_interfaces/p2p_interfaces
-- Up-to-date: /home/uav/ura-drone-2025/ros2_ws/src/hover_controller/install/p2p_interfaces/include/p2p_interfaces/p2p_interfaces/action
-- Installing: /home/uav/ura-drone-2025/ros2_ws/src/hover_controller/install/p2p_interfaces/include/p2p_interfaces/p2p_interfaces/action/hover_to_point.hpp
-- Up-to-date: /home/uav/ura-drone-2025/ros2_ws/src/hover_controller/install/p2p_interfaces/include/p2p_interfaces/p2p_interfaces/action/detail
-- Installing: /home/uav/ura-drone-2025/ros2_ws/src/hover_controller/install/p2p_interfaces/include/p2p_interfaces/p2p_interfaces/action/detail/hover_to_point__struct.hpp
-- Installing: /home/uav/ura-drone-2025/ros2_ws/src/hover_controller/install/p2p_interfaces/include/p2p_interfaces/p2p_interfaces/action/detail/hover_to_point__traits.hpp
-- Installing: /home/uav/ura-drone-2025/ros2_ws/src/hover_controller/install/p2p_interfaces/include/p2p_interfaces/p2p_interfaces/action/detail/hover_to_point__type_support.hpp
-- Installing: /home/uav/ura-drone-2025/ros2_ws/src/hover_controller/install/p2p_interfaces/include/p2p_interfaces/p2p_interfaces/action/detail/hover_to_point__builder.hpp
-- Up-to-date: /home/uav/ura-drone-2025/ros2_ws/src/hover_controller/install/p2p_interfaces/include/p2p_interfaces/p2p_interfaces/msg
-- Installing: /home/uav/ura-drone-2025/ros2_ws/src/hover_controller/install/p2p_interfaces/include/p2p_interfaces/p2p_interfaces/msg/rosidl_generator_cpp__visibility_control.hpp
-- Up-to-date: /home/uav/ura-drone-2025/ros2_ws/src/hover_controller/install/p2p_interfaces/include/p2p_interfaces/p2p_interfaces
-- Up-to-date: /home/uav/ura-drone-2025/ros2_ws/src/hover_controller/install/p2p_interfaces/include/p2p_interfaces/p2p_interfaces/action
-- Up-to-date: /home/uav/ura-drone-2025/ros2_ws/src/hover_controller/install/p2p_interfaces/include/p2p_interfaces/p2p_interfaces/action/detail
-- Installing: /home/uav/ura-drone-2025/ros2_ws/src/hover_controller/install/p2p_interfaces/include/p2p_interfaces/p2p_interfaces/action/detail/dds_fastrtps
-- Installing: /home/uav/ura-drone-2025/ros2_ws/src/hover_controller/install/p2p_interfaces/include/p2p_interfaces/p2p_interfaces/action/detail/hover_to_point__rosidl_typesupport_fastrtps_cpp.hpp
-- Up-to-date: /home/uav/ura-drone-2025/ros2_ws/src/hover_controller/install/p2p_interfaces/include/p2p_interfaces/p2p_interfaces/msg
-- Installing: /home/uav/ura-drone-2025/ros2_ws/src/hover_controller/install/p2p_interfaces/include/p2p_interfaces/p2p_interfaces/msg/rosidl_typesupport_fastrtps_cpp__visibility_control.h
-- Installing: /home/uav/ura-drone-2025/ros2_ws/src/hover_controller/install/p2p_interfaces/lib/libp2p_interfaces__rosidl_typesupport_fastrtps_cpp.so
-- Set runtime path of "/home/uav/ura-drone-2025/ros2_ws/src/hover_controller/install/p2p_interfaces/lib/libp2p_interfaces__rosidl_typesupport_fastrtps_cpp.so" to ""
-- Up-to-date: /home/uav/ura-drone-2025/ros2_ws/src/hover_controller/install/p2p_interfaces/include/p2p_interfaces/p2p_interfaces
-- Up-to-date: /home/uav/ura-drone-2025/ros2_ws/src/hover_controller/install/p2p_interfaces/include/p2p_interfaces/p2p_interfaces/action
-- Up-to-date: /home/uav/ura-drone-2025/ros2_ws/src/hover_controller/install/p2p_interfaces/include/p2p_interfaces/p2p_interfaces/action/detail
-- Installing: /home/uav/ura-drone-2025/ros2_ws/src/hover_controller/install/p2p_interfaces/include/p2p_interfaces/p2p_interfaces/action/detail/hover_to_point__type_support.cpp
-- Installing: /home/uav/ura-drone-2025/ros2_ws/src/hover_controller/install/p2p_interfaces/include/p2p_interfaces/p2p_interfaces/action/detail/hover_to_point__rosidl_typesupport_introspection_cpp.hpp
-- Installing: /home/uav/ura-drone-2025/ros2_ws/src/hover_controller/install/p2p_interfaces/lib/libp2p_interfaces__rosidl_typesupport_introspection_cpp.so
-- Set runtime path of "/home/uav/ura-drone-2025/ros2_ws/src/hover_controller/install/p2p_interfaces/lib/libp2p_interfaces__rosidl_typesupport_introspection_cpp.so" to ""
-- Installing: /home/uav/ura-drone-2025/ros2_ws/src/hover_controller/install/p2p_interfaces/lib/libp2p_interfaces__rosidl_typesupport_cpp.so
-- Set runtime path of "/home/uav/ura-drone-2025/ros2_ws/src/hover_controller/install/p2p_interfaces/lib/libp2p_interfaces__rosidl_typesupport_cpp.so" to ""
-- Installing: /home/uav/ura-drone-2025/ros2_ws/src/hover_controller/install/p2p_interfaces/share/p2p_interfaces/environment/pythonpath.sh
-- Installing: /home/uav/ura-drone-2025/ros2_ws/src/hover_controller/install/p2p_interfaces/share/p2p_interfaces/environment/pythonpath.dsv
-- Installing: /home/uav/ura-drone-2025/ros2_ws/src/hover_controller/install/p2p_interfaces/local/lib/python3.10/dist-packages/p2p_interfaces-0.0.1-py3.10.egg-info
-- Installing: /home/uav/ura-drone-2025/ros2_ws/src/hover_controller/install/p2p_interfaces/local/lib/python3.10/dist-packages/p2p_interfaces-0.0.1-py3.10.egg-info/PKG-INFO
-- Installing: /home/uav/ura-drone-2025/ros2_ws/src/hover_controller/install/p2p_interfaces/local/lib/python3.10/dist-packages/p2p_interfaces-0.0.1-py3.10.egg-info/top_level.txt
-- Installing: /home/uav/ura-drone-2025/ros2_ws/src/hover_controller/install/p2p_interfaces/local/lib/python3.10/dist-packages/p2p_interfaces-0.0.1-py3.10.egg-info/SOURCES.txt
-- Installing: /home/uav/ura-drone-2025/ros2_ws/src/hover_controller/install/p2p_interfaces/local/lib/python3.10/dist-packages/p2p_interfaces-0.0.1-py3.10.egg-info/dependency_links.txt
-- Installing: /home/uav/ura-drone-2025/ros2_ws/src/hover_controller/install/p2p_interfaces/local/lib/python3.10/dist-packages/p2p_interfaces
-- Installing: /home/uav/ura-drone-2025/ros2_ws/src/hover_controller/install/p2p_interfaces/local/lib/python3.10/dist-packages/p2p_interfaces/p2p_interfaces_s__rosidl_typesupport_fastrtps_c.cpython-310-x86_64-linux-gnu.so
-- Installing: /home/uav/ura-drone-2025/ros2_ws/src/hover_controller/install/p2p_interfaces/local/lib/python3.10/dist-packages/p2p_interfaces/_p2p_interfaces_s.ep.rosidl_typesupport_c.c
-- Installing: /home/uav/ura-drone-2025/ros2_ws/src/hover_controller/install/p2p_interfaces/local/lib/python3.10/dist-packages/p2p_interfaces/libp2p_interfaces__rosidl_generator_py.so
-- Installing: /home/uav/ura-drone-2025/ros2_ws/src/hover_controller/install/p2p_interfaces/local/lib/python3.10/dist-packages/p2p_interfaces/_p2p_interfaces_s.ep.rosidl_typesupport_introspection_c.c
-- Installing: /home/uav/ura-drone-2025/ros2_ws/src/hover_controller/install/p2p_interfaces/local/lib/python3.10/dist-packages/p2p_interfaces/p2p_interfaces_s__rosidl_typesupport_c.cpython-310-x86_64-linux-gnu.so
-- Installing: /home/uav/ura-drone-2025/ros2_ws/src/hover_controller/install/p2p_interfaces/local/lib/python3.10/dist-packages/p2p_interfaces/_p2p_interfaces_s.ep.rosidl_typesupport_fastrtps_c.c
-- Installing: /home/uav/ura-drone-2025/ros2_ws/src/hover_controller/install/p2p_interfaces/local/lib/python3.10/dist-packages/p2p_interfaces/action
-- Installing: /home/uav/ura-drone-2025/ros2_ws/src/hover_controller/install/p2p_interfaces/local/lib/python3.10/dist-packages/p2p_interfaces/action/_hover_to_point_s.c
-- Installing: /home/uav/ura-drone-2025/ros2_ws/src/hover_controller/install/p2p_interfaces/local/lib/python3.10/dist-packages/p2p_interfaces/action/_hover_to_point.py
-- Installing: /home/uav/ura-drone-2025/ros2_ws/src/hover_controller/install/p2p_interfaces/local/lib/python3.10/dist-packages/p2p_interfaces/action/__init__.py
-- Installing: /home/uav/ura-drone-2025/ros2_ws/src/hover_controller/install/p2p_interfaces/local/lib/python3.10/dist-packages/p2p_interfaces/p2p_interfaces_s__rosidl_typesupport_introspection_c.cpython-310-x86_64-linux-gnu.so
-- Installing: /home/uav/ura-drone-2025/ros2_ws/src/hover_controller/install/p2p_interfaces/local/lib/python3.10/dist-packages/p2p_interfaces/__init__.py
Listing '/home/uav/ura-drone-2025/ros2_ws/src/hover_controller/install/p2p_interfaces/local/lib/python3.10/dist-packages/p2p_interfaces'...
Compiling '/home/uav/ura-drone-2025/ros2_ws/src/hover_controller/install/p2p_interfaces/local/lib/python3.10/dist-packages/p2p_interfaces/__init__.py'...
Listing '/home/uav/ura-drone-2025/ros2_ws/src/hover_controller/install/p2p_interfaces/local/lib/python3.10/dist-packages/p2p_interfaces/action'...
Compiling '/home/uav/ura-drone-2025/ros2_ws/src/hover_controller/install/p2p_interfaces/local/lib/python3.10/dist-packages/p2p_interfaces/action/__init__.py'...
Compiling '/home/uav/ura-drone-2025/ros2_ws/src/hover_controller/install/p2p_interfaces/local/lib/python3.10/dist-packages/p2p_interfaces/action/_hover_to_point.py'...
-- Installing: /home/uav/ura-drone-2025/ros2_ws/src/hover_controller/install/p2p_interfaces/local/lib/python3.10/dist-packages/p2p_interfaces/p2p_interfaces_s__rosidl_typesupport_fastrtps_c.cpython-310-x86_64-linux-gnu.so
-- Set runtime path of "/home/uav/ura-drone-2025/ros2_ws/src/hover_controller/install/p2p_interfaces/local/lib/python3.10/dist-packages/p2p_interfaces/p2p_interfaces_s__rosidl_typesupport_fastrtps_c.cpython-310-x86_64-linux-gnu.so" to ""
-- Installing: /home/uav/ura-drone-2025/ros2_ws/src/hover_controller/install/p2p_interfaces/local/lib/python3.10/dist-packages/p2p_interfaces/p2p_interfaces_s__rosidl_typesupport_introspection_c.cpython-310-x86_64-linux-gnu.so
-- Set runtime path of "/home/uav/ura-drone-2025/ros2_ws/src/hover_controller/install/p2p_interfaces/local/lib/python3.10/dist-packages/p2p_interfaces/p2p_interfaces_s__rosidl_typesupport_introspection_c.cpython-310-x86_64-linux-gnu.so" to ""
-- Installing: /home/uav/ura-drone-2025/ros2_ws/src/hover_controller/install/p2p_interfaces/local/lib/python3.10/dist-packages/p2p_interfaces/p2p_interfaces_s__rosidl_typesupport_c.cpython-310-x86_64-linux-gnu.so
-- Set runtime path of "/home/uav/ura-drone-2025/ros2_ws/src/hover_controller/install/p2p_interfaces/local/lib/python3.10/dist-packages/p2p_interfaces/p2p_interfaces_s__rosidl_typesupport_c.cpython-310-x86_64-linux-gnu.so" to ""
-- Installing: /home/uav/ura-drone-2025/ros2_ws/src/hover_controller/install/p2p_interfaces/lib/libp2p_interfaces__rosidl_generator_py.so
-- Set runtime path of "/home/uav/ura-drone-2025/ros2_ws/src/hover_controller/install/p2p_interfaces/lib/libp2p_interfaces__rosidl_generator_py.so" to ""
-- Installing: /home/uav/ura-drone-2025/ros2_ws/src/hover_controller/install/p2p_interfaces/share/p2p_interfaces/action/HoverToPoint.idl
-- Installing: /home/uav/ura-drone-2025/ros2_ws/src/hover_controller/install/p2p_interfaces/share/p2p_interfaces/action/HoverToPoint.action
-- Installing: /home/uav/ura-drone-2025/ros2_ws/src/hover_controller/install/p2p_interfaces/share/ament_index/resource_index/package_run_dependencies/p2p_interfaces
-- Installing: /home/uav/ura-drone-2025/ros2_ws/src/hover_controller/install/p2p_interfaces/share/ament_index/resource_index/parent_prefix_path/p2p_interfaces
-- Installing: /home/uav/ura-drone-2025/ros2_ws/src/hover_controller/install/p2p_interfaces/share/p2p_interfaces/environment/ament_prefix_path.sh
-- Installing: /home/uav/ura-drone-2025/ros2_ws/src/hover_controller/install/p2p_interfaces/share/p2p_interfaces/environment/ament_prefix_path.dsv
-- Installing: /home/uav/ura-drone-2025/ros2_ws/src/hover_controller/install/p2p_interfaces/share/p2p_interfaces/environment/path.sh
-- Installing: /home/uav/ura-drone-2025/ros2_ws/src/hover_controller/install/p2p_interfaces/share/p2p_interfaces/environment/path.dsv
-- Installing: /home/uav/ura-drone-2025/ros2_ws/src/hover_controller/install/p2p_interfaces/share/p2p_interfaces/local_setup.bash
-- Installing: /home/uav/ura-drone-2025/ros2_ws/src/hover_controller/install/p2p_interfaces/share/p2p_interfaces/local_setup.sh
-- Installing: /home/uav/ura-drone-2025/ros2_ws/src/hover_controller/install/p2p_interfaces/share/p2p_interfaces/local_setup.zsh
-- Installing: /home/uav/ura-drone-2025/ros2_ws/src/hover_controller/install/p2p_interfaces/share/p2p_interfaces/local_setup.dsv
-- Installing: /home/uav/ura-drone-2025/ros2_ws/src/hover_controller/install/p2p_interfaces/share/p2p_interfaces/package.dsv
-- Installing: /home/uav/ura-drone-2025/ros2_ws/src/hover_controller/install/p2p_interfaces/share/ament_index/resource_index/packages/p2p_interfaces
-- Installing: /home/uav/ura-drone-2025/ros2_ws/src/hover_controller/install/p2p_interfaces/share/p2p_interfaces/cmake/export_p2p_interfaces__rosidl_generator_cExport.cmake
-- Installing: /home/uav/ura-drone-2025/ros2_ws/src/hover_controller/install/p2p_interfaces/share/p2p_interfaces/cmake/export_p2p_interfaces__rosidl_generator_cExport-noconfig.cmake
-- Installing: /home/uav/ura-drone-2025/ros2_ws/src/hover_controller/install/p2p_interfaces/share/p2p_interfaces/cmake/export_p2p_interfaces__rosidl_typesupport_fastrtps_cExport.cmake
-- Installing: /home/uav/ura-drone-2025/ros2_ws/src/hover_controller/install/p2p_interfaces/share/p2p_interfaces/cmake/export_p2p_interfaces__rosidl_typesupport_fastrtps_cExport-noconfig.cmake
-- Installing: /home/uav/ura-drone-2025/ros2_ws/src/hover_controller/install/p2p_interfaces/share/p2p_interfaces/cmake/p2p_interfaces__rosidl_typesupport_introspection_cExport.cmake
-- Installing: /home/uav/ura-drone-2025/ros2_ws/src/hover_controller/install/p2p_interfaces/share/p2p_interfaces/cmake/p2p_interfaces__rosidl_typesupport_introspection_cExport-noconfig.cmake
-- Installing: /home/uav/ura-drone-2025/ros2_ws/src/hover_controller/install/p2p_interfaces/share/p2p_interfaces/cmake/p2p_interfaces__rosidl_typesupport_cExport.cmake
-- Installing: /home/uav/ura-drone-2025/ros2_ws/src/hover_controller/install/p2p_interfaces/share/p2p_interfaces/cmake/p2p_interfaces__rosidl_typesupport_cExport-noconfig.cmake
-- Installing: /home/uav/ura-drone-2025/ros2_ws/src/hover_controller/install/p2p_interfaces/share/p2p_interfaces/cmake/export_p2p_interfaces__rosidl_generator_cppExport.cmake
-- Installing: /home/uav/ura-drone-2025/ros2_ws/src/hover_controller/install/p2p_interfaces/share/p2p_interfaces/cmake/export_p2p_interfaces__rosidl_typesupport_fastrtps_cppExport.cmake
-- Installing: /home/uav/ura-drone-2025/ros2_ws/src/hover_controller/install/p2p_interfaces/share/p2p_interfaces/cmake/export_p2p_interfaces__rosidl_typesupport_fastrtps_cppExport-noconfig.cmake
-- Installing: /home/uav/ura-drone-2025/ros2_ws/src/hover_controller/install/p2p_interfaces/share/p2p_interfaces/cmake/p2p_interfaces__rosidl_typesupport_introspection_cppExport.cmake
-- Installing: /home/uav/ura-drone-2025/ros2_ws/src/hover_controller/install/p2p_interfaces/share/p2p_interfaces/cmake/p2p_interfaces__rosidl_typesupport_introspection_cppExport-noconfig.cmake
-- Installing: /home/uav/ura-drone-2025/ros2_ws/src/hover_controller/install/p2p_interfaces/share/p2p_interfaces/cmake/p2p_interfaces__rosidl_typesupport_cppExport.cmake
-- Installing: /home/uav/ura-drone-2025/ros2_ws/src/hover_controller/install/p2p_interfaces/share/p2p_interfaces/cmake/p2p_interfaces__rosidl_typesupport_cppExport-noconfig.cmake
-- Installing: /home/uav/ura-drone-2025/ros2_ws/src/hover_controller/install/p2p_interfaces/share/p2p_interfaces/cmake/export_p2p_interfaces__rosidl_generator_pyExport.cmake
-- Installing: /home/uav/ura-drone-2025/ros2_ws/src/hover_controller/install/p2p_interfaces/share/p2p_interfaces/cmake/export_p2p_interfaces__rosidl_generator_pyExport-noconfig.cmake
-- Installing: /home/uav/ura-drone-2025/ros2_ws/src/hover_controller/install/p2p_interfaces/share/p2p_interfaces/cmake/rosidl_cmake-extras.cmake
-- Installing: /home/uav/ura-drone-2025/ros2_ws/src/hover_controller/install/p2p_interfaces/share/p2p_interfaces/cmake/ament_cmake_export_dependencies-extras.cmake
-- Installing: /home/uav/ura-drone-2025/ros2_ws/src/hover_controller/install/p2p_interfaces/share/p2p_interfaces/cmake/ament_cmake_export_include_directories-extras.cmake
-- Installing: /home/uav/ura-drone-2025/ros2_ws/src/hover_controller/install/p2p_interfaces/share/p2p_interfaces/cmake/ament_cmake_export_libraries-extras.cmake
-- Installing: /home/uav/ura-drone-2025/ros2_ws/src/hover_controller/install/p2p_interfaces/share/p2p_interfaces/cmake/ament_cmake_export_targets-extras.cmake
-- Installing: /home/uav/ura-drone-2025/ros2_ws/src/hover_controller/install/p2p_interfaces/share/p2p_interfaces/cmake/rosidl_cmake_export_typesupport_targets-extras.cmake
-- Installing: /home/uav/ura-drone-2025/ros2_ws/src/hover_controller/install/p2p_interfaces/share/p2p_interfaces/cmake/rosidl_cmake_export_typesupport_libraries-extras.cmake
-- Installing: /home/uav/ura-drone-2025/ros2_ws/src/hover_controller/install/p2p_interfaces/share/p2p_interfaces/cmake/p2p_interfacesConfig.cmake
-- Installing: /home/uav/ura-drone-2025/ros2_ws/src/hover_controller/install/p2p_interfaces/share/p2p_interfaces/cmake/p2p_interfacesConfig-version.cmake
-- Installing: /home/uav/ura-drone-2025/ros2_ws/src/hover_controller/install/p2p_interfaces/share/p2p_interfaces/package.xml
