[0.006s] Invoking command in '/home/uav/ura-drone-2025/ros2_ws/src/hover_controller/build/p2p_interfaces': /usr/bin/cmake /home/uav/ura-drone-2025/ros2_ws/src/hover_controller/p2p_interfaces -DCATKIN_INSTALL_INTO_PREFIX_ROOT=0 -DCATKIN_SYMLINK_INSTALL=ON -DCMAKE_INSTALL_PREFIX=/home/uav/ura-drone-2025/ros2_ws/src/hover_controller/install/p2p_interfaces
[0.108s] -- The C compiler identification is GNU 11.4.0
[0.195s] -- The CXX compiler identification is GNU 11.4.0
[0.201s] -- Detecting C compiler ABI info
[0.262s] -- Detecting C compiler ABI info - done
[0.267s] -- Check for working C compiler: /usr/bin/cc - skipped
[0.267s] -- Detecting C compile features
[0.268s] -- Detecting C compile features - done
[0.270s] -- Detecting CXX compiler ABI info
[0.330s] -- Detecting CXX compiler ABI info - done
[0.335s] -- Check for working CXX compiler: /usr/bin/c++ - skipped
[0.335s] -- Detecting CXX compile features
[0.335s] -- Detecting CXX compile features - done
[0.341s] -- Found ament_cmake: 1.3.12 (/opt/ros/humble/share/ament_cmake/cmake)
[0.452s] -- Found Python3: /usr/bin/python3 (found version "3.10.12") found components: Interpreter 
[0.526s] -- Found rosidl_default_generators: 1.2.0 (/opt/ros/humble/share/rosidl_default_generators/cmake)
[0.529s] -- Using all available rosidl_typesupport_c: rosidl_typesupport_fastrtps_c;rosidl_typesupport_introspection_c
[0.534s] -- Found rosidl_adapter: 3.1.7 (/opt/ros/humble/share/rosidl_adapter/cmake)
[0.564s] -- Using all available rosidl_typesupport_cpp: rosidl_typesupport_fastrtps_cpp;rosidl_typesupport_introspection_cpp
[0.783s] -- Found ament_cmake_ros: 0.10.0 (/opt/ros/humble/share/ament_cmake_ros/cmake)
[0.928s] -- Using all available rosidl_typesupport_c: rosidl_typesupport_fastrtps_c;rosidl_typesupport_introspection_c
[1.129s] -- Using all available rosidl_typesupport_cpp: rosidl_typesupport_fastrtps_cpp;rosidl_typesupport_introspection_cpp
[1.146s] -- Found PythonInterp: /usr/bin/python3 (found suitable version "3.10.12", minimum required is "3.6") 
[1.147s] -- Found python_cmake_module: 0.10.0 (/opt/ros/humble/share/python_cmake_module/cmake)
[1.171s] -- Found PythonLibs: /usr/lib/x86_64-linux-gnu/libpython3.10.so (found suitable version "3.10.12", minimum required is "3.5") 
[1.171s] -- Using PYTHON_EXECUTABLE: /usr/bin/python3
[1.171s] -- Using PYTHON_INCLUDE_DIRS: /usr/include/python3.10
[1.171s] -- Using PYTHON_LIBRARIES: /usr/lib/x86_64-linux-gnu/libpython3.10.so
[1.188s] -- Found PythonExtra: .so  
[1.217s] -- Configuring done
[1.240s] -- Generating done
[1.241s] [33mCMake Warning:
[1.241s]   Manually-specified variables were not used by the project:
[1.241s] 
[1.241s]     CATKIN_INSTALL_INTO_PREFIX_ROOT
[1.241s]     CATKIN_SYMLINK_INSTALL
[1.241s] 
[1.241s] [0m
[1.248s] -- Build files have been written to: /home/uav/ura-drone-2025/ros2_ws/src/hover_controller/build/p2p_interfaces
[1.252s] Invoked command in '/home/uav/ura-drone-2025/ros2_ws/src/hover_controller/build/p2p_interfaces' returned '0': /usr/bin/cmake /home/uav/ura-drone-2025/ros2_ws/src/hover_controller/p2p_interfaces -DCATKIN_INSTALL_INTO_PREFIX_ROOT=0 -DCATKIN_SYMLINK_INSTALL=ON -DCMAKE_INSTALL_PREFIX=/home/uav/ura-drone-2025/ros2_ws/src/hover_controller/install/p2p_interfaces
[1.253s] Invoking command in '/home/uav/ura-drone-2025/ros2_ws/src/hover_controller/build/p2p_interfaces': /usr/bin/cmake --build /home/uav/ura-drone-2025/ros2_ws/src/hover_controller/build/p2p_interfaces -- -j12 -l12
[1.287s] [  3%] [34m[1mGenerating C code for ROS interfaces[0m
[1.294s] [  6%] [34m[1mGenerating C++ code for ROS interfaces[0m
[1.304s] [  6%] Built target ament_cmake_python_copy_p2p_interfaces
[1.503s] running egg_info
[1.503s] creating p2p_interfaces.egg-info
[1.503s] writing p2p_interfaces.egg-info/PKG-INFO
[1.503s] writing dependency_links to p2p_interfaces.egg-info/dependency_links.txt
[1.503s] writing top-level names to p2p_interfaces.egg-info/top_level.txt
[1.504s] writing manifest file 'p2p_interfaces.egg-info/SOURCES.txt'
[1.505s] reading manifest file 'p2p_interfaces.egg-info/SOURCES.txt'
[1.505s] writing manifest file 'p2p_interfaces.egg-info/SOURCES.txt'
[1.529s] [  6%] Built target ament_cmake_python_build_p2p_interfaces_egg
[1.635s] [  6%] Built target p2p_interfaces__cpp
[1.638s] [  9%] [32mBuilding C object CMakeFiles/p2p_interfaces__rosidl_generator_c.dir/rosidl_generator_c/p2p_interfaces/action/detail/hover_to_point__functions.c.o[0m
[1.642s] [ 12%] [34m[1mGenerating C++ introspection for ROS interfaces[0m
[1.643s] [ 16%] [34m[1mGenerating C++ type support dispatch for ROS interfaces[0m
[1.643s] [ 19%] [34m[1mGenerating C++ type support for eProsima Fast-RTPS[0m
[1.753s] [ 22%] [32m[1mLinking C shared library libp2p_interfaces__rosidl_generator_c.so[0m
[1.788s] [ 22%] Built target p2p_interfaces__rosidl_generator_c
[1.797s] [ 25%] [34m[1mGenerating C type support dispatch for ROS interfaces[0m
[1.799s] [ 32%] [34m[1mGenerating C type support for eProsima Fast-RTPS[0m
[1.799s] [ 32%] [34m[1mGenerating C introspection for ROS interfaces[0m
[1.927s] [ 35%] [32mBuilding CXX object CMakeFiles/p2p_interfaces__rosidl_typesupport_fastrtps_cpp.dir/rosidl_typesupport_fastrtps_cpp/p2p_interfaces/action/detail/dds_fastrtps/hover_to_point__type_support.cpp.o[0m
[1.979s] [ 38%] [32mBuilding CXX object CMakeFiles/p2p_interfaces__rosidl_typesupport_cpp.dir/rosidl_typesupport_cpp/p2p_interfaces/action/hover_to_point__type_support.cpp.o[0m
[2.048s] [ 41%] [32mBuilding CXX object CMakeFiles/p2p_interfaces__rosidl_typesupport_introspection_cpp.dir/rosidl_typesupport_introspection_cpp/p2p_interfaces/action/detail/hover_to_point__type_support.cpp.o[0m
[2.112s] [ 45%] [32mBuilding CXX object CMakeFiles/p2p_interfaces__rosidl_typesupport_c.dir/rosidl_typesupport_c/p2p_interfaces/action/hover_to_point__type_support.cpp.o[0m
[2.131s] [ 48%] [32mBuilding CXX object CMakeFiles/p2p_interfaces__rosidl_typesupport_fastrtps_c.dir/rosidl_typesupport_fastrtps_c/p2p_interfaces/action/detail/hover_to_point__type_support_c.cpp.o[0m
[2.159s] [ 51%] [32m[1mLinking CXX shared library libp2p_interfaces__rosidl_typesupport_c.so[0m
[2.204s] [ 51%] Built target p2p_interfaces__rosidl_typesupport_c
[2.255s] [ 54%] [32mBuilding C object CMakeFiles/p2p_interfaces__rosidl_typesupport_introspection_c.dir/rosidl_typesupport_introspection_c/p2p_interfaces/action/detail/hover_to_point__type_support.c.o[0m
[2.303s] [ 58%] [32m[1mLinking C shared library libp2p_interfaces__rosidl_typesupport_introspection_c.so[0m
[2.336s] [ 58%] Built target p2p_interfaces__rosidl_typesupport_introspection_c
[2.405s] [ 61%] [32m[1mLinking CXX shared library libp2p_interfaces__rosidl_typesupport_fastrtps_c.so[0m
[2.488s] [ 61%] Built target p2p_interfaces__rosidl_typesupport_fastrtps_c
[2.496s] [ 64%] [32m[1mLinking CXX shared library libp2p_interfaces__rosidl_typesupport_introspection_cpp.so[0m
[2.503s] [ 67%] [32m[1mLinking CXX shared library libp2p_interfaces__rosidl_typesupport_cpp.so[0m
[2.537s] [ 70%] [32m[1mLinking CXX shared library libp2p_interfaces__rosidl_typesupport_fastrtps_cpp.so[0m
[2.541s] [ 70%] Built target p2p_interfaces__rosidl_typesupport_cpp
[2.557s] [ 70%] Built target p2p_interfaces__rosidl_typesupport_introspection_cpp
[2.586s] [ 70%] Built target p2p_interfaces__rosidl_typesupport_fastrtps_cpp
[2.601s] [ 70%] Built target p2p_interfaces
[2.616s] [ 74%] [34m[1mGenerating Python code for ROS interfaces[0m
[3.029s] [ 74%] Built target p2p_interfaces__py
[3.046s] [ 77%] [32mBuilding C object CMakeFiles/p2p_interfaces__rosidl_generator_py.dir/rosidl_generator_py/p2p_interfaces/action/_hover_to_point_s.c.o[0m
[3.151s] [ 80%] [32m[1mLinking C shared library rosidl_generator_py/p2p_interfaces/libp2p_interfaces__rosidl_generator_py.so[0m
[3.183s] [ 80%] Built target p2p_interfaces__rosidl_generator_py
[3.198s] [ 83%] [32mBuilding C object CMakeFiles/p2p_interfaces__rosidl_typesupport_introspection_c__pyext.dir/rosidl_generator_py/p2p_interfaces/_p2p_interfaces_s.ep.rosidl_typesupport_introspection_c.c.o[0m
[3.199s] [ 87%] [32mBuilding C object CMakeFiles/p2p_interfaces__rosidl_typesupport_c__pyext.dir/rosidl_generator_py/p2p_interfaces/_p2p_interfaces_s.ep.rosidl_typesupport_c.c.o[0m
[3.199s] [ 90%] [32mBuilding C object CMakeFiles/p2p_interfaces__rosidl_typesupport_fastrtps_c__pyext.dir/rosidl_generator_py/p2p_interfaces/_p2p_interfaces_s.ep.rosidl_typesupport_fastrtps_c.c.o[0m
[3.279s] [ 96%] [32m[1mLinking C shared library rosidl_generator_py/p2p_interfaces/p2p_interfaces_s__rosidl_typesupport_fastrtps_c.cpython-310-x86_64-linux-gnu.so[0m
[3.279s] [ 96%] [32m[1mLinking C shared library rosidl_generator_py/p2p_interfaces/p2p_interfaces_s__rosidl_typesupport_c.cpython-310-x86_64-linux-gnu.so[0m
[3.308s] [ 96%] Built target p2p_interfaces__rosidl_typesupport_c__pyext
[3.308s] [ 96%] Built target p2p_interfaces__rosidl_typesupport_fastrtps_c__pyext
[3.313s] [100%] [32m[1mLinking C shared library rosidl_generator_py/p2p_interfaces/p2p_interfaces_s__rosidl_typesupport_introspection_c.cpython-310-x86_64-linux-gnu.so[0m
[3.349s] [100%] Built target p2p_interfaces__rosidl_typesupport_introspection_c__pyext
[3.358s] Invoked command in '/home/uav/ura-drone-2025/ros2_ws/src/hover_controller/build/p2p_interfaces' returned '0': /usr/bin/cmake --build /home/uav/ura-drone-2025/ros2_ws/src/hover_controller/build/p2p_interfaces -- -j12 -l12
[3.367s] Invoking command in '/home/uav/ura-drone-2025/ros2_ws/src/hover_controller/build/p2p_interfaces': /usr/bin/cmake --install /home/uav/ura-drone-2025/ros2_ws/src/hover_controller/build/p2p_interfaces
[3.371s] -- Install configuration: ""
[3.371s] -- Installing: /home/uav/ura-drone-2025/ros2_ws/src/hover_controller/install/p2p_interfaces/share/ament_index/resource_index/rosidl_interfaces/p2p_interfaces
[3.371s] -- Installing: /home/uav/ura-drone-2025/ros2_ws/src/hover_controller/install/p2p_interfaces/include/p2p_interfaces/p2p_interfaces
[3.371s] -- Installing: /home/uav/ura-drone-2025/ros2_ws/src/hover_controller/install/p2p_interfaces/include/p2p_interfaces/p2p_interfaces/action
[3.371s] -- Installing: /home/uav/ura-drone-2025/ros2_ws/src/hover_controller/install/p2p_interfaces/include/p2p_interfaces/p2p_interfaces/action/hover_to_point.h
[3.371s] -- Installing: /home/uav/ura-drone-2025/ros2_ws/src/hover_controller/install/p2p_interfaces/include/p2p_interfaces/p2p_interfaces/action/detail
[3.372s] -- Installing: /home/uav/ura-drone-2025/ros2_ws/src/hover_controller/install/p2p_interfaces/include/p2p_interfaces/p2p_interfaces/action/detail/hover_to_point__type_support.h
[3.372s] -- Installing: /home/uav/ura-drone-2025/ros2_ws/src/hover_controller/install/p2p_interfaces/include/p2p_interfaces/p2p_interfaces/action/detail/hover_to_point__struct.h
[3.372s] -- Installing: /home/uav/ura-drone-2025/ros2_ws/src/hover_controller/install/p2p_interfaces/include/p2p_interfaces/p2p_interfaces/action/detail/hover_to_point__functions.c
[3.372s] -- Installing: /home/uav/ura-drone-2025/ros2_ws/src/hover_controller/install/p2p_interfaces/include/p2p_interfaces/p2p_interfaces/action/detail/hover_to_point__functions.h
[3.372s] -- Installing: /home/uav/ura-drone-2025/ros2_ws/src/hover_controller/install/p2p_interfaces/include/p2p_interfaces/p2p_interfaces/msg
[3.372s] -- Installing: /home/uav/ura-drone-2025/ros2_ws/src/hover_controller/install/p2p_interfaces/include/p2p_interfaces/p2p_interfaces/msg/rosidl_generator_c__visibility_control.h
[3.372s] -- Installing: /home/uav/ura-drone-2025/ros2_ws/src/hover_controller/install/p2p_interfaces/share/p2p_interfaces/environment/library_path.sh
[3.372s] -- Installing: /home/uav/ura-drone-2025/ros2_ws/src/hover_controller/install/p2p_interfaces/share/p2p_interfaces/environment/library_path.dsv
[3.372s] -- Installing: /home/uav/ura-drone-2025/ros2_ws/src/hover_controller/install/p2p_interfaces/lib/libp2p_interfaces__rosidl_generator_c.so
[3.372s] -- Set runtime path of "/home/uav/ura-drone-2025/ros2_ws/src/hover_controller/install/p2p_interfaces/lib/libp2p_interfaces__rosidl_generator_c.so" to ""
[3.372s] -- Up-to-date: /home/uav/ura-drone-2025/ros2_ws/src/hover_controller/install/p2p_interfaces/include/p2p_interfaces/p2p_interfaces
[3.372s] -- Up-to-date: /home/uav/ura-drone-2025/ros2_ws/src/hover_controller/install/p2p_interfaces/include/p2p_interfaces/p2p_interfaces/action
[3.372s] -- Up-to-date: /home/uav/ura-drone-2025/ros2_ws/src/hover_controller/install/p2p_interfaces/include/p2p_interfaces/p2p_interfaces/action/detail
[3.372s] -- Installing: /home/uav/ura-drone-2025/ros2_ws/src/hover_controller/install/p2p_interfaces/include/p2p_interfaces/p2p_interfaces/action/detail/hover_to_point__rosidl_typesupport_fastrtps_c.h
[3.372s] -- Up-to-date: /home/uav/ura-drone-2025/ros2_ws/src/hover_controller/install/p2p_interfaces/include/p2p_interfaces/p2p_interfaces/msg
[3.373s] -- Installing: /home/uav/ura-drone-2025/ros2_ws/src/hover_controller/install/p2p_interfaces/include/p2p_interfaces/p2p_interfaces/msg/rosidl_typesupport_fastrtps_c__visibility_control.h
[3.373s] -- Installing: /home/uav/ura-drone-2025/ros2_ws/src/hover_controller/install/p2p_interfaces/lib/libp2p_interfaces__rosidl_typesupport_fastrtps_c.so
[3.373s] -- Set runtime path of "/home/uav/ura-drone-2025/ros2_ws/src/hover_controller/install/p2p_interfaces/lib/libp2p_interfaces__rosidl_typesupport_fastrtps_c.so" to ""
[3.373s] -- Up-to-date: /home/uav/ura-drone-2025/ros2_ws/src/hover_controller/install/p2p_interfaces/include/p2p_interfaces/p2p_interfaces
[3.373s] -- Up-to-date: /home/uav/ura-drone-2025/ros2_ws/src/hover_controller/install/p2p_interfaces/include/p2p_interfaces/p2p_interfaces/action
[3.373s] -- Up-to-date: /home/uav/ura-drone-2025/ros2_ws/src/hover_controller/install/p2p_interfaces/include/p2p_interfaces/p2p_interfaces/action/detail
[3.373s] -- Installing: /home/uav/ura-drone-2025/ros2_ws/src/hover_controller/install/p2p_interfaces/include/p2p_interfaces/p2p_interfaces/action/detail/hover_to_point__rosidl_typesupport_introspection_c.h
[3.373s] -- Installing: /home/uav/ura-drone-2025/ros2_ws/src/hover_controller/install/p2p_interfaces/include/p2p_interfaces/p2p_interfaces/action/detail/hover_to_point__type_support.c
[3.373s] -- Up-to-date: /home/uav/ura-drone-2025/ros2_ws/src/hover_controller/install/p2p_interfaces/include/p2p_interfaces/p2p_interfaces/msg
[3.373s] -- Installing: /home/uav/ura-drone-2025/ros2_ws/src/hover_controller/install/p2p_interfaces/include/p2p_interfaces/p2p_interfaces/msg/rosidl_typesupport_introspection_c__visibility_control.h
[3.373s] -- Installing: /home/uav/ura-drone-2025/ros2_ws/src/hover_controller/install/p2p_interfaces/lib/libp2p_interfaces__rosidl_typesupport_introspection_c.so
[3.373s] -- Set runtime path of "/home/uav/ura-drone-2025/ros2_ws/src/hover_controller/install/p2p_interfaces/lib/libp2p_interfaces__rosidl_typesupport_introspection_c.so" to ""
[3.373s] -- Installing: /home/uav/ura-drone-2025/ros2_ws/src/hover_controller/install/p2p_interfaces/lib/libp2p_interfaces__rosidl_typesupport_c.so
[3.373s] -- Set runtime path of "/home/uav/ura-drone-2025/ros2_ws/src/hover_controller/install/p2p_interfaces/lib/libp2p_interfaces__rosidl_typesupport_c.so" to ""
[3.374s] -- Up-to-date: /home/uav/ura-drone-2025/ros2_ws/src/hover_controller/install/p2p_interfaces/include/p2p_interfaces/p2p_interfaces
[3.374s] -- Up-to-date: /home/uav/ura-drone-2025/ros2_ws/src/hover_controller/install/p2p_interfaces/include/p2p_interfaces/p2p_interfaces/action
[3.374s] -- Installing: /home/uav/ura-drone-2025/ros2_ws/src/hover_controller/install/p2p_interfaces/include/p2p_interfaces/p2p_interfaces/action/hover_to_point.hpp
[3.374s] -- Up-to-date: /home/uav/ura-drone-2025/ros2_ws/src/hover_controller/install/p2p_interfaces/include/p2p_interfaces/p2p_interfaces/action/detail
[3.374s] -- Installing: /home/uav/ura-drone-2025/ros2_ws/src/hover_controller/install/p2p_interfaces/include/p2p_interfaces/p2p_interfaces/action/detail/hover_to_point__struct.hpp
[3.374s] -- Installing: /home/uav/ura-drone-2025/ros2_ws/src/hover_controller/install/p2p_interfaces/include/p2p_interfaces/p2p_interfaces/action/detail/hover_to_point__traits.hpp
[3.374s] -- Installing: /home/uav/ura-drone-2025/ros2_ws/src/hover_controller/install/p2p_interfaces/include/p2p_interfaces/p2p_interfaces/action/detail/hover_to_point__type_support.hpp
[3.374s] -- Installing: /home/uav/ura-drone-2025/ros2_ws/src/hover_controller/install/p2p_interfaces/include/p2p_interfaces/p2p_interfaces/action/detail/hover_to_point__builder.hpp
[3.374s] -- Up-to-date: /home/uav/ura-drone-2025/ros2_ws/src/hover_controller/install/p2p_interfaces/include/p2p_interfaces/p2p_interfaces/msg
[3.374s] -- Installing: /home/uav/ura-drone-2025/ros2_ws/src/hover_controller/install/p2p_interfaces/include/p2p_interfaces/p2p_interfaces/msg/rosidl_generator_cpp__visibility_control.hpp
[3.374s] -- Up-to-date: /home/uav/ura-drone-2025/ros2_ws/src/hover_controller/install/p2p_interfaces/include/p2p_interfaces/p2p_interfaces
[3.374s] -- Up-to-date: /home/uav/ura-drone-2025/ros2_ws/src/hover_controller/install/p2p_interfaces/include/p2p_interfaces/p2p_interfaces/action
[3.374s] -- Up-to-date: /home/uav/ura-drone-2025/ros2_ws/src/hover_controller/install/p2p_interfaces/include/p2p_interfaces/p2p_interfaces/action/detail
[3.374s] -- Installing: /home/uav/ura-drone-2025/ros2_ws/src/hover_controller/install/p2p_interfaces/include/p2p_interfaces/p2p_interfaces/action/detail/dds_fastrtps
[3.374s] -- Installing: /home/uav/ura-drone-2025/ros2_ws/src/hover_controller/install/p2p_interfaces/include/p2p_interfaces/p2p_interfaces/action/detail/hover_to_point__rosidl_typesupport_fastrtps_cpp.hpp
[3.374s] -- Up-to-date: /home/uav/ura-drone-2025/ros2_ws/src/hover_controller/install/p2p_interfaces/include/p2p_interfaces/p2p_interfaces/msg
[3.375s] -- Installing: /home/uav/ura-drone-2025/ros2_ws/src/hover_controller/install/p2p_interfaces/include/p2p_interfaces/p2p_interfaces/msg/rosidl_typesupport_fastrtps_cpp__visibility_control.h
[3.375s] -- Installing: /home/uav/ura-drone-2025/ros2_ws/src/hover_controller/install/p2p_interfaces/lib/libp2p_interfaces__rosidl_typesupport_fastrtps_cpp.so
[3.375s] -- Set runtime path of "/home/uav/ura-drone-2025/ros2_ws/src/hover_controller/install/p2p_interfaces/lib/libp2p_interfaces__rosidl_typesupport_fastrtps_cpp.so" to ""
[3.375s] -- Up-to-date: /home/uav/ura-drone-2025/ros2_ws/src/hover_controller/install/p2p_interfaces/include/p2p_interfaces/p2p_interfaces
[3.375s] -- Up-to-date: /home/uav/ura-drone-2025/ros2_ws/src/hover_controller/install/p2p_interfaces/include/p2p_interfaces/p2p_interfaces/action
[3.375s] -- Up-to-date: /home/uav/ura-drone-2025/ros2_ws/src/hover_controller/install/p2p_interfaces/include/p2p_interfaces/p2p_interfaces/action/detail
[3.375s] -- Installing: /home/uav/ura-drone-2025/ros2_ws/src/hover_controller/install/p2p_interfaces/include/p2p_interfaces/p2p_interfaces/action/detail/hover_to_point__type_support.cpp
[3.375s] -- Installing: /home/uav/ura-drone-2025/ros2_ws/src/hover_controller/install/p2p_interfaces/include/p2p_interfaces/p2p_interfaces/action/detail/hover_to_point__rosidl_typesupport_introspection_cpp.hpp
[3.375s] -- Installing: /home/uav/ura-drone-2025/ros2_ws/src/hover_controller/install/p2p_interfaces/lib/libp2p_interfaces__rosidl_typesupport_introspection_cpp.so
[3.375s] -- Set runtime path of "/home/uav/ura-drone-2025/ros2_ws/src/hover_controller/install/p2p_interfaces/lib/libp2p_interfaces__rosidl_typesupport_introspection_cpp.so" to ""
[3.375s] -- Installing: /home/uav/ura-drone-2025/ros2_ws/src/hover_controller/install/p2p_interfaces/lib/libp2p_interfaces__rosidl_typesupport_cpp.so
[3.375s] -- Set runtime path of "/home/uav/ura-drone-2025/ros2_ws/src/hover_controller/install/p2p_interfaces/lib/libp2p_interfaces__rosidl_typesupport_cpp.so" to ""
[3.375s] -- Installing: /home/uav/ura-drone-2025/ros2_ws/src/hover_controller/install/p2p_interfaces/share/p2p_interfaces/environment/pythonpath.sh
[3.375s] -- Installing: /home/uav/ura-drone-2025/ros2_ws/src/hover_controller/install/p2p_interfaces/share/p2p_interfaces/environment/pythonpath.dsv
[3.375s] -- Installing: /home/uav/ura-drone-2025/ros2_ws/src/hover_controller/install/p2p_interfaces/local/lib/python3.10/dist-packages/p2p_interfaces-0.0.1-py3.10.egg-info
[3.376s] -- Installing: /home/uav/ura-drone-2025/ros2_ws/src/hover_controller/install/p2p_interfaces/local/lib/python3.10/dist-packages/p2p_interfaces-0.0.1-py3.10.egg-info/PKG-INFO
[3.376s] -- Installing: /home/uav/ura-drone-2025/ros2_ws/src/hover_controller/install/p2p_interfaces/local/lib/python3.10/dist-packages/p2p_interfaces-0.0.1-py3.10.egg-info/top_level.txt
[3.376s] -- Installing: /home/uav/ura-drone-2025/ros2_ws/src/hover_controller/install/p2p_interfaces/local/lib/python3.10/dist-packages/p2p_interfaces-0.0.1-py3.10.egg-info/SOURCES.txt
[3.376s] -- Installing: /home/uav/ura-drone-2025/ros2_ws/src/hover_controller/install/p2p_interfaces/local/lib/python3.10/dist-packages/p2p_interfaces-0.0.1-py3.10.egg-info/dependency_links.txt
[3.376s] -- Installing: /home/uav/ura-drone-2025/ros2_ws/src/hover_controller/install/p2p_interfaces/local/lib/python3.10/dist-packages/p2p_interfaces
[3.376s] -- Installing: /home/uav/ura-drone-2025/ros2_ws/src/hover_controller/install/p2p_interfaces/local/lib/python3.10/dist-packages/p2p_interfaces/p2p_interfaces_s__rosidl_typesupport_fastrtps_c.cpython-310-x86_64-linux-gnu.so
[3.376s] -- Installing: /home/uav/ura-drone-2025/ros2_ws/src/hover_controller/install/p2p_interfaces/local/lib/python3.10/dist-packages/p2p_interfaces/_p2p_interfaces_s.ep.rosidl_typesupport_c.c
[3.376s] -- Installing: /home/uav/ura-drone-2025/ros2_ws/src/hover_controller/install/p2p_interfaces/local/lib/python3.10/dist-packages/p2p_interfaces/libp2p_interfaces__rosidl_generator_py.so
[3.376s] -- Installing: /home/uav/ura-drone-2025/ros2_ws/src/hover_controller/install/p2p_interfaces/local/lib/python3.10/dist-packages/p2p_interfaces/_p2p_interfaces_s.ep.rosidl_typesupport_introspection_c.c
[3.376s] -- Installing: /home/uav/ura-drone-2025/ros2_ws/src/hover_controller/install/p2p_interfaces/local/lib/python3.10/dist-packages/p2p_interfaces/p2p_interfaces_s__rosidl_typesupport_c.cpython-310-x86_64-linux-gnu.so
[3.376s] -- Installing: /home/uav/ura-drone-2025/ros2_ws/src/hover_controller/install/p2p_interfaces/local/lib/python3.10/dist-packages/p2p_interfaces/_p2p_interfaces_s.ep.rosidl_typesupport_fastrtps_c.c
[3.376s] -- Installing: /home/uav/ura-drone-2025/ros2_ws/src/hover_controller/install/p2p_interfaces/local/lib/python3.10/dist-packages/p2p_interfaces/action
[3.376s] -- Installing: /home/uav/ura-drone-2025/ros2_ws/src/hover_controller/install/p2p_interfaces/local/lib/python3.10/dist-packages/p2p_interfaces/action/_hover_to_point_s.c
[3.376s] -- Installing: /home/uav/ura-drone-2025/ros2_ws/src/hover_controller/install/p2p_interfaces/local/lib/python3.10/dist-packages/p2p_interfaces/action/_hover_to_point.py
[3.376s] -- Installing: /home/uav/ura-drone-2025/ros2_ws/src/hover_controller/install/p2p_interfaces/local/lib/python3.10/dist-packages/p2p_interfaces/action/__init__.py
[3.376s] -- Installing: /home/uav/ura-drone-2025/ros2_ws/src/hover_controller/install/p2p_interfaces/local/lib/python3.10/dist-packages/p2p_interfaces/p2p_interfaces_s__rosidl_typesupport_introspection_c.cpython-310-x86_64-linux-gnu.so
[3.376s] -- Installing: /home/uav/ura-drone-2025/ros2_ws/src/hover_controller/install/p2p_interfaces/local/lib/python3.10/dist-packages/p2p_interfaces/__init__.py
[3.399s] Listing '/home/uav/ura-drone-2025/ros2_ws/src/hover_controller/install/p2p_interfaces/local/lib/python3.10/dist-packages/p2p_interfaces'...
[3.399s] Compiling '/home/uav/ura-drone-2025/ros2_ws/src/hover_controller/install/p2p_interfaces/local/lib/python3.10/dist-packages/p2p_interfaces/__init__.py'...
[3.399s] Listing '/home/uav/ura-drone-2025/ros2_ws/src/hover_controller/install/p2p_interfaces/local/lib/python3.10/dist-packages/p2p_interfaces/action'...
[3.399s] Compiling '/home/uav/ura-drone-2025/ros2_ws/src/hover_controller/install/p2p_interfaces/local/lib/python3.10/dist-packages/p2p_interfaces/action/__init__.py'...
[3.399s] Compiling '/home/uav/ura-drone-2025/ros2_ws/src/hover_controller/install/p2p_interfaces/local/lib/python3.10/dist-packages/p2p_interfaces/action/_hover_to_point.py'...
[3.402s] -- Installing: /home/uav/ura-drone-2025/ros2_ws/src/hover_controller/install/p2p_interfaces/local/lib/python3.10/dist-packages/p2p_interfaces/p2p_interfaces_s__rosidl_typesupport_fastrtps_c.cpython-310-x86_64-linux-gnu.so
[3.402s] -- Set runtime path of "/home/uav/ura-drone-2025/ros2_ws/src/hover_controller/install/p2p_interfaces/local/lib/python3.10/dist-packages/p2p_interfaces/p2p_interfaces_s__rosidl_typesupport_fastrtps_c.cpython-310-x86_64-linux-gnu.so" to ""
[3.403s] -- Installing: /home/uav/ura-drone-2025/ros2_ws/src/hover_controller/install/p2p_interfaces/local/lib/python3.10/dist-packages/p2p_interfaces/p2p_interfaces_s__rosidl_typesupport_introspection_c.cpython-310-x86_64-linux-gnu.so
[3.403s] -- Set runtime path of "/home/uav/ura-drone-2025/ros2_ws/src/hover_controller/install/p2p_interfaces/local/lib/python3.10/dist-packages/p2p_interfaces/p2p_interfaces_s__rosidl_typesupport_introspection_c.cpython-310-x86_64-linux-gnu.so" to ""
[3.403s] -- Installing: /home/uav/ura-drone-2025/ros2_ws/src/hover_controller/install/p2p_interfaces/local/lib/python3.10/dist-packages/p2p_interfaces/p2p_interfaces_s__rosidl_typesupport_c.cpython-310-x86_64-linux-gnu.so
[3.403s] -- Set runtime path of "/home/uav/ura-drone-2025/ros2_ws/src/hover_controller/install/p2p_interfaces/local/lib/python3.10/dist-packages/p2p_interfaces/p2p_interfaces_s__rosidl_typesupport_c.cpython-310-x86_64-linux-gnu.so" to ""
[3.403s] -- Installing: /home/uav/ura-drone-2025/ros2_ws/src/hover_controller/install/p2p_interfaces/lib/libp2p_interfaces__rosidl_generator_py.so
[3.404s] -- Set runtime path of "/home/uav/ura-drone-2025/ros2_ws/src/hover_controller/install/p2p_interfaces/lib/libp2p_interfaces__rosidl_generator_py.so" to ""
[3.404s] -- Installing: /home/uav/ura-drone-2025/ros2_ws/src/hover_controller/install/p2p_interfaces/share/p2p_interfaces/action/HoverToPoint.idl
[3.404s] -- Installing: /home/uav/ura-drone-2025/ros2_ws/src/hover_controller/install/p2p_interfaces/share/p2p_interfaces/action/HoverToPoint.action
[3.404s] -- Installing: /home/uav/ura-drone-2025/ros2_ws/src/hover_controller/install/p2p_interfaces/share/ament_index/resource_index/package_run_dependencies/p2p_interfaces
[3.404s] -- Installing: /home/uav/ura-drone-2025/ros2_ws/src/hover_controller/install/p2p_interfaces/share/ament_index/resource_index/parent_prefix_path/p2p_interfaces
[3.404s] -- Installing: /home/uav/ura-drone-2025/ros2_ws/src/hover_controller/install/p2p_interfaces/share/p2p_interfaces/environment/ament_prefix_path.sh
[3.404s] -- Installing: /home/uav/ura-drone-2025/ros2_ws/src/hover_controller/install/p2p_interfaces/share/p2p_interfaces/environment/ament_prefix_path.dsv
[3.404s] -- Installing: /home/uav/ura-drone-2025/ros2_ws/src/hover_controller/install/p2p_interfaces/share/p2p_interfaces/environment/path.sh
[3.404s] -- Installing: /home/uav/ura-drone-2025/ros2_ws/src/hover_controller/install/p2p_interfaces/share/p2p_interfaces/environment/path.dsv
[3.405s] -- Installing: /home/uav/ura-drone-2025/ros2_ws/src/hover_controller/install/p2p_interfaces/share/p2p_interfaces/local_setup.bash
[3.405s] -- Installing: /home/uav/ura-drone-2025/ros2_ws/src/hover_controller/install/p2p_interfaces/share/p2p_interfaces/local_setup.sh
[3.405s] -- Installing: /home/uav/ura-drone-2025/ros2_ws/src/hover_controller/install/p2p_interfaces/share/p2p_interfaces/local_setup.zsh
[3.405s] -- Installing: /home/uav/ura-drone-2025/ros2_ws/src/hover_controller/install/p2p_interfaces/share/p2p_interfaces/local_setup.dsv
[3.405s] -- Installing: /home/uav/ura-drone-2025/ros2_ws/src/hover_controller/install/p2p_interfaces/share/p2p_interfaces/package.dsv
[3.405s] -- Installing: /home/uav/ura-drone-2025/ros2_ws/src/hover_controller/install/p2p_interfaces/share/ament_index/resource_index/packages/p2p_interfaces
[3.405s] -- Installing: /home/uav/ura-drone-2025/ros2_ws/src/hover_controller/install/p2p_interfaces/share/p2p_interfaces/cmake/export_p2p_interfaces__rosidl_generator_cExport.cmake
[3.405s] -- Installing: /home/uav/ura-drone-2025/ros2_ws/src/hover_controller/install/p2p_interfaces/share/p2p_interfaces/cmake/export_p2p_interfaces__rosidl_generator_cExport-noconfig.cmake
[3.406s] -- Installing: /home/uav/ura-drone-2025/ros2_ws/src/hover_controller/install/p2p_interfaces/share/p2p_interfaces/cmake/export_p2p_interfaces__rosidl_typesupport_fastrtps_cExport.cmake
[3.406s] -- Installing: /home/uav/ura-drone-2025/ros2_ws/src/hover_controller/install/p2p_interfaces/share/p2p_interfaces/cmake/export_p2p_interfaces__rosidl_typesupport_fastrtps_cExport-noconfig.cmake
[3.406s] -- Installing: /home/uav/ura-drone-2025/ros2_ws/src/hover_controller/install/p2p_interfaces/share/p2p_interfaces/cmake/p2p_interfaces__rosidl_typesupport_introspection_cExport.cmake
[3.406s] -- Installing: /home/uav/ura-drone-2025/ros2_ws/src/hover_controller/install/p2p_interfaces/share/p2p_interfaces/cmake/p2p_interfaces__rosidl_typesupport_introspection_cExport-noconfig.cmake
[3.406s] -- Installing: /home/uav/ura-drone-2025/ros2_ws/src/hover_controller/install/p2p_interfaces/share/p2p_interfaces/cmake/p2p_interfaces__rosidl_typesupport_cExport.cmake
[3.406s] -- Installing: /home/uav/ura-drone-2025/ros2_ws/src/hover_controller/install/p2p_interfaces/share/p2p_interfaces/cmake/p2p_interfaces__rosidl_typesupport_cExport-noconfig.cmake
[3.406s] -- Installing: /home/uav/ura-drone-2025/ros2_ws/src/hover_controller/install/p2p_interfaces/share/p2p_interfaces/cmake/export_p2p_interfaces__rosidl_generator_cppExport.cmake
[3.406s] -- Installing: /home/uav/ura-drone-2025/ros2_ws/src/hover_controller/install/p2p_interfaces/share/p2p_interfaces/cmake/export_p2p_interfaces__rosidl_typesupport_fastrtps_cppExport.cmake
[3.406s] -- Installing: /home/uav/ura-drone-2025/ros2_ws/src/hover_controller/install/p2p_interfaces/share/p2p_interfaces/cmake/export_p2p_interfaces__rosidl_typesupport_fastrtps_cppExport-noconfig.cmake
[3.406s] -- Installing: /home/uav/ura-drone-2025/ros2_ws/src/hover_controller/install/p2p_interfaces/share/p2p_interfaces/cmake/p2p_interfaces__rosidl_typesupport_introspection_cppExport.cmake
[3.407s] -- Installing: /home/uav/ura-drone-2025/ros2_ws/src/hover_controller/install/p2p_interfaces/share/p2p_interfaces/cmake/p2p_interfaces__rosidl_typesupport_introspection_cppExport-noconfig.cmake
[3.407s] -- Installing: /home/uav/ura-drone-2025/ros2_ws/src/hover_controller/install/p2p_interfaces/share/p2p_interfaces/cmake/p2p_interfaces__rosidl_typesupport_cppExport.cmake
[3.407s] -- Installing: /home/uav/ura-drone-2025/ros2_ws/src/hover_controller/install/p2p_interfaces/share/p2p_interfaces/cmake/p2p_interfaces__rosidl_typesupport_cppExport-noconfig.cmake
[3.407s] -- Installing: /home/uav/ura-drone-2025/ros2_ws/src/hover_controller/install/p2p_interfaces/share/p2p_interfaces/cmake/export_p2p_interfaces__rosidl_generator_pyExport.cmake
[3.407s] -- Installing: /home/uav/ura-drone-2025/ros2_ws/src/hover_controller/install/p2p_interfaces/share/p2p_interfaces/cmake/export_p2p_interfaces__rosidl_generator_pyExport-noconfig.cmake
[3.407s] -- Installing: /home/uav/ura-drone-2025/ros2_ws/src/hover_controller/install/p2p_interfaces/share/p2p_interfaces/cmake/rosidl_cmake-extras.cmake
[3.407s] -- Installing: /home/uav/ura-drone-2025/ros2_ws/src/hover_controller/install/p2p_interfaces/share/p2p_interfaces/cmake/ament_cmake_export_dependencies-extras.cmake
[3.407s] -- Installing: /home/uav/ura-drone-2025/ros2_ws/src/hover_controller/install/p2p_interfaces/share/p2p_interfaces/cmake/ament_cmake_export_include_directories-extras.cmake
[3.407s] -- Installing: /home/uav/ura-drone-2025/ros2_ws/src/hover_controller/install/p2p_interfaces/share/p2p_interfaces/cmake/ament_cmake_export_libraries-extras.cmake
[3.408s] -- Installing: /home/uav/ura-drone-2025/ros2_ws/src/hover_controller/install/p2p_interfaces/share/p2p_interfaces/cmake/ament_cmake_export_targets-extras.cmake
[3.408s] -- Installing: /home/uav/ura-drone-2025/ros2_ws/src/hover_controller/install/p2p_interfaces/share/p2p_interfaces/cmake/rosidl_cmake_export_typesupport_targets-extras.cmake
[3.408s] -- Installing: /home/uav/ura-drone-2025/ros2_ws/src/hover_controller/install/p2p_interfaces/share/p2p_interfaces/cmake/rosidl_cmake_export_typesupport_libraries-extras.cmake
[3.408s] -- Installing: /home/uav/ura-drone-2025/ros2_ws/src/hover_controller/install/p2p_interfaces/share/p2p_interfaces/cmake/p2p_interfacesConfig.cmake
[3.408s] -- Installing: /home/uav/ura-drone-2025/ros2_ws/src/hover_controller/install/p2p_interfaces/share/p2p_interfaces/cmake/p2p_interfacesConfig-version.cmake
[3.408s] -- Installing: /home/uav/ura-drone-2025/ros2_ws/src/hover_controller/install/p2p_interfaces/share/p2p_interfaces/package.xml
[3.410s] Invoked command in '/home/uav/ura-drone-2025/ros2_ws/src/hover_controller/build/p2p_interfaces' returned '0': /usr/bin/cmake --install /home/uav/ura-drone-2025/ros2_ws/src/hover_controller/build/p2p_interfaces
