[0.382s] Invoking command in '/home/uav/ura-drone-2025/ros2_ws/build/crazyflie_sim': CMAKE_PREFIX_PATH=/home/uav/ura-drone-2025/ros2_ws/install/crazyflie_interfaces:/home/uav/ura-drone-2025/ros2_ws/install/crazyflie_sim:/home/uav/ura-drone-2025/ros2_ws/install/crazyflie_examples:/home/uav/ura-drone-2025/ros2_ws/install/crazyflie:/home/uav/ura-drone-2025/ros2_ws/install/p2p_controller:/home/uav/ura-drone-2025/ros2_ws/install/crazyflie_py:/opt/ros/humble /usr/bin/cmake /home/uav/ura-drone-2025/ros2_ws/src/crazyswarm2/crazyflie_sim -DAMENT_CMAKE_SYMLINK_INSTALL=1 -DCMAKE_INSTALL_PREFIX=/home/uav/ura-drone-2025/ros2_ws/install/crazyflie_sim
[0.453s] -- The C compiler identification is GNU 11.4.0
[0.546s] -- The CXX compiler identification is GNU 11.4.0
[0.557s] -- Detecting C compiler ABI info
[0.678s] -- Detecting C compiler ABI info - done
[0.694s] -- Check for working C compiler: /usr/bin/cc - skipped
[0.695s] -- Detecting C compile features
[0.696s] -- Detecting C compile features - done
[0.701s] -- Detecting CXX compiler ABI info
[0.834s] -- Detecting CXX compiler ABI info - done
[0.848s] -- Check for working CXX compiler: /usr/bin/c++ - skipped
[0.848s] -- Detecting CXX compile features
[0.849s] -- Detecting CXX compile features - done
[0.852s] -- Found ament_cmake: 1.3.12 (/opt/ros/humble/share/ament_cmake/cmake)
[1.185s] -- Found Python3: /usr/bin/python3 (found version "3.10.12") found components: Interpreter 
[1.318s] -- Override CMake install command with custom implementation using symlinks instead of copying resources
[1.515s] -- Found ament_cmake_pytest: 1.3.12 (/opt/ros/humble/share/ament_cmake_pytest/cmake)
[3.864s] -- Configuring done
[3.893s] -- Generating done
[3.903s] -- Build files have been written to: /home/uav/ura-drone-2025/ros2_ws/build/crazyflie_sim
[3.920s] Invoked command in '/home/uav/ura-drone-2025/ros2_ws/build/crazyflie_sim' returned '0': CMAKE_PREFIX_PATH=/home/uav/ura-drone-2025/ros2_ws/install/crazyflie_interfaces:/home/uav/ura-drone-2025/ros2_ws/install/crazyflie_sim:/home/uav/ura-drone-2025/ros2_ws/install/crazyflie_examples:/home/uav/ura-drone-2025/ros2_ws/install/crazyflie:/home/uav/ura-drone-2025/ros2_ws/install/p2p_controller:/home/uav/ura-drone-2025/ros2_ws/install/crazyflie_py:/opt/ros/humble /usr/bin/cmake /home/uav/ura-drone-2025/ros2_ws/src/crazyswarm2/crazyflie_sim -DAMENT_CMAKE_SYMLINK_INSTALL=1 -DCMAKE_INSTALL_PREFIX=/home/uav/ura-drone-2025/ros2_ws/install/crazyflie_sim
[3.928s] Invoking command in '/home/uav/ura-drone-2025/ros2_ws/build/crazyflie_sim': CMAKE_PREFIX_PATH=/home/uav/ura-drone-2025/ros2_ws/install/crazyflie_interfaces:/home/uav/ura-drone-2025/ros2_ws/install/crazyflie_sim:/home/uav/ura-drone-2025/ros2_ws/install/crazyflie_examples:/home/uav/ura-drone-2025/ros2_ws/install/crazyflie:/home/uav/ura-drone-2025/ros2_ws/install/p2p_controller:/home/uav/ura-drone-2025/ros2_ws/install/crazyflie_py:/opt/ros/humble /usr/bin/cmake --build /home/uav/ura-drone-2025/ros2_ws/build/crazyflie_sim -- -j12 -l12
[4.172s] Built target ament_cmake_python_symlink_crazyflie_sim
[4.208s] Built target ament_cmake_python_symlink_crazyflie_sim_setup
[5.604s] running install_scripts
[5.695s] running egg_info
[5.698s] creating crazyflie_sim.egg-info
[5.699s] writing crazyflie_sim.egg-info/PKG-INFO
[5.701s] writing dependency_links to crazyflie_sim.egg-info/dependency_links.txt
[5.701s] writing entry points to crazyflie_sim.egg-info/entry_points.txt
[5.702s] writing top-level names to crazyflie_sim.egg-info/top_level.txt
[5.702s] writing manifest file 'crazyflie_sim.egg-info/SOURCES.txt'
[5.710s] reading manifest file 'crazyflie_sim.egg-info/SOURCES.txt'
[5.716s] writing manifest file 'crazyflie_sim.egg-info/SOURCES.txt'
[5.718s] Installing crazyflie_server script to scripts
[5.849s] running egg_info
[5.854s] writing crazyflie_sim.egg-info/PKG-INFO
[5.855s] writing dependency_links to crazyflie_sim.egg-info/dependency_links.txt
[5.855s] Built target ament_cmake_python_build_crazyflie_sim_scripts
[5.855s] writing entry points to crazyflie_sim.egg-info/entry_points.txt
[5.858s] writing top-level names to crazyflie_sim.egg-info/top_level.txt
[5.868s] reading manifest file 'crazyflie_sim.egg-info/SOURCES.txt'
[5.871s] writing manifest file 'crazyflie_sim.egg-info/SOURCES.txt'
[5.997s] Built target ament_cmake_python_build_crazyflie_sim_egg
[6.039s] Invoked command in '/home/uav/ura-drone-2025/ros2_ws/build/crazyflie_sim' returned '0': CMAKE_PREFIX_PATH=/home/uav/ura-drone-2025/ros2_ws/install/crazyflie_interfaces:/home/uav/ura-drone-2025/ros2_ws/install/crazyflie_sim:/home/uav/ura-drone-2025/ros2_ws/install/crazyflie_examples:/home/uav/ura-drone-2025/ros2_ws/install/crazyflie:/home/uav/ura-drone-2025/ros2_ws/install/p2p_controller:/home/uav/ura-drone-2025/ros2_ws/install/crazyflie_py:/opt/ros/humble /usr/bin/cmake --build /home/uav/ura-drone-2025/ros2_ws/build/crazyflie_sim -- -j12 -l12
[6.042s] Invoking command in '/home/uav/ura-drone-2025/ros2_ws/build/crazyflie_sim': CMAKE_PREFIX_PATH=/home/uav/ura-drone-2025/ros2_ws/install/crazyflie_interfaces:/home/uav/ura-drone-2025/ros2_ws/install/crazyflie_sim:/home/uav/ura-drone-2025/ros2_ws/install/crazyflie_examples:/home/uav/ura-drone-2025/ros2_ws/install/crazyflie:/home/uav/ura-drone-2025/ros2_ws/install/p2p_controller:/home/uav/ura-drone-2025/ros2_ws/install/crazyflie_py:/opt/ros/humble /usr/bin/cmake --install /home/uav/ura-drone-2025/ros2_ws/build/crazyflie_sim
[6.059s] -- Install configuration: ""
[6.064s] -- Execute custom install script
[6.064s] -- Symlinking: /home/uav/ura-drone-2025/ros2_ws/install/crazyflie_sim/share/crazyflie_sim/environment/pythonpath.sh
[6.090s] -- Symlinking: /home/uav/ura-drone-2025/ros2_ws/install/crazyflie_sim/share/crazyflie_sim/environment/pythonpath.dsv
[6.122s] -- Symlinking: /home/uav/ura-drone-2025/ros2_ws/install/crazyflie_sim/local/lib/python3.10/dist-packages/crazyflie_sim-1.0.3-py3.10.egg-info/PKG-INFO
[6.153s] -- Symlinking: /home/uav/ura-drone-2025/ros2_ws/install/crazyflie_sim/local/lib/python3.10/dist-packages/crazyflie_sim-1.0.3-py3.10.egg-info/SOURCES.txt
[6.183s] -- Symlinking: /home/uav/ura-drone-2025/ros2_ws/install/crazyflie_sim/local/lib/python3.10/dist-packages/crazyflie_sim-1.0.3-py3.10.egg-info/dependency_links.txt
[6.219s] -- Symlinking: /home/uav/ura-drone-2025/ros2_ws/install/crazyflie_sim/local/lib/python3.10/dist-packages/crazyflie_sim-1.0.3-py3.10.egg-info/entry_points.txt
[6.247s] -- Symlinking: /home/uav/ura-drone-2025/ros2_ws/install/crazyflie_sim/local/lib/python3.10/dist-packages/crazyflie_sim-1.0.3-py3.10.egg-info/top_level.txt
[6.284s] -- Symlinking: /home/uav/ura-drone-2025/ros2_ws/install/crazyflie_sim/lib/crazyflie_sim//crazyflie_server
[6.316s] -- Symlinking: /home/uav/ura-drone-2025/ros2_ws/install/crazyflie_sim/local/lib/python3.10/dist-packages/crazyflie_sim/__init__.py
[6.343s] -- Symlinking: /home/uav/ura-drone-2025/ros2_ws/install/crazyflie_sim/local/lib/python3.10/dist-packages/crazyflie_sim/backend/data/dynobench/crazyflie2.yaml
[6.367s] -- Symlinking: /home/uav/ura-drone-2025/ros2_ws/install/crazyflie_sim/local/lib/python3.10/dist-packages/crazyflie_sim/backend/data/neuralswarm2/phi_G.pth
[6.394s] -- Symlinking: /home/uav/ura-drone-2025/ros2_ws/install/crazyflie_sim/local/lib/python3.10/dist-packages/crazyflie_sim/backend/data/neuralswarm2/phi_L.pth
[6.430s] -- Symlinking: /home/uav/ura-drone-2025/ros2_ws/install/crazyflie_sim/local/lib/python3.10/dist-packages/crazyflie_sim/backend/data/neuralswarm2/phi_S.pth
[6.461s] -- Symlinking: /home/uav/ura-drone-2025/ros2_ws/install/crazyflie_sim/local/lib/python3.10/dist-packages/crazyflie_sim/backend/data/neuralswarm2/rho_L.pth
[6.497s] -- Symlinking: /home/uav/ura-drone-2025/ros2_ws/install/crazyflie_sim/local/lib/python3.10/dist-packages/crazyflie_sim/backend/data/neuralswarm2/rho_S.pth
[6.534s] -- Symlinking: /home/uav/ura-drone-2025/ros2_ws/install/crazyflie_sim/local/lib/python3.10/dist-packages/crazyflie_sim/backend/data/pinocchio/crazyflie2.urdf
[6.560s] -- Symlinking: /home/uav/ura-drone-2025/ros2_ws/install/crazyflie_sim/local/lib/python3.10/dist-packages/crazyflie_sim/backend/dynobench.py
[6.591s] -- Symlinking: /home/uav/ura-drone-2025/ros2_ws/install/crazyflie_sim/local/lib/python3.10/dist-packages/crazyflie_sim/backend/neuralswarm.py
[6.620s] -- Symlinking: /home/uav/ura-drone-2025/ros2_ws/install/crazyflie_sim/local/lib/python3.10/dist-packages/crazyflie_sim/backend/none.py
[6.649s] -- Symlinking: /home/uav/ura-drone-2025/ros2_ws/install/crazyflie_sim/local/lib/python3.10/dist-packages/crazyflie_sim/backend/np.py
[6.681s] -- Symlinking: /home/uav/ura-drone-2025/ros2_ws/install/crazyflie_sim/local/lib/python3.10/dist-packages/crazyflie_sim/backend/pinocchio.py
[6.709s] -- Symlinking: /home/uav/ura-drone-2025/ros2_ws/install/crazyflie_sim/local/lib/python3.10/dist-packages/crazyflie_sim/crazyflie_server.py
[6.736s] -- Symlinking: /home/uav/ura-drone-2025/ros2_ws/install/crazyflie_sim/local/lib/python3.10/dist-packages/crazyflie_sim/crazyflie_sil.py
[6.767s] -- Symlinking: /home/uav/ura-drone-2025/ros2_ws/install/crazyflie_sim/local/lib/python3.10/dist-packages/crazyflie_sim/sim_data_types.py
[6.798s] -- Symlinking: /home/uav/ura-drone-2025/ros2_ws/install/crazyflie_sim/local/lib/python3.10/dist-packages/crazyflie_sim/visualization/README.md
[6.826s] -- Symlinking: /home/uav/ura-drone-2025/ros2_ws/install/crazyflie_sim/local/lib/python3.10/dist-packages/crazyflie_sim/visualization/blender.py
[6.858s] -- Symlinking: /home/uav/ura-drone-2025/ros2_ws/install/crazyflie_sim/local/lib/python3.10/dist-packages/crazyflie_sim/visualization/data/README.md
[6.886s] -- Symlinking: /home/uav/ura-drone-2025/ros2_ws/install/crazyflie_sim/local/lib/python3.10/dist-packages/crazyflie_sim/visualization/data/env/abandoned_greenhouse.jpg
[6.913s] -- Symlinking: /home/uav/ura-drone-2025/ros2_ws/install/crazyflie_sim/local/lib/python3.10/dist-packages/crazyflie_sim/visualization/data/env/aerodynamics_workshop.jpg
[6.943s] -- Symlinking: /home/uav/ura-drone-2025/ros2_ws/install/crazyflie_sim/local/lib/python3.10/dist-packages/crazyflie_sim/visualization/data/env/aviation_museum.jpg
[6.969s] -- Symlinking: /home/uav/ura-drone-2025/ros2_ws/install/crazyflie_sim/local/lib/python3.10/dist-packages/crazyflie_sim/visualization/data/env/crosswalk.jpg
[6.995s] -- Symlinking: /home/uav/ura-drone-2025/ros2_ws/install/crazyflie_sim/local/lib/python3.10/dist-packages/crazyflie_sim/visualization/data/env/derelict_overpass.jpg
[7.034s] -- Symlinking: /home/uav/ura-drone-2025/ros2_ws/install/crazyflie_sim/local/lib/python3.10/dist-packages/crazyflie_sim/visualization/data/env/env.jpg
[7.064s] -- Symlinking: /home/uav/ura-drone-2025/ros2_ws/install/crazyflie_sim/local/lib/python3.10/dist-packages/crazyflie_sim/visualization/data/env/lago_disola.jpg
[7.086s] -- Symlinking: /home/uav/ura-drone-2025/ros2_ws/install/crazyflie_sim/local/lib/python3.10/dist-packages/crazyflie_sim/visualization/data/env/lake_pier.jpg
[7.115s] -- Symlinking: /home/uav/ura-drone-2025/ros2_ws/install/crazyflie_sim/local/lib/python3.10/dist-packages/crazyflie_sim/visualization/data/env/machine_shop.jpg
[7.141s] -- Symlinking: /home/uav/ura-drone-2025/ros2_ws/install/crazyflie_sim/local/lib/python3.10/dist-packages/crazyflie_sim/visualization/data/env/museumplein.jpg
[7.167s] -- Symlinking: /home/uav/ura-drone-2025/ros2_ws/install/crazyflie_sim/local/lib/python3.10/dist-packages/crazyflie_sim/visualization/data/env/peppermint_powerplant.jpg
[7.193s] -- Symlinking: /home/uav/ura-drone-2025/ros2_ws/install/crazyflie_sim/local/lib/python3.10/dist-packages/crazyflie_sim/visualization/data/env/studio_garden.jpg
[7.223s] -- Symlinking: /home/uav/ura-drone-2025/ros2_ws/install/crazyflie_sim/local/lib/python3.10/dist-packages/crazyflie_sim/visualization/data/model/cf.mtl
[7.252s] -- Symlinking: /home/uav/ura-drone-2025/ros2_ws/install/crazyflie_sim/local/lib/python3.10/dist-packages/crazyflie_sim/visualization/data/model/cf.obj
[7.290s] -- Symlinking: /home/uav/ura-drone-2025/ros2_ws/install/crazyflie_sim/local/lib/python3.10/dist-packages/crazyflie_sim/visualization/pdf.py
[7.354s] -- Symlinking: /home/uav/ura-drone-2025/ros2_ws/install/crazyflie_sim/local/lib/python3.10/dist-packages/crazyflie_sim/visualization/record_states.py
[7.413s] -- Symlinking: /home/uav/ura-drone-2025/ros2_ws/install/crazyflie_sim/local/lib/python3.10/dist-packages/crazyflie_sim/visualization/rviz.py
[7.484s] -- Symlinking: /home/uav/ura-drone-2025/ros2_ws/install/crazyflie_sim/share/ament_index/resource_index/package_run_dependencies/crazyflie_sim
[7.530s] -- Symlinking: /home/uav/ura-drone-2025/ros2_ws/install/crazyflie_sim/share/ament_index/resource_index/parent_prefix_path/crazyflie_sim
[7.580s] -- Symlinking: /home/uav/ura-drone-2025/ros2_ws/install/crazyflie_sim/share/crazyflie_sim/environment/ament_prefix_path.sh
[7.617s] -- Symlinking: /home/uav/ura-drone-2025/ros2_ws/install/crazyflie_sim/share/crazyflie_sim/environment/ament_prefix_path.dsv
[7.658s] -- Symlinking: /home/uav/ura-drone-2025/ros2_ws/install/crazyflie_sim/share/crazyflie_sim/environment/path.sh
[7.702s] -- Symlinking: /home/uav/ura-drone-2025/ros2_ws/install/crazyflie_sim/share/crazyflie_sim/environment/path.dsv
[7.734s] -- Symlinking: /home/uav/ura-drone-2025/ros2_ws/install/crazyflie_sim/share/crazyflie_sim/local_setup.bash
[7.764s] -- Symlinking: /home/uav/ura-drone-2025/ros2_ws/install/crazyflie_sim/share/crazyflie_sim/local_setup.sh
[7.791s] -- Symlinking: /home/uav/ura-drone-2025/ros2_ws/install/crazyflie_sim/share/crazyflie_sim/local_setup.zsh
[7.821s] -- Symlinking: /home/uav/ura-drone-2025/ros2_ws/install/crazyflie_sim/share/crazyflie_sim/local_setup.dsv
[7.852s] -- Symlinking: /home/uav/ura-drone-2025/ros2_ws/install/crazyflie_sim/share/crazyflie_sim/package.dsv
[7.883s] -- Symlinking: /home/uav/ura-drone-2025/ros2_ws/install/crazyflie_sim/share/ament_index/resource_index/packages/crazyflie_sim
[7.913s] -- Symlinking: /home/uav/ura-drone-2025/ros2_ws/install/crazyflie_sim/share/crazyflie_sim/cmake/crazyflie_simConfig.cmake
[7.950s] -- Symlinking: /home/uav/ura-drone-2025/ros2_ws/install/crazyflie_sim/share/crazyflie_sim/cmake/crazyflie_simConfig-version.cmake
[7.981s] -- Symlinking: /home/uav/ura-drone-2025/ros2_ws/install/crazyflie_sim/share/crazyflie_sim/package.xml
[8.222s] Listing '/home/uav/ura-drone-2025/ros2_ws/install/crazyflie_sim/local/lib/python3.10/dist-packages/crazyflie_sim'...
[8.223s] Compiling '/home/uav/ura-drone-2025/ros2_ws/install/crazyflie_sim/local/lib/python3.10/dist-packages/crazyflie_sim/__init__.py'...
[8.223s] Listing '/home/uav/ura-drone-2025/ros2_ws/install/crazyflie_sim/local/lib/python3.10/dist-packages/crazyflie_sim/backend'...
[8.223s] Listing '/home/uav/ura-drone-2025/ros2_ws/install/crazyflie_sim/local/lib/python3.10/dist-packages/crazyflie_sim/backend/data'...
[8.223s] Listing '/home/uav/ura-drone-2025/ros2_ws/install/crazyflie_sim/local/lib/python3.10/dist-packages/crazyflie_sim/backend/data/dynobench'...
[8.224s] Listing '/home/uav/ura-drone-2025/ros2_ws/install/crazyflie_sim/local/lib/python3.10/dist-packages/crazyflie_sim/backend/data/neuralswarm2'...
[8.224s] Listing '/home/uav/ura-drone-2025/ros2_ws/install/crazyflie_sim/local/lib/python3.10/dist-packages/crazyflie_sim/backend/data/pinocchio'...
[8.224s] Compiling '/home/uav/ura-drone-2025/ros2_ws/install/crazyflie_sim/local/lib/python3.10/dist-packages/crazyflie_sim/backend/dynobench.py'...
[8.224s] Compiling '/home/uav/ura-drone-2025/ros2_ws/install/crazyflie_sim/local/lib/python3.10/dist-packages/crazyflie_sim/backend/neuralswarm.py'...
[8.225s] Compiling '/home/uav/ura-drone-2025/ros2_ws/install/crazyflie_sim/local/lib/python3.10/dist-packages/crazyflie_sim/backend/none.py'...
[8.225s] Compiling '/home/uav/ura-drone-2025/ros2_ws/install/crazyflie_sim/local/lib/python3.10/dist-packages/crazyflie_sim/backend/np.py'...
[8.225s] Compiling '/home/uav/ura-drone-2025/ros2_ws/install/crazyflie_sim/local/lib/python3.10/dist-packages/crazyflie_sim/backend/pinocchio.py'...
[8.225s] Compiling '/home/uav/ura-drone-2025/ros2_ws/install/crazyflie_sim/local/lib/python3.10/dist-packages/crazyflie_sim/crazyflie_server.py'...
[8.226s] Compiling '/home/uav/ura-drone-2025/ros2_ws/install/crazyflie_sim/local/lib/python3.10/dist-packages/crazyflie_sim/crazyflie_sil.py'...
[8.226s] Compiling '/home/uav/ura-drone-2025/ros2_ws/install/crazyflie_sim/local/lib/python3.10/dist-packages/crazyflie_sim/sim_data_types.py'...
[8.226s] Listing '/home/uav/ura-drone-2025/ros2_ws/install/crazyflie_sim/local/lib/python3.10/dist-packages/crazyflie_sim/visualization'...
[8.226s] Compiling '/home/uav/ura-drone-2025/ros2_ws/install/crazyflie_sim/local/lib/python3.10/dist-packages/crazyflie_sim/visualization/blender.py'...
[8.227s] Listing '/home/uav/ura-drone-2025/ros2_ws/install/crazyflie_sim/local/lib/python3.10/dist-packages/crazyflie_sim/visualization/data'...
[8.227s] Listing '/home/uav/ura-drone-2025/ros2_ws/install/crazyflie_sim/local/lib/python3.10/dist-packages/crazyflie_sim/visualization/data/env'...
[8.227s] Listing '/home/uav/ura-drone-2025/ros2_ws/install/crazyflie_sim/local/lib/python3.10/dist-packages/crazyflie_sim/visualization/data/model'...
[8.227s] Compiling '/home/uav/ura-drone-2025/ros2_ws/install/crazyflie_sim/local/lib/python3.10/dist-packages/crazyflie_sim/visualization/pdf.py'...
[8.228s] Compiling '/home/uav/ura-drone-2025/ros2_ws/install/crazyflie_sim/local/lib/python3.10/dist-packages/crazyflie_sim/visualization/record_states.py'...
[8.228s] Compiling '/home/uav/ura-drone-2025/ros2_ws/install/crazyflie_sim/local/lib/python3.10/dist-packages/crazyflie_sim/visualization/rviz.py'...
[8.249s] Invoked command in '/home/uav/ura-drone-2025/ros2_ws/build/crazyflie_sim' returned '0': CMAKE_PREFIX_PATH=/home/uav/ura-drone-2025/ros2_ws/install/crazyflie_interfaces:/home/uav/ura-drone-2025/ros2_ws/install/crazyflie_sim:/home/uav/ura-drone-2025/ros2_ws/install/crazyflie_examples:/home/uav/ura-drone-2025/ros2_ws/install/crazyflie:/home/uav/ura-drone-2025/ros2_ws/install/p2p_controller:/home/uav/ura-drone-2025/ros2_ws/install/crazyflie_py:/opt/ros/humble /usr/bin/cmake --install /home/uav/ura-drone-2025/ros2_ws/build/crazyflie_sim
