[0.489s] Invoking command in '/home/uav/ura-drone-2025/ros2_ws/src/hover_controller/build/p2p_controller': CMAKE_PREFIX_PATH=/home/uav/ura-drone-2025/ros2_ws/src/hover_controller/install/p2p_interfaces LD_LIBRARY_PATH=/home/uav/ura-drone-2025/ros2_ws/src/hover_controller/install/p2p_interfaces/lib:${LD_LIBRARY_PATH} PKG_CONFIG_PATH=/home/uav/ura-drone-2025/ros2_ws/src/hover_controller/install/p2p_interfaces/lib/x86_64-linux-gnu/pkgconfig:/home/uav/ura-drone-2025/ros2_ws/src/hover_controller/install/p2p_interfaces/lib/pkgconfig PYTHONPATH=/home/uav/ura-drone-2025/ros2_ws/src/hover_controller/build/p2p_controller/prefix_override:/usr/lib/python3/dist-packages/colcon_core/task/python/colcon_distutils_commands:/home/uav/ura-drone-2025/ros2_ws/src/hover_controller/install/p2p_controller/lib/python3.10/site-packages:/home/uav/ura-drone-2025/ros2_ws/src/hover_controller/install/p2p_interfaces/local/lib/python3.10/dist-packages:${PYTHONPATH} ROS_PACKAGE_PATH=/home/uav/ura-drone-2025/ros2_ws/src/hover_controller/install/p2p_interfaces/share /usr/bin/python3 -W ignore:setup.py install is deprecated -W ignore:easy_install command is deprecated setup.py develop --editable --build-directory /home/uav/ura-drone-2025/ros2_ws/src/hover_controller/build/p2p_controller/build --no-deps symlink_data
[0.656s] running develop
[0.770s] running egg_info
[0.771s] creating p2p_controller.egg-info
[0.771s] writing p2p_controller.egg-info/PKG-INFO
[0.771s] writing dependency_links to p2p_controller.egg-info/dependency_links.txt
[0.771s] writing entry points to p2p_controller.egg-info/entry_points.txt
[0.771s] writing requirements to p2p_controller.egg-info/requires.txt
[0.771s] writing top-level names to p2p_controller.egg-info/top_level.txt
[0.771s] writing manifest file 'p2p_controller.egg-info/SOURCES.txt'
[0.772s] reading manifest file 'p2p_controller.egg-info/SOURCES.txt'
[0.773s] writing manifest file 'p2p_controller.egg-info/SOURCES.txt'
[0.799s] running build_ext
[0.799s] Creating /home/uav/ura-drone-2025/ros2_ws/src/hover_controller/install/p2p_controller/lib/python3.10/site-packages/p2p-controller.egg-link (link to .)
[0.799s] Installing hover_controller script to /home/uav/ura-drone-2025/ros2_ws/src/hover_controller/install/p2p_controller/lib/p2p_controller
[0.799s] 
[0.799s] Installed /home/uav/ura-drone-2025/ros2_ws/src/hover_controller/build/p2p_controller
[0.799s] running symlink_data
[0.800s] creating /home/uav/ura-drone-2025/ros2_ws/src/hover_controller/install/p2p_controller/share/ament_index
[0.800s] creating /home/uav/ura-drone-2025/ros2_ws/src/hover_controller/install/p2p_controller/share/ament_index/resource_index
[0.800s] creating /home/uav/ura-drone-2025/ros2_ws/src/hover_controller/install/p2p_controller/share/ament_index/resource_index/packages
[0.800s] symbolically linking /home/uav/ura-drone-2025/ros2_ws/src/hover_controller/build/p2p_controller/resource/p2p_controller -> /home/uav/ura-drone-2025/ros2_ws/src/hover_controller/install/p2p_controller/share/ament_index/resource_index/packages
[0.800s] symbolically linking /home/uav/ura-drone-2025/ros2_ws/src/hover_controller/build/p2p_controller/package.xml -> /home/uav/ura-drone-2025/ros2_ws/src/hover_controller/install/p2p_controller/share/p2p_controller
[0.826s] Invoked command in '/home/uav/ura-drone-2025/ros2_ws/src/hover_controller/build/p2p_controller' returned '0': CMAKE_PREFIX_PATH=/home/uav/ura-drone-2025/ros2_ws/src/hover_controller/install/p2p_interfaces LD_LIBRARY_PATH=/home/uav/ura-drone-2025/ros2_ws/src/hover_controller/install/p2p_interfaces/lib:${LD_LIBRARY_PATH} PKG_CONFIG_PATH=/home/uav/ura-drone-2025/ros2_ws/src/hover_controller/install/p2p_interfaces/lib/x86_64-linux-gnu/pkgconfig:/home/uav/ura-drone-2025/ros2_ws/src/hover_controller/install/p2p_interfaces/lib/pkgconfig PYTHONPATH=/home/uav/ura-drone-2025/ros2_ws/src/hover_controller/build/p2p_controller/prefix_override:/usr/lib/python3/dist-packages/colcon_core/task/python/colcon_distutils_commands:/home/uav/ura-drone-2025/ros2_ws/src/hover_controller/install/p2p_controller/lib/python3.10/site-packages:/home/uav/ura-drone-2025/ros2_ws/src/hover_controller/install/p2p_interfaces/local/lib/python3.10/dist-packages:${PYTHONPATH} ROS_PACKAGE_PATH=/home/uav/ura-drone-2025/ros2_ws/src/hover_controller/install/p2p_interfaces/share /usr/bin/python3 -W ignore:setup.py install is deprecated -W ignore:easy_install command is deprecated setup.py develop --editable --build-directory /home/uav/ura-drone-2025/ros2_ws/src/hover_controller/build/p2p_controller/build --no-deps symlink_data
